#
# There is insufficient memory for the Java Runtime Environment to continue.
# Native memory allocation (malloc) failed to allocate 1847488 bytes for Chunk::new
# Possible reasons:
#   The system is out of physical RAM or swap space
#   The process is running with CompressedOops enabled, and the Java Heap may be blocking the growth of the native heap
# Possible solutions:
#   Reduce memory load on the system
#   Increase physical memory or swap space
#   Check if swap backing store is full
#   Decrease Java heap size (-Xmx/-Xms)
#   Decrease number of Java threads
#   Decrease Java thread stack sizes (-Xss)
#   Set larger code cache with -XX:ReservedCodeCacheSize=
#   JVM is running with Unscaled Compressed Oops mode in which the Java heap is
#     placed in the first 4GB address space. The Java Heap base address is the
#     maximum limit for the native heap growth. Please use -XX:HeapBaseMinAddress
#     to set the Java Heap base and to place the Java Heap above 4GB virtual address.
# This output file may be truncated or incomplete.
#
#  Out of Memory Error (arena.cpp:168), pid=33304, tid=19208
#
# JRE version: Java(TM) SE Runtime Environment (21.0.5+9) (build 21.0.5+9-LTS-239)
# Java VM: Java HotSpot(TM) 64-Bit Server VM (21.0.5+9-LTS-239, mixed mode, sharing, tiered, compressed oops, compressed class ptrs, g1 gc, windows-amd64)
# No core dump will be written. Minidumps are not enabled by default on client versions of Windows
#

---------------  S U M M A R Y ------------

Command Line: -XX:+ShowCodeDetailsInExceptionMessages com.example.FacebookCloneBE.FacebookCloneBeApplication

Host: 11th Gen Intel(R) Core(TM) i7-1165G7 @ 2.80GHz, 8 cores, 7G,  Windows 11 , 64 bit Build 26100 (10.0.26100.3775)
Time: Wed May  7 00:28:05 2025 SE Asia Standard Time elapsed time: 266.075356 seconds (0d 0h 4m 26s)

---------------  T H R E A D  ---------------

Current thread (0x000002150f7d9f00):  JavaThread "C2 CompilerThread0" daemon [_thread_in_native, id=19208, stack(0x00000018c4700000,0x00000018c4800000) (1024K)]


Current CompileTask:
C2: 266075 15324       4       com.mysql.cj.QueryInfo::<init> (1667 bytes)

Stack: [0x00000018c4700000,0x00000018c4800000]
Native frames: (J=compiled Java code, j=interpreted, Vv=VM code, C=native code)
V  [jvm.dll+0x6ca289]
V  [jvm.dll+0x854a51]
V  [jvm.dll+0x856f7e]
V  [jvm.dll+0x857653]
V  [jvm.dll+0x27dd26]
V  [jvm.dll+0xc4c2d]
V  [jvm.dll+0xc5163]
V  [jvm.dll+0x3b4d3c]
V  [jvm.dll+0x3814b5]
V  [jvm.dll+0x38092a]
V  [jvm.dll+0x246910]
V  [jvm.dll+0x245eef]
V  [jvm.dll+0x1c6d0e]
V  [jvm.dll+0x2554d9]
V  [jvm.dll+0x253a6a]
V  [jvm.dll+0x3ee136]
V  [jvm.dll+0x7fee9b]
V  [jvm.dll+0x6c896d]
C  [ucrtbase.dll+0x37b0]
C  [KERNEL32.DLL+0x2e8d7]
C  [ntdll.dll+0xb14fc]


---------------  P R O C E S S  ---------------

Threads class SMR info:
_java_thread_list=0x0000021562d26fa0, length=31, elements={
0x000002150f7b4090, 0x000002150f7b46f0, 0x000002150f7b9750, 0x000002150f7bb560,
0x000002150f7bbfb0, 0x000002150f7bf020, 0x000002150f7d9f00, 0x000002150f7da9e0,
0x000002150f96bd80, 0x000002150f96c7f0, 0x0000021557062e70, 0x0000021557721510,
0x0000021557727290, 0x000002150f87c320, 0x0000021558364960, 0x0000021556976db0,
0x0000021558694170, 0x0000021558692dc0, 0x0000021558693450, 0x0000021558691380,
0x000002155f159830, 0x00000215587dca60, 0x00000215587dde10, 0x00000215587deb30,
0x000002155eca9c80, 0x000002155ecab030, 0x000002155ecaca70, 0x000002155ecaa9a0,
0x000002155ecaa310, 0x000002155ecabd50, 0x000002155ecb0c10
}

Java Threads: ( => current thread )
  0x000002150f7b4090 JavaThread "Reference Handler"          daemon [_thread_blocked, id=11484, stack(0x00000018c4100000,0x00000018c4200000) (1024K)]
  0x000002150f7b46f0 JavaThread "Finalizer"                  daemon [_thread_blocked, id=24520, stack(0x00000018c4200000,0x00000018c4300000) (1024K)]
  0x000002150f7b9750 JavaThread "Signal Dispatcher"          daemon [_thread_blocked, id=26312, stack(0x00000018c4300000,0x00000018c4400000) (1024K)]
  0x000002150f7bb560 JavaThread "Attach Listener"            daemon [_thread_blocked, id=11788, stack(0x00000018c4400000,0x00000018c4500000) (1024K)]
  0x000002150f7bbfb0 JavaThread "Service Thread"             daemon [_thread_blocked, id=22556, stack(0x00000018c4500000,0x00000018c4600000) (1024K)]
  0x000002150f7bf020 JavaThread "Monitor Deflation Thread"   daemon [_thread_blocked, id=30760, stack(0x00000018c4600000,0x00000018c4700000) (1024K)]
=>0x000002150f7d9f00 JavaThread "C2 CompilerThread0"         daemon [_thread_in_native, id=19208, stack(0x00000018c4700000,0x00000018c4800000) (1024K)]
  0x000002150f7da9e0 JavaThread "C1 CompilerThread0"         daemon [_thread_blocked, id=17812, stack(0x00000018c4800000,0x00000018c4900000) (1024K)]
  0x000002150f96bd80 JavaThread "Notification Thread"        daemon [_thread_blocked, id=35980, stack(0x00000018c4900000,0x00000018c4a00000) (1024K)]
  0x000002150f96c7f0 JavaThread "Common-Cleaner"             daemon [_thread_blocked, id=30096, stack(0x00000018c4a00000,0x00000018c4b00000) (1024K)]
  0x0000021557062e70 JavaThread "Catalina-utility-1"                [_thread_blocked, id=33548, stack(0x00000018c4b00000,0x00000018c4c00000) (1024K)]
  0x0000021557721510 JavaThread "Catalina-utility-2"                [_thread_blocked, id=34616, stack(0x00000018c5400000,0x00000018c5500000) (1024K)]
  0x0000021557727290 JavaThread "container-0"                       [_thread_blocked, id=11984, stack(0x00000018c5500000,0x00000018c5600000) (1024K)]
  0x000002150f87c320 JavaThread "mysql-cj-abandoned-connection-cleanup" daemon [_thread_blocked, id=23788, stack(0x00000018c5600000,0x00000018c5700000) (1024K)]
  0x0000021558364960 JavaThread "HikariPool-1 housekeeper"   daemon [_thread_blocked, id=25608, stack(0x00000018c5800000,0x00000018c5900000) (1024K)]
  0x0000021556976db0 JavaThread "MessageBroker-1"                   [_thread_blocked, id=2028, stack(0x00000018c5a00000,0x00000018c5b00000) (1024K)]
  0x0000021558694170 JavaThread "http-nio-8080-Poller"       daemon [_thread_in_native, id=29748, stack(0x00000018c6500000,0x00000018c6600000) (1024K)]
  0x0000021558692dc0 JavaThread "http-nio-8080-Acceptor"     daemon [_thread_in_native, id=6252, stack(0x00000018c6600000,0x00000018c6700000) (1024K)]
  0x0000021558693450 JavaThread "DestroyJavaVM"                     [_thread_blocked, id=35796, stack(0x00000018c3900000,0x00000018c3a00000) (1024K)]
  0x0000021558691380 JavaThread "WebSocket background processing" daemon [_thread_blocked, id=18804, stack(0x00000018c5900000,0x00000018c5a00000) (1024K)]
  0x000002155f159830 JavaThread "http-nio-8080-exec-11"      daemon [_thread_blocked, id=30084, stack(0x00000018c8600000,0x00000018c8700000) (1024K)]
  0x00000215587dca60 JavaThread "http-nio-8080-exec-44"      daemon [_thread_blocked, id=35844, stack(0x00000018ca900000,0x00000018caa00000) (1024K)]
  0x00000215587dde10 JavaThread "http-nio-8080-exec-48"      daemon [_thread_blocked, id=6136, stack(0x00000018cad00000,0x00000018cae00000) (1024K)]
  0x00000215587deb30 JavaThread "http-nio-8080-exec-49"      daemon [_thread_blocked, id=25292, stack(0x00000018cae00000,0x00000018caf00000) (1024K)]
  0x000002155eca9c80 JavaThread "http-nio-8080-exec-50"      daemon [_thread_blocked, id=5388, stack(0x00000018caf00000,0x00000018cb000000) (1024K)]
  0x000002155ecab030 JavaThread "http-nio-8080-exec-51"      daemon [_thread_blocked, id=29428, stack(0x00000018cb000000,0x00000018cb100000) (1024K)]
  0x000002155ecaca70 JavaThread "http-nio-8080-exec-52"      daemon [_thread_blocked, id=25844, stack(0x00000018cb100000,0x00000018cb200000) (1024K)]
  0x000002155ecaa9a0 JavaThread "http-nio-8080-exec-53"      daemon [_thread_blocked, id=11104, stack(0x00000018cb200000,0x00000018cb300000) (1024K)]
  0x000002155ecaa310 JavaThread "http-nio-8080-exec-54"      daemon [_thread_blocked, id=20908, stack(0x00000018cb300000,0x00000018cb400000) (1024K)]
  0x000002155ecabd50 JavaThread "http-nio-8080-exec-55"      daemon [_thread_blocked, id=24132, stack(0x00000018cb400000,0x00000018cb500000) (1024K)]
  0x000002155ecb0c10 JavaThread "MessageBroker-2"                   [_thread_blocked, id=30100, stack(0x00000018c3700000,0x00000018c3800000) (1024K)]
Total: 31

Other Threads:
  0x000002157ff29730 VMThread "VM Thread"                           [id=11464, stack(0x00000018c4000000,0x00000018c4100000) (1024K)]
  0x000002157ff19a20 WatcherThread "VM Periodic Task Thread"        [id=34416, stack(0x00000018c3f00000,0x00000018c4000000) (1024K)]
  0x0000021572d4c6c0 WorkerThread "GC Thread#0"                     [id=6776, stack(0x00000018c3a00000,0x00000018c3b00000) (1024K)]
  0x000002157ff29390 WorkerThread "GC Thread#1"                     [id=19412, stack(0x00000018c4c00000,0x00000018c4d00000) (1024K)]
  0x000002157ff29ad0 WorkerThread "GC Thread#2"                     [id=17156, stack(0x00000018c4d00000,0x00000018c4e00000) (1024K)]
  0x000002157ff29e70 WorkerThread "GC Thread#3"                     [id=10100, stack(0x00000018c4e00000,0x00000018c4f00000) (1024K)]
  0x000002157ff2a210 WorkerThread "GC Thread#4"                     [id=33400, stack(0x00000018c4f00000,0x00000018c5000000) (1024K)]
  0x000002157ff288b0 WorkerThread "GC Thread#5"                     [id=32460, stack(0x00000018c5000000,0x00000018c5100000) (1024K)]
  0x0000021555c60860 WorkerThread "GC Thread#6"                     [id=2076, stack(0x00000018c5200000,0x00000018c5300000) (1024K)]
  0x0000021555c61e20 WorkerThread "GC Thread#7"                     [id=14132, stack(0x00000018c5300000,0x00000018c5400000) (1024K)]
  0x0000021572d7a520 ConcurrentGCThread "G1 Main Marker"            [id=10820, stack(0x00000018c3b00000,0x00000018c3c00000) (1024K)]
  0x0000021572d7d5e0 WorkerThread "G1 Conc#0"                       [id=36072, stack(0x00000018c3c00000,0x00000018c3d00000) (1024K)]
  0x0000021555c62560 WorkerThread "G1 Conc#1"                       [id=8700, stack(0x00000018c5100000,0x00000018c5200000) (1024K)]
  0x000002157fded940 ConcurrentGCThread "G1 Refine#0"               [id=7372, stack(0x00000018c3d00000,0x00000018c3e00000) (1024K)]
  0x000002157fdefdf0 ConcurrentGCThread "G1 Service"                [id=26560, stack(0x00000018c3e00000,0x00000018c3f00000) (1024K)]
Total: 15

Threads with active compile tasks:
C2 CompilerThread0   266136 15324       4       com.mysql.cj.QueryInfo::<init> (1667 bytes)
Total: 1

VM state: not at safepoint (normal execution)

VM Mutex/Monitor currently owned by a thread: None

Heap address: 0x0000000084c00000, size: 1972 MB, Compressed Oops mode: 32-bit

CDS archive(s) mapped at: [0x0000021510000000-0x0000021510c90000-0x0000021510c90000), size 13172736, SharedBaseAddress: 0x0000021510000000, ArchiveRelocationMode: 1.
Compressed class space mapped at: 0x0000021511000000-0x0000021551000000, reserved size: 1073741824
Narrow klass base: 0x0000021510000000, Narrow klass shift: 0, Narrow klass range: 0x100000000

GC Precious Log:
 CardTable entry size: 512
 Card Set container configuration: InlinePtr #cards 5 size 8 Array Of Cards #cards 12 size 40 Howl #buckets 4 coarsen threshold 1843 Howl Bitmap #cards 512 size 80 coarsen threshold 460 Card regions per heap region 1 cards per card region 2048
 CPUs: 8 total, 8 available
 Memory: 7886M
 Large Page Support: Disabled
 NUMA Support: Disabled
 Compressed Oops: Enabled (32-bit)
 Heap Region Size: 1M
 Heap Min Capacity: 8M
 Heap Initial Capacity: 124M
 Heap Max Capacity: 1972M
 Pre-touch: Disabled
 Parallel Workers: 8
 Concurrent Workers: 2
 Concurrent Refinement Workers: 8
 Periodic GC: Disabled

Heap:
 garbage-first heap   total 185344K, used 108122K [0x0000000084c00000, 0x0000000100000000)
  region size 1024K, 28 young (28672K), 7 survivors (7168K)
 Metaspace       used 95557K, committed 96512K, reserved 1179648K
  class space    used 12706K, committed 13184K, reserved 1048576K

Heap Regions: E=young(eden), S=young(survivor), O=old, HS=humongous(starts), HC=humongous(continues), CS=collection set, F=free, TAMS=top-at-mark-start, PB=parsable bottom
|   0|0x0000000084c00000, 0x0000000084d00000, 0x0000000084d00000|100%|HS|  |TAMS 0x0000000084c00000| PB 0x0000000084c00000| Complete 
|   1|0x0000000084d00000, 0x0000000084e00000, 0x0000000084e00000|100%|HS|  |TAMS 0x0000000084d00000| PB 0x0000000084d00000| Complete 
|   2|0x0000000084e00000, 0x0000000084f00000, 0x0000000084f00000|100%| O|  |TAMS 0x0000000084e00000| PB 0x0000000084e00000| Untracked 
|   3|0x0000000084f00000, 0x0000000085000000, 0x0000000085000000|100%| O|  |TAMS 0x0000000084f00000| PB 0x0000000084f00000| Untracked 
|   4|0x0000000085000000, 0x0000000085100000, 0x0000000085100000|100%| O|  |TAMS 0x0000000085000000| PB 0x0000000085000000| Untracked 
|   5|0x0000000085100000, 0x0000000085200000, 0x0000000085200000|100%| O|  |TAMS 0x0000000085100000| PB 0x0000000085100000| Untracked 
|   6|0x0000000085200000, 0x0000000085300000, 0x0000000085300000|100%| O|  |TAMS 0x0000000085200000| PB 0x0000000085200000| Untracked 
|   7|0x0000000085300000, 0x0000000085400000, 0x0000000085400000|100%| O|  |TAMS 0x0000000085300000| PB 0x0000000085300000| Untracked 
|   8|0x0000000085400000, 0x0000000085500000, 0x0000000085500000|100%| O|  |TAMS 0x0000000085400000| PB 0x0000000085400000| Untracked 
|   9|0x0000000085500000, 0x0000000085600000, 0x0000000085600000|100%| O|  |TAMS 0x0000000085500000| PB 0x0000000085500000| Untracked 
|  10|0x0000000085600000, 0x0000000085700000, 0x0000000085700000|100%| O|  |TAMS 0x0000000085600000| PB 0x0000000085600000| Untracked 
|  11|0x0000000085700000, 0x0000000085800000, 0x0000000085800000|100%| O|  |TAMS 0x0000000085700000| PB 0x0000000085700000| Untracked 
|  12|0x0000000085800000, 0x0000000085900000, 0x0000000085900000|100%| O|  |TAMS 0x0000000085800000| PB 0x0000000085800000| Untracked 
|  13|0x0000000085900000, 0x0000000085a00000, 0x0000000085a00000|100%| O|  |TAMS 0x0000000085900000| PB 0x0000000085900000| Untracked 
|  14|0x0000000085a00000, 0x0000000085b00000, 0x0000000085b00000|100%| O|  |TAMS 0x0000000085a00000| PB 0x0000000085a00000| Untracked 
|  15|0x0000000085b00000, 0x0000000085c00000, 0x0000000085c00000|100%| O|  |TAMS 0x0000000085b00000| PB 0x0000000085b00000| Untracked 
|  16|0x0000000085c00000, 0x0000000085d00000, 0x0000000085d00000|100%| O|  |TAMS 0x0000000085c00000| PB 0x0000000085c00000| Untracked 
|  17|0x0000000085d00000, 0x0000000085e00000, 0x0000000085e00000|100%| O|  |TAMS 0x0000000085d00000| PB 0x0000000085d00000| Untracked 
|  18|0x0000000085e00000, 0x0000000085f00000, 0x0000000085f00000|100%| O|  |TAMS 0x0000000085e00000| PB 0x0000000085e00000| Untracked 
|  19|0x0000000085f00000, 0x0000000086000000, 0x0000000086000000|100%| O|  |TAMS 0x0000000085f00000| PB 0x0000000085f00000| Untracked 
|  20|0x0000000086000000, 0x0000000086100000, 0x0000000086100000|100%| O|  |TAMS 0x0000000086000000| PB 0x0000000086000000| Untracked 
|  21|0x0000000086100000, 0x0000000086200000, 0x0000000086200000|100%| O|  |TAMS 0x0000000086100000| PB 0x0000000086100000| Untracked 
|  22|0x0000000086200000, 0x0000000086300000, 0x0000000086300000|100%| O|  |TAMS 0x0000000086200000| PB 0x0000000086200000| Untracked 
|  23|0x0000000086300000, 0x0000000086400000, 0x0000000086400000|100%| O|  |TAMS 0x0000000086300000| PB 0x0000000086300000| Untracked 
|  24|0x0000000086400000, 0x0000000086500000, 0x0000000086500000|100%| O|Cm|TAMS 0x0000000086400000| PB 0x0000000086400000| Complete 
|  25|0x0000000086500000, 0x0000000086600000, 0x0000000086600000|100%| O|  |TAMS 0x0000000086500000| PB 0x0000000086500000| Untracked 
|  26|0x0000000086600000, 0x0000000086700000, 0x0000000086700000|100%| O|  |TAMS 0x0000000086600000| PB 0x0000000086600000| Untracked 
|  27|0x0000000086700000, 0x0000000086800000, 0x0000000086800000|100%| O|  |TAMS 0x0000000086700000| PB 0x0000000086700000| Untracked 
|  28|0x0000000086800000, 0x0000000086900000, 0x0000000086900000|100%| O|  |TAMS 0x0000000086800000| PB 0x0000000086800000| Untracked 
|  29|0x0000000086900000, 0x0000000086a00000, 0x0000000086a00000|100%| O|  |TAMS 0x0000000086900000| PB 0x0000000086900000| Untracked 
|  30|0x0000000086a00000, 0x0000000086b00000, 0x0000000086b00000|100%| O|  |TAMS 0x0000000086a00000| PB 0x0000000086a00000| Untracked 
|  31|0x0000000086b00000, 0x0000000086c00000, 0x0000000086c00000|100%| O|  |TAMS 0x0000000086b00000| PB 0x0000000086b00000| Untracked 
|  32|0x0000000086c00000, 0x0000000086d00000, 0x0000000086d00000|100%| O|  |TAMS 0x0000000086c00000| PB 0x0000000086c00000| Untracked 
|  33|0x0000000086d00000, 0x0000000086e00000, 0x0000000086e00000|100%| O|  |TAMS 0x0000000086d00000| PB 0x0000000086d00000| Untracked 
|  34|0x0000000086e00000, 0x0000000086f00000, 0x0000000086f00000|100%| O|  |TAMS 0x0000000086e00000| PB 0x0000000086e00000| Untracked 
|  35|0x0000000086f00000, 0x0000000087000000, 0x0000000087000000|100%| O|  |TAMS 0x0000000086f00000| PB 0x0000000086f00000| Untracked 
|  36|0x0000000087000000, 0x0000000087100000, 0x0000000087100000|100%| O|  |TAMS 0x0000000087000000| PB 0x0000000087000000| Untracked 
|  37|0x0000000087100000, 0x0000000087200000, 0x0000000087200000|100%| O|  |TAMS 0x0000000087100000| PB 0x0000000087100000| Untracked 
|  38|0x0000000087200000, 0x0000000087300000, 0x0000000087300000|100%| O|  |TAMS 0x0000000087200000| PB 0x0000000087200000| Untracked 
|  39|0x0000000087300000, 0x0000000087400000, 0x0000000087400000|100%| O|  |TAMS 0x0000000087300000| PB 0x0000000087300000| Untracked 
|  40|0x0000000087400000, 0x0000000087500000, 0x0000000087500000|100%| O|  |TAMS 0x0000000087400000| PB 0x0000000087400000| Untracked 
|  41|0x0000000087500000, 0x0000000087600000, 0x0000000087600000|100%| O|Cm|TAMS 0x0000000087500000| PB 0x0000000087500000| Complete 
|  42|0x0000000087600000, 0x0000000087700000, 0x0000000087700000|100%| O|  |TAMS 0x0000000087600000| PB 0x0000000087600000| Untracked 
|  43|0x0000000087700000, 0x0000000087800000, 0x0000000087800000|100%| O|Cm|TAMS 0x0000000087700000| PB 0x0000000087700000| Complete 
|  44|0x0000000087800000, 0x0000000087900000, 0x0000000087900000|100%| O|  |TAMS 0x0000000087800000| PB 0x0000000087800000| Untracked 
|  45|0x0000000087900000, 0x0000000087a00000, 0x0000000087a00000|100%| O|  |TAMS 0x0000000087900000| PB 0x0000000087900000| Untracked 
|  46|0x0000000087a00000, 0x0000000087b00000, 0x0000000087b00000|100%| O|  |TAMS 0x0000000087a00000| PB 0x0000000087a00000| Untracked 
|  47|0x0000000087b00000, 0x0000000087c00000, 0x0000000087c00000|100%| O|  |TAMS 0x0000000087b00000| PB 0x0000000087b00000| Untracked 
|  48|0x0000000087c00000, 0x0000000087d00000, 0x0000000087d00000|100%| O|  |TAMS 0x0000000087c00000| PB 0x0000000087c00000| Untracked 
|  49|0x0000000087d00000, 0x0000000087e00000, 0x0000000087e00000|100%| O|Cm|TAMS 0x0000000087d00000| PB 0x0000000087d00000| Complete 
|  50|0x0000000087e00000, 0x0000000087f00000, 0x0000000087f00000|100%| O|  |TAMS 0x0000000087e00000| PB 0x0000000087e00000| Untracked 
|  51|0x0000000087f00000, 0x0000000087f58c60, 0x0000000088000000| 34%| O|  |TAMS 0x0000000087f00000| PB 0x0000000087f00000| Untracked 
|  52|0x0000000088000000, 0x0000000088100000, 0x0000000088100000|100%| O|  |TAMS 0x0000000088000000| PB 0x0000000088000000| Untracked 
|  53|0x0000000088100000, 0x0000000088200000, 0x0000000088200000|100%| O|  |TAMS 0x0000000088100000| PB 0x0000000088100000| Untracked 
|  54|0x0000000088200000, 0x0000000088300000, 0x0000000088300000|100%| O|  |TAMS 0x0000000088200000| PB 0x0000000088200000| Untracked 
|  55|0x0000000088300000, 0x0000000088400000, 0x0000000088400000|100%| O|  |TAMS 0x0000000088300000| PB 0x0000000088300000| Untracked 
|  56|0x0000000088400000, 0x0000000088500000, 0x0000000088500000|100%| O|  |TAMS 0x0000000088400000| PB 0x0000000088400000| Untracked 
|  57|0x0000000088500000, 0x0000000088600000, 0x0000000088600000|100%| O|  |TAMS 0x0000000088500000| PB 0x0000000088500000| Untracked 
|  58|0x0000000088600000, 0x0000000088700000, 0x0000000088700000|100%| O|  |TAMS 0x0000000088600000| PB 0x0000000088600000| Untracked 
|  59|0x0000000088700000, 0x0000000088800000, 0x0000000088800000|100%| O|  |TAMS 0x0000000088700000| PB 0x0000000088700000| Untracked 
|  60|0x0000000088800000, 0x0000000088900000, 0x0000000088900000|100%| O|  |TAMS 0x0000000088800000| PB 0x0000000088800000| Untracked 
|  61|0x0000000088900000, 0x000000008895e3a0, 0x0000000088a00000| 36%| O|  |TAMS 0x0000000088900000| PB 0x0000000088900000| Untracked 
|  62|0x0000000088a00000, 0x0000000088a00000, 0x0000000088b00000|  0%| F|  |TAMS 0x0000000088a00000| PB 0x0000000088a00000| Untracked 
|  63|0x0000000088b00000, 0x0000000088b00000, 0x0000000088c00000|  0%| F|  |TAMS 0x0000000088b00000| PB 0x0000000088b00000| Untracked 
|  64|0x0000000088c00000, 0x0000000088c00000, 0x0000000088d00000|  0%| F|  |TAMS 0x0000000088c00000| PB 0x0000000088c00000| Untracked 
|  65|0x0000000088d00000, 0x0000000088d00000, 0x0000000088e00000|  0%| F|  |TAMS 0x0000000088d00000| PB 0x0000000088d00000| Untracked 
|  66|0x0000000088e00000, 0x0000000088e00000, 0x0000000088f00000|  0%| F|  |TAMS 0x0000000088e00000| PB 0x0000000088e00000| Untracked 
|  67|0x0000000088f00000, 0x0000000088f00000, 0x0000000089000000|  0%| F|  |TAMS 0x0000000088f00000| PB 0x0000000088f00000| Untracked 
|  68|0x0000000089000000, 0x0000000089000000, 0x0000000089100000|  0%| F|  |TAMS 0x0000000089000000| PB 0x0000000089000000| Untracked 
|  69|0x0000000089100000, 0x0000000089200000, 0x0000000089200000|100%| O|  |TAMS 0x0000000089100000| PB 0x0000000089100000| Untracked 
|  70|0x0000000089200000, 0x0000000089300000, 0x0000000089300000|100%| O|  |TAMS 0x0000000089200000| PB 0x0000000089200000| Untracked 
|  71|0x0000000089300000, 0x0000000089400000, 0x0000000089400000|100%| O|  |TAMS 0x0000000089300000| PB 0x0000000089300000| Untracked 
|  72|0x0000000089400000, 0x0000000089500000, 0x0000000089500000|100%| O|  |TAMS 0x0000000089400000| PB 0x0000000089400000| Untracked 
|  73|0x0000000089500000, 0x0000000089600000, 0x0000000089600000|100%| O|  |TAMS 0x0000000089500000| PB 0x0000000089500000| Untracked 
|  74|0x0000000089600000, 0x0000000089700000, 0x0000000089700000|100%| O|  |TAMS 0x0000000089600000| PB 0x0000000089600000| Untracked 
|  75|0x0000000089700000, 0x0000000089800000, 0x0000000089800000|100%| O|  |TAMS 0x0000000089700000| PB 0x0000000089700000| Untracked 
|  76|0x0000000089800000, 0x0000000089900000, 0x0000000089900000|100%| O|  |TAMS 0x0000000089800000| PB 0x0000000089800000| Untracked 
|  77|0x0000000089900000, 0x0000000089a00000, 0x0000000089a00000|100%| O|  |TAMS 0x0000000089900000| PB 0x0000000089900000| Untracked 
|  78|0x0000000089a00000, 0x0000000089b00000, 0x0000000089b00000|100%| O|  |TAMS 0x0000000089a00000| PB 0x0000000089a00000| Untracked 
|  79|0x0000000089b00000, 0x0000000089c00000, 0x0000000089c00000|100%| O|  |TAMS 0x0000000089b00000| PB 0x0000000089b00000| Untracked 
|  80|0x0000000089c00000, 0x0000000089d00000, 0x0000000089d00000|100%| O|  |TAMS 0x0000000089c00000| PB 0x0000000089c00000| Untracked 
|  81|0x0000000089d00000, 0x0000000089e00000, 0x0000000089e00000|100%| O|  |TAMS 0x0000000089d00000| PB 0x0000000089d00000| Untracked 
|  82|0x0000000089e00000, 0x0000000089e00000, 0x0000000089f00000|  0%| F|  |TAMS 0x0000000089e00000| PB 0x0000000089e00000| Untracked 
|  83|0x0000000089f00000, 0x0000000089f00000, 0x000000008a000000|  0%| F|  |TAMS 0x0000000089f00000| PB 0x0000000089f00000| Untracked 
|  84|0x000000008a000000, 0x000000008a000000, 0x000000008a100000|  0%| F|  |TAMS 0x000000008a000000| PB 0x000000008a000000| Untracked 
|  85|0x000000008a100000, 0x000000008a100000, 0x000000008a200000|  0%| F|  |TAMS 0x000000008a100000| PB 0x000000008a100000| Untracked 
|  86|0x000000008a200000, 0x000000008a200000, 0x000000008a300000|  0%| F|  |TAMS 0x000000008a200000| PB 0x000000008a200000| Untracked 
|  87|0x000000008a300000, 0x000000008a300000, 0x000000008a400000|  0%| F|  |TAMS 0x000000008a300000| PB 0x000000008a300000| Untracked 
|  88|0x000000008a400000, 0x000000008a400000, 0x000000008a500000|  0%| F|  |TAMS 0x000000008a400000| PB 0x000000008a400000| Untracked 
|  89|0x000000008a500000, 0x000000008a500000, 0x000000008a600000|  0%| F|  |TAMS 0x000000008a500000| PB 0x000000008a500000| Untracked 
|  90|0x000000008a600000, 0x000000008a600000, 0x000000008a700000|  0%| F|  |TAMS 0x000000008a600000| PB 0x000000008a600000| Untracked 
|  91|0x000000008a700000, 0x000000008a700000, 0x000000008a800000|  0%| F|  |TAMS 0x000000008a700000| PB 0x000000008a700000| Untracked 
|  92|0x000000008a800000, 0x000000008a800000, 0x000000008a900000|  0%| F|  |TAMS 0x000000008a800000| PB 0x000000008a800000| Untracked 
|  93|0x000000008a900000, 0x000000008a900000, 0x000000008aa00000|  0%| F|  |TAMS 0x000000008a900000| PB 0x000000008a900000| Untracked 
|  94|0x000000008aa00000, 0x000000008aa00000, 0x000000008ab00000|  0%| F|  |TAMS 0x000000008aa00000| PB 0x000000008aa00000| Untracked 
|  95|0x000000008ab00000, 0x000000008ab00000, 0x000000008ac00000|  0%| F|  |TAMS 0x000000008ab00000| PB 0x000000008ab00000| Untracked 
|  96|0x000000008ac00000, 0x000000008ac00000, 0x000000008ad00000|  0%| F|  |TAMS 0x000000008ac00000| PB 0x000000008ac00000| Untracked 
|  97|0x000000008ad00000, 0x000000008ad00000, 0x000000008ae00000|  0%| F|  |TAMS 0x000000008ad00000| PB 0x000000008ad00000| Untracked 
|  98|0x000000008ae00000, 0x000000008ae00000, 0x000000008af00000|  0%| F|  |TAMS 0x000000008ae00000| PB 0x000000008ae00000| Untracked 
|  99|0x000000008af00000, 0x000000008af00000, 0x000000008b000000|  0%| F|  |TAMS 0x000000008af00000| PB 0x000000008af00000| Untracked 
| 100|0x000000008b000000, 0x000000008b000000, 0x000000008b100000|  0%| F|  |TAMS 0x000000008b000000| PB 0x000000008b000000| Untracked 
| 101|0x000000008b100000, 0x000000008b100000, 0x000000008b200000|  0%| F|  |TAMS 0x000000008b100000| PB 0x000000008b100000| Untracked 
| 102|0x000000008b200000, 0x000000008b200000, 0x000000008b300000|  0%| F|  |TAMS 0x000000008b200000| PB 0x000000008b200000| Untracked 
| 103|0x000000008b300000, 0x000000008b300000, 0x000000008b400000|  0%| F|  |TAMS 0x000000008b300000| PB 0x000000008b300000| Untracked 
| 104|0x000000008b400000, 0x000000008b4dfab0, 0x000000008b500000| 87%| S|CS|TAMS 0x000000008b400000| PB 0x000000008b400000| Complete 
| 105|0x000000008b500000, 0x000000008b600000, 0x000000008b600000|100%| S|CS|TAMS 0x000000008b500000| PB 0x000000008b500000| Complete 
| 106|0x000000008b600000, 0x000000008b700000, 0x000000008b700000|100%| S|CS|TAMS 0x000000008b600000| PB 0x000000008b600000| Complete 
| 107|0x000000008b700000, 0x000000008b800000, 0x000000008b800000|100%| S|CS|TAMS 0x000000008b700000| PB 0x000000008b700000| Complete 
| 108|0x000000008b800000, 0x000000008b900000, 0x000000008b900000|100%| S|CS|TAMS 0x000000008b800000| PB 0x000000008b800000| Complete 
| 109|0x000000008b900000, 0x000000008ba00000, 0x000000008ba00000|100%| S|CS|TAMS 0x000000008b900000| PB 0x000000008b900000| Complete 
| 110|0x000000008ba00000, 0x000000008bb00000, 0x000000008bb00000|100%| S|CS|TAMS 0x000000008ba00000| PB 0x000000008ba00000| Complete 
| 111|0x000000008bb00000, 0x000000008bb00000, 0x000000008bc00000|  0%| F|  |TAMS 0x000000008bb00000| PB 0x000000008bb00000| Untracked 
| 112|0x000000008bc00000, 0x000000008bc00000, 0x000000008bd00000|  0%| F|  |TAMS 0x000000008bc00000| PB 0x000000008bc00000| Untracked 
| 113|0x000000008bd00000, 0x000000008bd00000, 0x000000008be00000|  0%| F|  |TAMS 0x000000008bd00000| PB 0x000000008bd00000| Untracked 
| 114|0x000000008be00000, 0x000000008be00000, 0x000000008bf00000|  0%| F|  |TAMS 0x000000008be00000| PB 0x000000008be00000| Untracked 
| 115|0x000000008bf00000, 0x000000008bf00000, 0x000000008c000000|  0%| F|  |TAMS 0x000000008bf00000| PB 0x000000008bf00000| Untracked 
| 116|0x000000008c000000, 0x000000008c000000, 0x000000008c100000|  0%| F|  |TAMS 0x000000008c000000| PB 0x000000008c000000| Untracked 
| 117|0x000000008c100000, 0x000000008c100000, 0x000000008c200000|  0%| F|  |TAMS 0x000000008c100000| PB 0x000000008c100000| Untracked 
| 118|0x000000008c200000, 0x000000008c200000, 0x000000008c300000|  0%| F|  |TAMS 0x000000008c200000| PB 0x000000008c200000| Untracked 
| 119|0x000000008c300000, 0x000000008c300000, 0x000000008c400000|  0%| F|  |TAMS 0x000000008c300000| PB 0x000000008c300000| Untracked 
| 120|0x000000008c400000, 0x000000008c400000, 0x000000008c500000|  0%| F|  |TAMS 0x000000008c400000| PB 0x000000008c400000| Untracked 
| 121|0x000000008c500000, 0x000000008c500000, 0x000000008c600000|  0%| F|  |TAMS 0x000000008c500000| PB 0x000000008c500000| Untracked 
| 122|0x000000008c600000, 0x000000008c600000, 0x000000008c700000|  0%| F|  |TAMS 0x000000008c600000| PB 0x000000008c600000| Untracked 
| 123|0x000000008c700000, 0x000000008c700000, 0x000000008c800000|  0%| F|  |TAMS 0x000000008c700000| PB 0x000000008c700000| Untracked 
| 124|0x000000008c800000, 0x000000008c800000, 0x000000008c900000|  0%| F|  |TAMS 0x000000008c800000| PB 0x000000008c800000| Untracked 
| 125|0x000000008c900000, 0x000000008c900000, 0x000000008ca00000|  0%| F|  |TAMS 0x000000008c900000| PB 0x000000008c900000| Untracked 
| 126|0x000000008ca00000, 0x000000008ca00000, 0x000000008cb00000|  0%| F|  |TAMS 0x000000008ca00000| PB 0x000000008ca00000| Untracked 
| 127|0x000000008cb00000, 0x000000008cb00000, 0x000000008cc00000|  0%| F|  |TAMS 0x000000008cb00000| PB 0x000000008cb00000| Untracked 
| 128|0x000000008cc00000, 0x000000008cc00000, 0x000000008cd00000|  0%| F|  |TAMS 0x000000008cc00000| PB 0x000000008cc00000| Untracked 
| 129|0x000000008cd00000, 0x000000008cd00000, 0x000000008ce00000|  0%| F|  |TAMS 0x000000008cd00000| PB 0x000000008cd00000| Untracked 
| 130|0x000000008ce00000, 0x000000008ce00000, 0x000000008cf00000|  0%| F|  |TAMS 0x000000008ce00000| PB 0x000000008ce00000| Untracked 
| 131|0x000000008cf00000, 0x000000008cf00000, 0x000000008d000000|  0%| F|  |TAMS 0x000000008cf00000| PB 0x000000008cf00000| Untracked 
| 132|0x000000008d000000, 0x000000008d000000, 0x000000008d100000|  0%| F|  |TAMS 0x000000008d000000| PB 0x000000008d000000| Untracked 
| 133|0x000000008d100000, 0x000000008d100000, 0x000000008d200000|  0%| F|  |TAMS 0x000000008d100000| PB 0x000000008d100000| Untracked 
| 134|0x000000008d200000, 0x000000008d200000, 0x000000008d300000|  0%| F|  |TAMS 0x000000008d200000| PB 0x000000008d200000| Untracked 
| 135|0x000000008d300000, 0x000000008d300000, 0x000000008d400000|  0%| F|  |TAMS 0x000000008d300000| PB 0x000000008d300000| Untracked 
| 136|0x000000008d400000, 0x000000008d400000, 0x000000008d500000|  0%| F|  |TAMS 0x000000008d400000| PB 0x000000008d400000| Untracked 
| 137|0x000000008d500000, 0x000000008d500000, 0x000000008d600000|  0%| F|  |TAMS 0x000000008d500000| PB 0x000000008d500000| Untracked 
| 138|0x000000008d600000, 0x000000008d600000, 0x000000008d700000|  0%| F|  |TAMS 0x000000008d600000| PB 0x000000008d600000| Untracked 
| 139|0x000000008d700000, 0x000000008d700000, 0x000000008d800000|  0%| F|  |TAMS 0x000000008d700000| PB 0x000000008d700000| Untracked 
| 140|0x000000008d800000, 0x000000008d800000, 0x000000008d900000|  0%| F|  |TAMS 0x000000008d800000| PB 0x000000008d800000| Untracked 
| 141|0x000000008d900000, 0x000000008d900000, 0x000000008da00000|  0%| F|  |TAMS 0x000000008d900000| PB 0x000000008d900000| Untracked 
| 142|0x000000008da00000, 0x000000008da00000, 0x000000008db00000|  0%| F|  |TAMS 0x000000008da00000| PB 0x000000008da00000| Untracked 
| 143|0x000000008db00000, 0x000000008db00000, 0x000000008dc00000|  0%| F|  |TAMS 0x000000008db00000| PB 0x000000008db00000| Untracked 
| 144|0x000000008dc00000, 0x000000008dc00000, 0x000000008dd00000|  0%| F|  |TAMS 0x000000008dc00000| PB 0x000000008dc00000| Untracked 
| 145|0x000000008dd00000, 0x000000008dd00000, 0x000000008de00000|  0%| F|  |TAMS 0x000000008dd00000| PB 0x000000008dd00000| Untracked 
| 146|0x000000008de00000, 0x000000008de00000, 0x000000008df00000|  0%| F|  |TAMS 0x000000008de00000| PB 0x000000008de00000| Untracked 
| 147|0x000000008df00000, 0x000000008df00000, 0x000000008e000000|  0%| F|  |TAMS 0x000000008df00000| PB 0x000000008df00000| Untracked 
| 148|0x000000008e000000, 0x000000008e000000, 0x000000008e100000|  0%| F|  |TAMS 0x000000008e000000| PB 0x000000008e000000| Untracked 
| 149|0x000000008e100000, 0x000000008e100000, 0x000000008e200000|  0%| F|  |TAMS 0x000000008e100000| PB 0x000000008e100000| Untracked 
| 150|0x000000008e200000, 0x000000008e200000, 0x000000008e300000|  0%| F|  |TAMS 0x000000008e200000| PB 0x000000008e200000| Untracked 
| 151|0x000000008e300000, 0x000000008e300000, 0x000000008e400000|  0%| F|  |TAMS 0x000000008e300000| PB 0x000000008e300000| Untracked 
| 152|0x000000008e400000, 0x000000008e400000, 0x000000008e500000|  0%| F|  |TAMS 0x000000008e400000| PB 0x000000008e400000| Untracked 
| 153|0x000000008e500000, 0x000000008e500000, 0x000000008e600000|  0%| F|  |TAMS 0x000000008e500000| PB 0x000000008e500000| Untracked 
| 154|0x000000008e600000, 0x000000008e64d298, 0x000000008e700000| 30%| E|  |TAMS 0x000000008e600000| PB 0x000000008e600000| Complete 
| 155|0x000000008e700000, 0x000000008e800000, 0x000000008e800000|100%| E|CS|TAMS 0x000000008e700000| PB 0x000000008e700000| Complete 
| 156|0x000000008e800000, 0x000000008e900000, 0x000000008e900000|100%| E|CS|TAMS 0x000000008e800000| PB 0x000000008e800000| Complete 
| 157|0x000000008e900000, 0x000000008ea00000, 0x000000008ea00000|100%| E|CS|TAMS 0x000000008e900000| PB 0x000000008e900000| Complete 
| 158|0x000000008ea00000, 0x000000008eb00000, 0x000000008eb00000|100%| E|CS|TAMS 0x000000008ea00000| PB 0x000000008ea00000| Complete 
| 159|0x000000008eb00000, 0x000000008ec00000, 0x000000008ec00000|100%| E|CS|TAMS 0x000000008eb00000| PB 0x000000008eb00000| Complete 
| 160|0x000000008ec00000, 0x000000008ed00000, 0x000000008ed00000|100%| E|CS|TAMS 0x000000008ec00000| PB 0x000000008ec00000| Complete 
| 161|0x000000008ed00000, 0x000000008ee00000, 0x000000008ee00000|100%| E|CS|TAMS 0x000000008ed00000| PB 0x000000008ed00000| Complete 
| 162|0x000000008ee00000, 0x000000008ef00000, 0x000000008ef00000|100%| E|CS|TAMS 0x000000008ee00000| PB 0x000000008ee00000| Complete 
| 163|0x000000008ef00000, 0x000000008f000000, 0x000000008f000000|100%| E|CS|TAMS 0x000000008ef00000| PB 0x000000008ef00000| Complete 
| 164|0x000000008f000000, 0x000000008f100000, 0x000000008f100000|100%| E|CS|TAMS 0x000000008f000000| PB 0x000000008f000000| Complete 
| 165|0x000000008f100000, 0x000000008f200000, 0x000000008f200000|100%| E|CS|TAMS 0x000000008f100000| PB 0x000000008f100000| Complete 
| 166|0x000000008f200000, 0x000000008f300000, 0x000000008f300000|100%| E|CS|TAMS 0x000000008f200000| PB 0x000000008f200000| Complete 
| 167|0x000000008f300000, 0x000000008f400000, 0x000000008f400000|100%| E|  |TAMS 0x000000008f300000| PB 0x000000008f300000| Complete 
| 168|0x000000008f400000, 0x000000008f500000, 0x000000008f500000|100%| E|CS|TAMS 0x000000008f400000| PB 0x000000008f400000| Complete 
| 169|0x000000008f500000, 0x000000008f600000, 0x000000008f600000|100%| E|CS|TAMS 0x000000008f500000| PB 0x000000008f500000| Complete 
| 170|0x000000008f600000, 0x000000008f700000, 0x000000008f700000|100%| E|CS|TAMS 0x000000008f600000| PB 0x000000008f600000| Complete 
| 171|0x000000008f700000, 0x000000008f800000, 0x000000008f800000|100%| E|CS|TAMS 0x000000008f700000| PB 0x000000008f700000| Complete 
| 172|0x000000008f800000, 0x000000008f900000, 0x000000008f900000|100%| E|CS|TAMS 0x000000008f800000| PB 0x000000008f800000| Complete 
| 173|0x000000008f900000, 0x000000008fa00000, 0x000000008fa00000|100%| E|CS|TAMS 0x000000008f900000| PB 0x000000008f900000| Complete 
|1962|0x00000000ff600000, 0x00000000ff700000, 0x00000000ff700000|100%| E|CS|TAMS 0x00000000ff600000| PB 0x00000000ff600000| Complete 
|1966|0x00000000ffa00000, 0x00000000ffb00000, 0x00000000ffb00000|100%| O|  |TAMS 0x00000000ffa00000| PB 0x00000000ffa00000| Untracked 
|1967|0x00000000ffb00000, 0x00000000ffc00000, 0x00000000ffc00000|100%| O|  |TAMS 0x00000000ffb00000| PB 0x00000000ffb00000| Untracked 
|1968|0x00000000ffc00000, 0x00000000ffd00000, 0x00000000ffd00000|100%| O|  |TAMS 0x00000000ffc00000| PB 0x00000000ffc00000| Untracked 
|1969|0x00000000ffd00000, 0x00000000ffe00000, 0x00000000ffe00000|100%| O|  |TAMS 0x00000000ffd00000| PB 0x00000000ffd00000| Untracked 
|1970|0x00000000ffe00000, 0x00000000fff00000, 0x00000000fff00000|100%| O|  |TAMS 0x00000000ffe00000| PB 0x00000000ffe00000| Untracked 
|1971|0x00000000fff00000, 0x0000000100000000, 0x0000000100000000|100%| O|  |TAMS 0x00000000fff00000| PB 0x00000000fff00000| Untracked 

Card table byte_map: [0x000002157b870000,0x000002157bc50000] _byte_map_base: 0x000002157b44a000

Marking Bits: (CMBitMap*) 0x0000021572d4d4e0
 Bits: [0x000002157bc50000, 0x000002157db20000)

Polling page: 0x00000215709e0000

Metaspace:

Usage:
  Non-class:     80.91 MB used.
      Class:     12.41 MB used.
       Both:     93.32 MB used.

Virtual space:
  Non-class space:      128.00 MB reserved,      81.38 MB ( 64%) committed,  2 nodes.
      Class space:        1.00 GB reserved,      12.88 MB (  1%) committed,  1 nodes.
             Both:        1.12 GB reserved,      94.25 MB (  8%) committed. 

Chunk freelists:
   Non-Class:  14.38 MB
       Class:  3.18 MB
        Both:  17.56 MB

MaxMetaspaceSize: unlimited
CompressedClassSpaceSize: 1.00 GB
Initial GC threshold: 21.00 MB
Current GC threshold: 156.50 MB
CDS: on
 - commit_granule_bytes: 65536.
 - commit_granule_words: 8192.
 - virtual_space_node_default_size: 8388608.
 - enlarge_chunks_in_place: 1.
 - use_allocation_guard: 0.


Internal statistics:

num_allocs_failed_limit: 12.
num_arena_births: 1538.
num_arena_deaths: 76.
num_vsnodes_births: 3.
num_vsnodes_deaths: 0.
num_space_committed: 1508.
num_space_uncommitted: 0.
num_chunks_returned_to_freelist: 123.
num_chunks_taken_from_freelist: 5206.
num_chunk_merges: 52.
num_chunk_splits: 3624.
num_chunks_enlarged: 2652.
num_inconsistent_stats: 0.

CodeHeap 'non-profiled nmethods': size=120000Kb used=8289Kb max_used=8289Kb free=111710Kb
 bounds [0x0000021507ad0000, 0x00000215082f0000, 0x000002150f000000]
CodeHeap 'profiled nmethods': size=120000Kb used=28733Kb max_used=28733Kb free=91266Kb
 bounds [0x0000021500000000, 0x0000021501c10000, 0x0000021507530000]
CodeHeap 'non-nmethods': size=5760Kb used=2035Kb max_used=2077Kb free=3725Kb
 bounds [0x0000021507530000, 0x00000215077a0000, 0x0000021507ad0000]
 total_blobs=14893 nmethods=14089 adapters=707
 compilation: enabled
              stopped_count=0, restarted_count=0
 full_count=0

Compilation events (20 events):
Event: 265.950 Thread 0x000002150f7da9e0 15560       3       org.springframework.web.cors.CorsConfiguration::setExposedHeaders (21 bytes)
Event: 265.950 Thread 0x000002150f7da9e0 nmethod 15560 0x0000021501bfc310 code [0x0000021501bfc4c0, 0x0000021501bfc710]
Event: 265.950 Thread 0x000002150f7da9e0 15562       1       org.hibernate.query.sqm.sql.BaseSqmToSqlAstConverter::lambda$new$0 (2 bytes)
Event: 265.950 Thread 0x000002150f7da9e0 nmethod 15562 0x00000215082e7590 code [0x00000215082e7720, 0x00000215082e77d0]
Event: 265.950 Thread 0x000002150f7da9e0 15564       1       org.hibernate.query.sqm.sql.internal.AbstractSqmPathInterpretation::getNavigablePath (5 bytes)
Event: 265.950 Thread 0x000002150f7da9e0 nmethod 15564 0x00000215082e7890 code [0x00000215082e7a20, 0x00000215082e7ae8]
Event: 265.950 Thread 0x000002150f7da9e0 15565       1       org.hibernate.metamodel.mapping.internal.SingleAttributeIdentifierMapping::isSelectable (2 bytes)
Event: 265.950 Thread 0x000002150f7da9e0 nmethod 15565 0x00000215082e7b90 code [0x00000215082e7d20, 0x00000215082e7de8]
Event: 265.950 Thread 0x000002150f7da9e0 15566       1       org.hibernate.query.sqm.tree.select.SqmSelectClause::isDistinct (5 bytes)
Event: 265.950 Thread 0x000002150f7da9e0 nmethod 15566 0x00000215082e7e90 code [0x00000215082e8020, 0x00000215082e80f0]
Event: 265.950 Thread 0x000002150f7da9e0 15567       1       org.hibernate.sql.ast.tree.select.SelectClause::makeDistinct (6 bytes)
Event: 265.950 Thread 0x000002150f7da9e0 nmethod 15567 0x00000215082e8190 code [0x00000215082e8320, 0x00000215082e83f0]
Event: 265.950 Thread 0x000002150f7da9e0 15568       3       org.hibernate.query.sqm.internal.TypecheckUtil::getEmbeddableType (16 bytes)
Event: 265.950 Thread 0x000002150f7da9e0 nmethod 15568 0x0000021501bfc810 code [0x0000021501bfc9c0, 0x0000021501bfcd48]
Event: 265.951 Thread 0x000002150f7da9e0 15569       3       org.hibernate.sql.results.graph.entity.AbstractEntityResultGraphNode::<init> (11 bytes)
Event: 265.951 Thread 0x000002150f7da9e0 nmethod 15569 0x0000021501bfce10 code [0x0000021501bfcfc0, 0x0000021501bfd2a8]
Event: 265.951 Thread 0x000002150f7da9e0 15570       3       org.hibernate.sql.results.graph.entity.AbstractEntityResultGraphNode::afterInitialize (170 bytes)
Event: 265.952 Thread 0x000002150f7da9e0 nmethod 15570 0x0000021501bfd390 code [0x0000021501bfd6c0, 0x0000021501bfedd0]
Event: 265.952 Thread 0x000002150f7da9e0 15574       3       org.hibernate.sql.ast.spi.AbstractSqlAstTranslator::renderPrimaryTableReference (324 bytes)
Event: 266.062 Thread 0x000002150f7da9e0 nmethod 15574 0x0000021501bff310 code [0x0000021501bff900, 0x0000021501c03590]

GC Heap History (20 events):
Event: 20.910 GC heap before
{Heap before GC invocations=15 (full 0):
 garbage-first heap   total 82944K, used 74092K [0x0000000084c00000, 0x0000000100000000)
  region size 1024K, 40 young (40960K), 2 survivors (2048K)
 Metaspace       used 75196K, committed 75968K, reserved 1179648K
  class space    used 10153K, committed 10496K, reserved 1048576K
}
Event: 20.914 GC heap after
{Heap after GC invocations=16 (full 0):
 garbage-first heap   total 82944K, used 36689K [0x0000000084c00000, 0x0000000100000000)
  region size 1024K, 4 young (4096K), 4 survivors (4096K)
 Metaspace       used 75196K, committed 75968K, reserved 1179648K
  class space    used 10153K, committed 10496K, reserved 1048576K
}
Event: 21.039 GC heap before
{Heap before GC invocations=17 (full 0):
 garbage-first heap   total 87040K, used 72529K [0x0000000084c00000, 0x0000000100000000)
  region size 1024K, 39 young (39936K), 4 survivors (4096K)
 Metaspace       used 75209K, committed 75968K, reserved 1179648K
  class space    used 10153K, committed 10496K, reserved 1048576K
}
Event: 21.048 GC heap after
{Heap after GC invocations=18 (full 0):
 garbage-first heap   total 87040K, used 42795K [0x0000000084c00000, 0x0000000100000000)
  region size 1024K, 5 young (5120K), 5 survivors (5120K)
 Metaspace       used 75209K, committed 75968K, reserved 1179648K
  class space    used 10153K, committed 10496K, reserved 1048576K
}
Event: 21.139 GC heap before
{Heap before GC invocations=18 (full 0):
 garbage-first heap   total 87040K, used 75563K [0x0000000084c00000, 0x0000000100000000)
  region size 1024K, 37 young (37888K), 5 survivors (5120K)
 Metaspace       used 75209K, committed 75968K, reserved 1179648K
  class space    used 10153K, committed 10496K, reserved 1048576K
}
Event: 21.158 GC heap after
{Heap after GC invocations=19 (full 0):
 garbage-first heap   total 95232K, used 56317K [0x0000000084c00000, 0x0000000100000000)
  region size 1024K, 5 young (5120K), 5 survivors (5120K)
 Metaspace       used 75209K, committed 75968K, reserved 1179648K
  class space    used 10153K, committed 10496K, reserved 1048576K
}
Event: 21.347 GC heap before
{Heap before GC invocations=19 (full 0):
 garbage-first heap   total 95232K, used 78845K [0x0000000084c00000, 0x0000000100000000)
  region size 1024K, 27 young (27648K), 5 survivors (5120K)
 Metaspace       used 75354K, committed 76032K, reserved 1179648K
  class space    used 10179K, committed 10496K, reserved 1048576K
}
Event: 21.360 GC heap after
{Heap after GC invocations=20 (full 0):
 garbage-first heap   total 95232K, used 60959K [0x0000000084c00000, 0x0000000100000000)
  region size 1024K, 4 young (4096K), 4 survivors (4096K)
 Metaspace       used 75354K, committed 76032K, reserved 1179648K
  class space    used 10179K, committed 10496K, reserved 1048576K
}
Event: 21.471 GC heap before
{Heap before GC invocations=21 (full 0):
 garbage-first heap   total 135168K, used 81439K [0x0000000084c00000, 0x0000000100000000)
  region size 1024K, 24 young (24576K), 4 survivors (4096K)
 Metaspace       used 75404K, committed 76096K, reserved 1179648K
  class space    used 10189K, committed 10496K, reserved 1048576K
}
Event: 21.477 GC heap after
{Heap after GC invocations=22 (full 0):
 garbage-first heap   total 135168K, used 62331K [0x0000000084c00000, 0x0000000100000000)
  region size 1024K, 2 young (2048K), 2 survivors (2048K)
 Metaspace       used 75404K, committed 76096K, reserved 1179648K
  class space    used 10189K, committed 10496K, reserved 1048576K
}
Event: 21.650 GC heap before
{Heap before GC invocations=22 (full 0):
 garbage-first heap   total 135168K, used 109435K [0x0000000084c00000, 0x0000000100000000)
  region size 1024K, 48 young (49152K), 2 survivors (2048K)
 Metaspace       used 75406K, committed 76096K, reserved 1179648K
  class space    used 10189K, committed 10496K, reserved 1048576K
}
Event: 21.655 GC heap after
{Heap after GC invocations=23 (full 0):
 garbage-first heap   total 135168K, used 65601K [0x0000000084c00000, 0x0000000100000000)
  region size 1024K, 5 young (5120K), 5 survivors (5120K)
 Metaspace       used 75406K, committed 76096K, reserved 1179648K
  class space    used 10189K, committed 10496K, reserved 1048576K
}
Event: 21.943 GC heap before
{Heap before GC invocations=23 (full 0):
 garbage-first heap   total 135168K, used 113729K [0x0000000084c00000, 0x0000000100000000)
  region size 1024K, 52 young (53248K), 5 survivors (5120K)
 Metaspace       used 75596K, committed 76288K, reserved 1179648K
  class space    used 10199K, committed 10560K, reserved 1048576K
}
Event: 21.954 GC heap after
{Heap after GC invocations=24 (full 0):
 garbage-first heap   total 347136K, used 62681K [0x0000000084c00000, 0x0000000100000000)
  region size 1024K, 1 young (1024K), 1 survivors (1024K)
 Metaspace       used 75596K, committed 76288K, reserved 1179648K
  class space    used 10199K, committed 10560K, reserved 1048576K
}
Event: 26.782 GC heap before
{Heap before GC invocations=25 (full 0):
 garbage-first heap   total 181248K, used 159961K [0x0000000084c00000, 0x0000000100000000)
  region size 1024K, 106 young (108544K), 1 survivors (1024K)
 Metaspace       used 86064K, committed 86976K, reserved 1179648K
  class space    used 11606K, committed 12032K, reserved 1048576K
}
Event: 26.805 GC heap after
{Heap after GC invocations=26 (full 0):
 garbage-first heap   total 181248K, used 64247K [0x0000000084c00000, 0x0000000100000000)
  region size 1024K, 13 young (13312K), 13 survivors (13312K)
 Metaspace       used 86064K, committed 86976K, reserved 1179648K
  class space    used 11606K, committed 12032K, reserved 1048576K
}
Event: 30.692 GC heap before
{Heap before GC invocations=26 (full 0):
 garbage-first heap   total 181248K, used 146167K [0x0000000084c00000, 0x0000000100000000)
  region size 1024K, 94 young (96256K), 13 survivors (13312K)
 Metaspace       used 90283K, committed 91264K, reserved 1179648K
  class space    used 12136K, committed 12608K, reserved 1048576K
}
Event: 30.720 GC heap after
{Heap after GC invocations=27 (full 0):
 garbage-first heap   total 185344K, used 81591K [0x0000000084c00000, 0x0000000100000000)
  region size 1024K, 12 young (12288K), 12 survivors (12288K)
 Metaspace       used 90283K, committed 91264K, reserved 1179648K
  class space    used 12136K, committed 12608K, reserved 1048576K
}
Event: 252.048 GC heap before
{Heap before GC invocations=27 (full 0):
 garbage-first heap   total 185344K, used 146103K [0x0000000084c00000, 0x0000000100000000)
  region size 1024K, 76 young (77824K), 12 survivors (12288K)
 Metaspace       used 94970K, committed 95936K, reserved 1179648K
  class space    used 12709K, committed 13184K, reserved 1048576K
}
Event: 252.184 GC heap after
{Heap after GC invocations=28 (full 0):
 garbage-first heap   total 185344K, used 88666K [0x0000000084c00000, 0x0000000100000000)
  region size 1024K, 7 young (7168K), 7 survivors (7168K)
 Metaspace       used 94970K, committed 95936K, reserved 1179648K
  class space    used 12709K, committed 13184K, reserved 1048576K
}

Dll operation events (11 events):
Event: 0.013 Loaded shared library C:\Program Files\Java\jdk-21\bin\java.dll
Event: 0.051 Loaded shared library C:\Program Files\Java\jdk-21\bin\jsvml.dll
Event: 0.111 Loaded shared library C:\Program Files\Java\jdk-21\bin\net.dll
Event: 0.113 Loaded shared library C:\Program Files\Java\jdk-21\bin\nio.dll
Event: 0.116 Loaded shared library C:\Program Files\Java\jdk-21\bin\zip.dll
Event: 0.197 Loaded shared library C:\Program Files\Java\jdk-21\bin\jimage.dll
Event: 2.140 Loaded shared library C:\Program Files\Java\jdk-21\bin\sunmscapi.dll
Event: 5.983 Loaded shared library C:\Program Files\Java\jdk-21\bin\management.dll
Event: 5.996 Loaded shared library C:\Program Files\Java\jdk-21\bin\management_ext.dll
Event: 7.874 Loaded shared library C:\Program Files\Java\jdk-21\bin\verify.dll
Event: 9.228 Loaded shared library C:\Program Files\Java\jdk-21\bin\extnet.dll

Deoptimization events (20 events):
Event: 254.417 Thread 0x000002155ecabd50 DEOPT PACKING pc=0x000002150187218a sp=0x00000018cb4fb8f0
Event: 254.418 Thread 0x000002155ecabd50 DEOPT UNPACKING pc=0x00000215075888e2 sp=0x00000018cb4fad60 mode 0
Event: 262.574 Thread 0x00000215587deb30 DEOPT PACKING pc=0x0000021501089e4e sp=0x00000018caefa770
Event: 262.574 Thread 0x00000215587deb30 DEOPT UNPACKING pc=0x00000215075888e2 sp=0x00000018caef9c70 mode 0
Event: 262.574 Thread 0x00000215587deb30 Uncommon trap: trap_request=0xffffff45 fr.pc=0x00000215080551a8 relative=0x00000000000015e8
Event: 262.574 Thread 0x00000215587deb30 Uncommon trap: reason=unstable_if action=reinterpret pc=0x00000215080551a8 method=org.springframework.web.servlet.mvc.condition.PathPatternsRequestCondition.getMatchingCondition(Ljakarta/servlet/http/HttpServletRequest;)Lorg/springframework/web/servlet/mv
Event: 262.574 Thread 0x00000215587deb30 DEOPT PACKING pc=0x00000215080551a8 sp=0x00000018caefa700
Event: 262.575 Thread 0x00000215587deb30 DEOPT UNPACKING pc=0x0000021507587da2 sp=0x00000018caefa570 mode 2
Event: 264.594 Thread 0x000002155eca9c80 DEOPT PACKING pc=0x00000215018e40cc sp=0x00000018caff8190
Event: 264.594 Thread 0x000002155eca9c80 DEOPT UNPACKING pc=0x00000215075888e2 sp=0x00000018caff7878 mode 0
Event: 264.594 Thread 0x00000215587dde10 DEOPT PACKING pc=0x000002150187218a sp=0x00000018cadf8240
Event: 264.594 Thread 0x00000215587dde10 DEOPT UNPACKING pc=0x00000215075888e2 sp=0x00000018cadf76b0 mode 0
Event: 264.602 Thread 0x000002155f159830 Uncommon trap: trap_request=0xffffff45 fr.pc=0x0000021507b78664 relative=0x0000000000000584
Event: 264.603 Thread 0x000002155f159830 Uncommon trap: reason=unstable_if action=reinterpret pc=0x0000021507b78664 method=org.springframework.web.util.pattern.SeparatorPathElement.matches(ILorg/springframework/web/util/pattern/PathPattern$MatchingContext;)Z @ 5 c2
Event: 264.603 Thread 0x000002155f159830 DEOPT PACKING pc=0x0000021507b78664 sp=0x00000018c86fcae0
Event: 264.603 Thread 0x000002155f159830 DEOPT UNPACKING pc=0x0000021507587da2 sp=0x00000018c86fca80 mode 2
Event: 264.638 Thread 0x000002155ecaa310 DEOPT PACKING pc=0x00000215018e40cc sp=0x00000018cb3f7210
Event: 264.638 Thread 0x000002155ecaa310 DEOPT UNPACKING pc=0x00000215075888e2 sp=0x00000018cb3f68f8 mode 0
Event: 264.739 Thread 0x000002155ecaa310 DEOPT PACKING pc=0x00000215018e40cc sp=0x00000018cb3f71e0
Event: 264.739 Thread 0x000002155ecaa310 DEOPT UNPACKING pc=0x00000215075888e2 sp=0x00000018cb3f68c8 mode 0

Classes loaded (20 events):
Event: 247.538 Loading class java/util/stream/DoubleStream
Event: 247.538 Loading class java/util/stream/DoubleStream done
Event: 248.861 Loading class javax/crypto/spec/PSource
Event: 248.862 Loading class javax/crypto/spec/PSource done
Event: 248.862 Loading class javax/crypto/spec/PSource$PSpecified
Event: 248.863 Loading class javax/crypto/spec/PSource$PSpecified done
Event: 248.863 Loading class javax/crypto/spec/OAEPParameterSpec
Event: 248.863 Loading class javax/crypto/spec/OAEPParameterSpec done
Event: 248.879 Loading class java/util/zip/DeflaterOutputStream
Event: 248.880 Loading class java/util/zip/DeflaterOutputStream done
Event: 248.884 Loading class java/util/zip/GZIPInputStream
Event: 248.884 Loading class java/util/zip/GZIPInputStream done
Event: 248.884 Loading class java/util/zip/GZIPOutputStream
Event: 248.885 Loading class java/util/zip/GZIPOutputStream done
Event: 248.952 Loading class sun/nio/cs/US_ASCII$Encoder
Event: 248.953 Loading class sun/nio/cs/US_ASCII$Encoder done
Event: 248.953 Loading class sun/nio/cs/Surrogate$Parser
Event: 248.954 Loading class sun/nio/cs/Surrogate$Parser done
Event: 248.954 Loading class sun/nio/cs/Surrogate
Event: 248.954 Loading class sun/nio/cs/Surrogate done

Classes unloaded (20 events):
Event: 252.546 Thread 0x000002157ff29730 Unloading class 0x0000021511b88800 'java/lang/invoke/LambdaForm$DMH+0x0000021511b88800'
Event: 252.546 Thread 0x000002157ff29730 Unloading class 0x0000021511b66400 'java/lang/invoke/LambdaForm$MH+0x0000021511b66400'
Event: 252.546 Thread 0x000002157ff29730 Unloading class 0x0000021511b66800 'java/lang/invoke/LambdaForm$MH+0x0000021511b66800'
Event: 252.546 Thread 0x000002157ff29730 Unloading class 0x0000021511b65c00 'java/lang/invoke/LambdaForm$MH+0x0000021511b65c00'
Event: 252.546 Thread 0x000002157ff29730 Unloading class 0x0000021511b65800 'java/lang/invoke/LambdaForm$MH+0x0000021511b65800'
Event: 252.546 Thread 0x000002157ff29730 Unloading class 0x0000021511b65400 'java/lang/invoke/LambdaForm$MH+0x0000021511b65400'
Event: 252.546 Thread 0x000002157ff29730 Unloading class 0x0000021511b65000 'java/lang/invoke/LambdaForm$MH+0x0000021511b65000'
Event: 252.546 Thread 0x000002157ff29730 Unloading class 0x0000021511b64c00 'java/lang/invoke/LambdaForm$MH+0x0000021511b64c00'
Event: 252.546 Thread 0x000002157ff29730 Unloading class 0x0000021511b64800 'java/lang/invoke/LambdaForm$MH+0x0000021511b64800'
Event: 252.546 Thread 0x000002157ff29730 Unloading class 0x0000021511b64400 'java/lang/invoke/LambdaForm$MH+0x0000021511b64400'
Event: 252.546 Thread 0x000002157ff29730 Unloading class 0x0000021511b64000 'java/lang/invoke/LambdaForm$MH+0x0000021511b64000'
Event: 252.546 Thread 0x000002157ff29730 Unloading class 0x0000021511b63400 'java/lang/invoke/LambdaForm$MH+0x0000021511b63400'
Event: 252.546 Thread 0x000002157ff29730 Unloading class 0x0000021511b63000 'java/lang/invoke/LambdaForm$MH+0x0000021511b63000'
Event: 252.546 Thread 0x000002157ff29730 Unloading class 0x0000021511b62c00 'java/lang/invoke/LambdaForm$MH+0x0000021511b62c00'
Event: 252.546 Thread 0x000002157ff29730 Unloading class 0x0000021511b62000 'java/lang/invoke/LambdaForm$MH+0x0000021511b62000'
Event: 252.546 Thread 0x000002157ff29730 Unloading class 0x0000021511b62400 'java/lang/invoke/LambdaForm$MH+0x0000021511b62400'
Event: 252.546 Thread 0x000002157ff29730 Unloading class 0x0000021511b61800 'java/lang/invoke/LambdaForm$MH+0x0000021511b61800'
Event: 252.546 Thread 0x000002157ff29730 Unloading class 0x0000021511b61400 'java/lang/invoke/LambdaForm$MH+0x0000021511b61400'
Event: 252.546 Thread 0x000002157ff29730 Unloading class 0x0000021511b60800 'java/lang/invoke/LambdaForm$MH+0x0000021511b60800'
Event: 252.546 Thread 0x000002157ff29730 Unloading class 0x0000021511b60000 'java/lang/invoke/LambdaForm$MH+0x0000021511b60000'

Classes redefined (0 events):
No events

Internal exceptions (20 events):
Event: 27.377 Thread 0x0000021558710d60 Exception <a 'java/lang/IncompatibleClassChangeError'{0x000000008ef510d8}: Found class java.lang.Object, but interface was expected> (0x000000008ef510d8) 
thrown [s\open\src\hotspot\share\interpreter\linkResolver.cpp, line 840]
Event: 27.377 Thread 0x00000215587162b0 Exception <a 'java/lang/IncompatibleClassChangeError'{0x000000008ead4318}: Found class java.lang.Object, but interface was expected> (0x000000008ead4318) 
thrown [s\open\src\hotspot\share\interpreter\linkResolver.cpp, line 840]
Event: 27.377 Thread 0x00000215587134c0 Exception <a 'java/lang/IncompatibleClassChangeError'{0x000000008f6665e8}: Found class java.lang.Object, but interface was expected> (0x000000008f6665e8) 
thrown [s\open\src\hotspot\share\interpreter\linkResolver.cpp, line 840]
Event: 27.377 Thread 0x0000021558712110 Exception <a 'java/lang/IncompatibleClassChangeError'{0x000000008f7daed8}: Found class java.lang.Object, but interface was expected> (0x000000008f7daed8) 
thrown [s\open\src\hotspot\share\interpreter\linkResolver.cpp, line 840]
Event: 27.377 Thread 0x00000215587106d0 Exception <a 'java/lang/IncompatibleClassChangeError'{0x000000008eafea10}: Found class java.lang.Object, but interface was expected> (0x000000008eafea10) 
thrown [s\open\src\hotspot\share\interpreter\linkResolver.cpp, line 840]
Event: 27.377 Thread 0x0000021558713b50 Exception <a 'java/lang/IncompatibleClassChangeError'{0x000000008f0669d8}: Found class java.lang.Object, but interface was expected> (0x000000008f0669d8) 
thrown [s\open\src\hotspot\share\interpreter\linkResolver.cpp, line 840]
Event: 27.693 Thread 0x0000021558713b50 Exception <a 'java/lang/IncompatibleClassChangeError'{0x000000008de77218}: Found class java.lang.Object, but interface was expected> (0x000000008de77218) 
thrown [s\open\src\hotspot\share\interpreter\linkResolver.cpp, line 840]
Event: 27.693 Thread 0x0000021558711a80 Exception <a 'java/lang/IncompatibleClassChangeError'{0x000000008e0ad630}: Found class java.lang.Object, but interface was expected> (0x000000008e0ad630) 
thrown [s\open\src\hotspot\share\interpreter\linkResolver.cpp, line 840]
Event: 27.721 Thread 0x0000021558714870 Exception <a 'java/lang/IncompatibleClassChangeError'{0x000000008df88760}: Found class java.lang.Object, but interface was expected> (0x000000008df88760) 
thrown [s\open\src\hotspot\share\interpreter\linkResolver.cpp, line 840]
Event: 247.114 Thread 0x000002155eca9c80 Implicit null exception at 0x0000021507ea8582 to 0x0000021507ea8a24
Event: 247.256 Thread 0x000002155eca9c80 Implicit null exception at 0x00000215081a75d9 to 0x00000215081a7738
Event: 247.315 Thread 0x000002155eca9c80 Exception <a 'java/lang/NoSuchMethodError'{0x000000008c8b4348}: 'int java.lang.invoke.DirectMethodHandle$Holder.invokeStatic(java.lang.Object, java.lang.Object, int, int)'> (0x000000008c8b4348) 
thrown [s\open\src\hotspot\share\interpreter\linkResolver.cpp, line 773]
Event: 248.994 Thread 0x000002155ecaa9a0 Exception <a 'java/lang/NoSuchMethodError'{0x000000008c457918}: 'java.lang.Object java.lang.invoke.DirectMethodHandle$Holder.invokeVirtual(java.lang.Object, java.lang.Object, long)'> (0x000000008c457918) 
thrown [s\open\src\hotspot\share\interpreter\linkResolver.cpp, line 773]
Event: 248.994 Thread 0x00000215587dca60 Exception <a 'java/lang/NoSuchMethodError'{0x000000008c464b18}: 'java.lang.Object java.lang.invoke.DirectMethodHandle$Holder.invokeVirtual(java.lang.Object, java.lang.Object, long)'> (0x000000008c464b18) 
thrown [s\open\src\hotspot\share\interpreter\linkResolver.cpp, line 773]
Event: 248.997 Thread 0x00000215587dca60 Exception <a 'java/lang/NoSuchMethodError'{0x000000008c4687f0}: 'long java.lang.invoke.DirectMethodHandle$Holder.invokeStatic(java.lang.Object, java.lang.Object, int)'> (0x000000008c4687f0) 
thrown [s\open\src\hotspot\share\interpreter\linkResolver.cpp, line 773]
Event: 248.997 Thread 0x000002155ecaa9a0 Exception <a 'java/lang/NoSuchMethodError'{0x000000008c47a430}: 'long java.lang.invoke.DirectMethodHandle$Holder.invokeStatic(java.lang.Object, java.lang.Object, int)'> (0x000000008c47a430) 
thrown [s\open\src\hotspot\share\interpreter\linkResolver.cpp, line 773]
Event: 249.056 Thread 0x000002155f159830 Exception <a 'java/lang/IncompatibleClassChangeError'{0x000000008c38c920}: Found class java.lang.Object, but interface was expected> (0x000000008c38c920) 
thrown [s\open\src\hotspot\share\interpreter\linkResolver.cpp, line 840]
Event: 249.056 Thread 0x000002155eca9c80 Exception <a 'java/lang/IncompatibleClassChangeError'{0x000000008c365cd8}: Found class java.lang.Object, but interface was expected> (0x000000008c365cd8) 
thrown [s\open\src\hotspot\share\interpreter\linkResolver.cpp, line 840]
Event: 249.152 Thread 0x000002155eca9c80 Implicit null exception at 0x0000021508221593 to 0x0000021508221b40
Event: 249.153 Thread 0x000002155eca9c80 Implicit null exception at 0x000002150818887e to 0x0000021508188c78

ZGC Phase Switch (0 events):
No events

VM Operations (20 events):
Event: 250.706 Executing VM operation: Cleanup done
Event: 252.046 Executing VM operation: G1CollectForAllocation (G1 Evacuation Pause)
Event: 252.187 Executing VM operation: G1CollectForAllocation (G1 Evacuation Pause) done
Event: 252.544 Executing VM operation: G1PauseRemark
Event: 252.779 Executing VM operation: G1PauseRemark done
Event: 252.912 Executing VM operation: G1PauseCleanup
Event: 252.927 Executing VM operation: G1PauseCleanup done
Event: 253.930 Executing VM operation: Cleanup
Event: 253.931 Executing VM operation: Cleanup done
Event: 254.936 Executing VM operation: Cleanup
Event: 254.936 Executing VM operation: Cleanup done
Event: 256.954 Executing VM operation: Cleanup
Event: 256.954 Executing VM operation: Cleanup done
Event: 258.982 Executing VM operation: Cleanup
Event: 258.982 Executing VM operation: Cleanup done
Event: 263.016 Executing VM operation: Cleanup
Event: 263.017 Executing VM operation: Cleanup done
Event: 265.028 Executing VM operation: Cleanup
Event: 265.028 Executing VM operation: Cleanup done
Event: 266.031 Executing VM operation: Cleanup

Events (20 events):
Event: 252.774 Thread 0x000002157ff29730 flushing nmethod 0x0000021500bf5c90
Event: 252.774 Thread 0x000002157ff29730 flushing nmethod 0x0000021500da2310
Event: 252.774 Thread 0x000002157ff29730 flushing nmethod 0x00000215006dbe10
Event: 252.774 Thread 0x000002157ff29730 flushing nmethod 0x00000215006dc610
Event: 252.774 Thread 0x000002157ff29730 flushing nmethod 0x0000021500d50a90
Event: 252.774 Thread 0x000002157ff29730 flushing nmethod 0x0000021500d77510
Event: 252.774 Thread 0x000002157ff29730 flushing nmethod 0x0000021500da4e90
Event: 252.774 Thread 0x000002157ff29730 flushing nmethod 0x0000021500da6790
Event: 252.774 Thread 0x000002157ff29730 flushing nmethod 0x0000021500da6b90
Event: 252.774 Thread 0x000002157ff29730 flushing nmethod 0x0000021500055c10
Event: 252.774 Thread 0x000002157ff29730 flushing nmethod 0x000002150060b010
Event: 252.774 Thread 0x000002157ff29730 flushing nmethod 0x0000021500dfbc10
Event: 252.787 Thread 0x000002150f7de060 Thread exited: 0x000002150f7de060
Event: 252.839 Thread 0x000002150f7de060 Thread added: 0x000002150f7de060
Event: 254.408 Thread 0x000002150f7de060 Thread exited: 0x000002150f7de060
Event: 254.526 Thread 0x000002155e964040 Thread exited: 0x000002155e964040
Event: 258.504 Thread 0x000002150f7de060 Thread added: 0x000002150f7de060
Event: 262.537 Thread 0x000002150f7de060 Thread exited: 0x000002150f7de060
Event: 264.673 Thread 0x0000021558662d70 Thread added: 0x0000021558662d70
Event: 265.940 Thread 0x0000021558662d70 Thread exited: 0x0000021558662d70


Dynamic libraries:
0x00007ff789c60000 - 0x00007ff789c70000 	C:\Program Files\Java\jdk-21\bin\java.exe
0x00007ffdc8860000 - 0x00007ffdc8ac0000 	C:\WINDOWS\SYSTEM32\ntdll.dll
0x00007ffdc7ec0000 - 0x00007ffdc7f87000 	C:\WINDOWS\System32\KERNEL32.DLL
0x00007ffdc5e80000 - 0x00007ffdc624a000 	C:\WINDOWS\System32\KERNELBASE.dll
0x00007ffdc25a0000 - 0x00007ffdc263c000 	C:\WINDOWS\SYSTEM32\apphelp.dll
0x00007ffdc5c50000 - 0x00007ffdc5d9b000 	C:\WINDOWS\System32\ucrtbase.dll
0x00007ffdb10a0000 - 0x00007ffdb10bb000 	C:\Program Files\Java\jdk-21\bin\VCRUNTIME140.dll
0x00007ffdad520000 - 0x00007ffdad539000 	C:\Program Files\Java\jdk-21\bin\jli.dll
0x00007ffdc78f0000 - 0x00007ffdc79a2000 	C:\WINDOWS\System32\ADVAPI32.dll
0x00007ffdc81b0000 - 0x00007ffdc8259000 	C:\WINDOWS\System32\msvcrt.dll
0x00007ffdc7750000 - 0x00007ffdc77f6000 	C:\WINDOWS\System32\sechost.dll
0x00007ffdc8700000 - 0x00007ffdc8816000 	C:\WINDOWS\System32\RPCRT4.dll
0x00007ffdc8260000 - 0x00007ffdc842c000 	C:\WINDOWS\System32\USER32.dll
0x00007ffdc5da0000 - 0x00007ffdc5dc7000 	C:\WINDOWS\System32\win32u.dll
0x00007ffdaaf70000 - 0x00007ffdab207000 	C:\WINDOWS\WinSxS\amd64_microsoft.windows.common-controls_6595b64144ccf1df_6.0.26100.3624_none_3e086962e3345f24\COMCTL32.dll
0x00007ffdc7720000 - 0x00007ffdc774a000 	C:\WINDOWS\System32\GDI32.dll
0x00007ffdc63d0000 - 0x00007ffdc6501000 	C:\WINDOWS\System32\gdi32full.dll
0x00007ffdc5dd0000 - 0x00007ffdc5e73000 	C:\WINDOWS\System32\msvcp_win.dll
0x00007ffdb20e0000 - 0x00007ffdb20eb000 	C:\WINDOWS\SYSTEM32\VERSION.dll
0x00007ffdc6bc0000 - 0x00007ffdc6bef000 	C:\WINDOWS\System32\IMM32.DLL
0x00007ffdbf1b0000 - 0x00007ffdbf1bc000 	C:\Program Files\Java\jdk-21\bin\vcruntime140_1.dll
0x00007ffd971d0000 - 0x00007ffd9725e000 	C:\Program Files\Java\jdk-21\bin\msvcp140.dll
0x00007ffd5cda0000 - 0x00007ffd5dab8000 	C:\Program Files\Java\jdk-21\bin\server\jvm.dll
0x00007ffdc8130000 - 0x00007ffdc81a4000 	C:\WINDOWS\System32\WS2_32.dll
0x00007ffdc5230000 - 0x00007ffdc528e000 	C:\WINDOWS\SYSTEM32\POWRPROF.dll
0x00007ffdbc010000 - 0x00007ffdbc046000 	C:\WINDOWS\SYSTEM32\WINMM.dll
0x00007ffdc51e0000 - 0x00007ffdc51f4000 	C:\WINDOWS\SYSTEM32\UMPDC.dll
0x00007ffdc4850000 - 0x00007ffdc486a000 	C:\WINDOWS\SYSTEM32\kernel.appcore.dll
0x00007ffdb73c0000 - 0x00007ffdb73ca000 	C:\Program Files\Java\jdk-21\bin\jimage.dll
0x00007ffdc30f0000 - 0x00007ffdc3331000 	C:\WINDOWS\SYSTEM32\DBGHELP.DLL
0x00007ffdc67c0000 - 0x00007ffdc6b42000 	C:\WINDOWS\System32\combase.dll
0x00007ffdc6660000 - 0x00007ffdc6736000 	C:\WINDOWS\System32\OLEAUT32.dll
0x00007ffdaa690000 - 0x00007ffdaa6c9000 	C:\WINDOWS\SYSTEM32\dbgcore.DLL
0x00007ffdc5a40000 - 0x00007ffdc5ad9000 	C:\WINDOWS\System32\bcryptPrimitives.dll
0x00007ffdab310000 - 0x00007ffdab32f000 	C:\Program Files\Java\jdk-21\bin\java.dll
0x00007ffdc6d70000 - 0x00007ffdc7499000 	C:\WINDOWS\System32\SHELL32.dll
0x00007ffdc5ae0000 - 0x00007ffdc5c48000 	C:\WINDOWS\System32\wintypes.dll
0x00007ffdc3700000 - 0x00007ffdc3f52000 	C:\WINDOWS\SYSTEM32\windows.storage.dll
0x00007ffdc7800000 - 0x00007ffdc78ed000 	C:\WINDOWS\System32\SHCORE.dll
0x00007ffdc6b50000 - 0x00007ffdc6bb4000 	C:\WINDOWS\System32\shlwapi.dll
0x00007ffdc5950000 - 0x00007ffdc597f000 	C:\WINDOWS\SYSTEM32\profapi.dll
0x00007ffd86160000 - 0x00007ffd86237000 	C:\Program Files\Java\jdk-21\bin\jsvml.dll
0x00007ffdb62e0000 - 0x00007ffdb62f0000 	C:\Program Files\Java\jdk-21\bin\net.dll
0x00007ffdb6a30000 - 0x00007ffdb6b4d000 	C:\WINDOWS\SYSTEM32\WINHTTP.dll
0x00007ffdc4d70000 - 0x00007ffdc4dda000 	C:\WINDOWS\system32\mswsock.dll
0x00007ffda88e0000 - 0x00007ffda88f6000 	C:\Program Files\Java\jdk-21\bin\nio.dll
0x00007ffda88c0000 - 0x00007ffda88d8000 	C:\Program Files\Java\jdk-21\bin\zip.dll
0x00007ffdb0aa0000 - 0x00007ffdb0aae000 	C:\Program Files\Java\jdk-21\bin\sunmscapi.dll
0x00007ffdc6250000 - 0x00007ffdc63c7000 	C:\WINDOWS\System32\CRYPT32.dll
0x00007ffdc5330000 - 0x00007ffdc5360000 	C:\WINDOWS\SYSTEM32\ncrypt.dll
0x00007ffdc52e0000 - 0x00007ffdc531f000 	C:\WINDOWS\SYSTEM32\NTASN1.dll
0x00007ffdc5010000 - 0x00007ffdc502c000 	C:\WINDOWS\SYSTEM32\CRYPTSP.dll
0x00007ffdc47b0000 - 0x00007ffdc47ea000 	C:\WINDOWS\system32\rsaenh.dll
0x00007ffdc4e10000 - 0x00007ffdc4e3b000 	C:\WINDOWS\SYSTEM32\USERENV.dll
0x00007ffdc5920000 - 0x00007ffdc5946000 	C:\WINDOWS\SYSTEM32\bcrypt.dll
0x00007ffdc5030000 - 0x00007ffdc503c000 	C:\WINDOWS\SYSTEM32\CRYPTBASE.dll
0x00007ffdc4330000 - 0x00007ffdc4363000 	C:\WINDOWS\SYSTEM32\IPHLPAPI.DLL
0x00007ffdc74a0000 - 0x00007ffdc74aa000 	C:\WINDOWS\System32\NSI.dll
0x00007ffdaf460000 - 0x00007ffdaf46a000 	C:\Program Files\Java\jdk-21\bin\management.dll
0x00007ffdaf430000 - 0x00007ffdaf43b000 	C:\Program Files\Java\jdk-21\bin\management_ext.dll
0x00007ffdc8610000 - 0x00007ffdc8618000 	C:\WINDOWS\System32\PSAPI.DLL
0x00007ffdaf300000 - 0x00007ffdaf310000 	C:\Program Files\Java\jdk-21\bin\verify.dll
0x00007ffdc4400000 - 0x00007ffdc4525000 	C:\WINDOWS\SYSTEM32\DNSAPI.dll
0x00007ffdb6b60000 - 0x00007ffdb6b6b000 	C:\Windows\System32\rasadhlp.dll
0x00007ffdbdae0000 - 0x00007ffdbdb65000 	C:\WINDOWS\System32\fwpuclnt.dll
0x00007ffdad150000 - 0x00007ffdad159000 	C:\Program Files\Java\jdk-21\bin\extnet.dll
0x00007ffd97620000 - 0x00007ffd97628000 	C:\WINDOWS\system32\wshunix.dll

dbghelp: loaded successfully - version: 4.0.5 - missing functions: none
symbol engine: initialized successfully - sym options: 0x614 - pdb path: .;C:\Program Files\Java\jdk-21\bin;C:\WINDOWS\SYSTEM32;C:\WINDOWS\WinSxS\amd64_microsoft.windows.common-controls_6595b64144ccf1df_6.0.26100.3624_none_3e086962e3345f24;C:\Program Files\Java\jdk-21\bin\server

VM Arguments:
jvm_args: -XX:+ShowCodeDetailsInExceptionMessages 
java_command: com.example.FacebookCloneBE.FacebookCloneBeApplication
java_class_path (initial): C:\laragon\www\PROJECT\MVC\FacebookCloneBE\target\classes;C:\Users\CAM TRI\.m2\repository\org\springframework\boot\spring-boot-starter-web\3.4.3\spring-boot-starter-web-3.4.3.jar;C:\Users\CAM TRI\.m2\repository\org\springframework\boot\spring-boot-starter\3.4.3\spring-boot-starter-3.4.3.jar;C:\Users\CAM TRI\.m2\repository\org\springframework\boot\spring-boot\3.4.3\spring-boot-3.4.3.jar;C:\Users\CAM TRI\.m2\repository\org\springframework\boot\spring-boot-autoconfigure\3.4.3\spring-boot-autoconfigure-3.4.3.jar;C:\Users\CAM TRI\.m2\repository\org\springframework\boot\spring-boot-starter-logging\3.4.3\spring-boot-starter-logging-3.4.3.jar;C:\Users\CAM TRI\.m2\repository\ch\qos\logback\logback-classic\1.5.16\logback-classic-1.5.16.jar;C:\Users\CAM TRI\.m2\repository\ch\qos\logback\logback-core\1.5.16\logback-core-1.5.16.jar;C:\Users\CAM TRI\.m2\repository\org\apache\logging\log4j\log4j-to-slf4j\2.24.3\log4j-to-slf4j-2.24.3.jar;C:\Users\CAM TRI\.m2\repository\org\apache\logging\log4j\log4j-api\2.24.3\log4j-api-2.24.3.jar;C:\Users\CAM TRI\.m2\repository\org\slf4j\jul-to-slf4j\2.0.16\jul-to-slf4j-2.0.16.jar;C:\Users\CAM TRI\.m2\repository\jakarta\annotation\jakarta.annotation-api\2.1.1\jakarta.annotation-api-2.1.1.jar;C:\Users\CAM TRI\.m2\repository\org\yaml\snakeyaml\2.3\snakeyaml-2.3.jar;C:\Users\CAM TRI\.m2\repository\org\springframework\boot\spring-boot-starter-json\3.4.3\spring-boot-starter-json-3.4.3.jar;C:\Users\CAM TRI\.m2\repository\com\fasterxml\jackson\datatype\jackson-datatype-jdk8\2.18.2\jackson-datatype-jdk8-2.18.2.jar;C:\Users\CAM TRI\.m2\repository\com\fasterxml\jackson\datatype\jackson-datatype-jsr310\2.18.2\jackson-datatype-jsr310-2.18.2.jar;C:\Users\CAM TRI\.m2\repository\com\fasterxml\jackson\module\jackson-module-parameter-names\2.18.2\jackson-module-parameter-names-2.18.2.jar;C:\Users\CAM TRI\.m2\repository\org\springframework\boot\spring-boot-starter-tomcat\3.4.3\spring-boot-starter-tomcat-3.4.3.jar;C:\Users\CAM TRI\.m2\repository\org\apache\tomcat\embed\tomcat-embed-core\10.1.36\tomcat-embed-core-10.1.36.jar;C:\Users\CAM TRI\.m2\repository\org\apache\tomcat\embed\tomcat-embed-websocket\10.1.36\tomcat-embed-websocket-10.1.36.jar;C:\Users\CAM TRI\.m2\repository\org\springframework\spring-web\6.2.3\spring-web-6.2.3.jar;C:\Users\CAM TRI\.m2\repository\org\springframework\spring-beans\6.2.3\spring-beans-6.2.3.jar;C:\Users\CAM TRI\.m2\repository\io\micrometer\micrometer-observation\1.14.4\micrometer-observation-1.14.4.jar;C:\Users\CAM TRI\.m2\repository\io\micrometer\micrometer-commons\1.14.4\micrometer-commons-1.14.4.jar;C:\Users\CAM TRI\.m2\repository\org\springframework\spring-webmvc\6.2.3\spring-webmvc-6.2.3.jar;C:\Users\CAM TRI\.m2\repository\org\springframework\spring-context\6.2.3\spring-context-6.2.3.jar;C:\Users\CAM TRI\.m2\repository\org\springframework\spring-expression\6.2.3\spring-expression-6.2.3.jar;C:\Users\CAM TRI\.m2\repository\com\mysql\mysql-connector-j\9.1.0\mysql-connector-j-9.1.0.jar;C:\Users\CAM TRI\.m2\repository\org\projectlombok\lombok\1.18.36\lombok-1.18.36.jar;C:\Users\CAM TRI\.m2\repository\org\slf4j\slf4j-api\2.0.16\slf4j-api-2.0.16.jar;C:\Users\CAM TRI\.m2\repository\jakarta\xml\bind\jakarta.xml.bind-api\4.0.2\jakarta.xml.bind-api-4.0.2.jar;C:\Users\CAM TRI\.m2\repository\jakarta\activation\jakarta.activation-api\2.1.3\jakarta.activation-api-2.1.3.jar;C:\Users\CAM TRI\.m2\repository\net\bytebuddy\byte-buddy\1.15.11\byte-buddy-1.15.11.jar;C:\Users\CAM TRI\.m2\repository\org\springframework\spring-core\6.2.3\spring-core-6.2.3.jar;C:\Users\CAM TRI\.m2\repository\org\springframework\spring-jcl\6.2.3\spring-jcl-6.2.3.jar;C:\Users\CAM TRI\.m2\repository\org\springframework\boot\spring-boot-starter-data-jpa\3.4.3\spring-boot-starter-data-jpa-3.4.3.jar;C:\Users\CAM TRI\.m2\repository\org\springframework\boot\spring-boot-starter-jdbc\3.4.3\spring-boot-starter-jdbc-3.4.3.jar;C:\Users\CAM TRI\.m2\repository\com\zaxxer\HikariCP\5.1.0\HikariCP-5.1.0.jar;C:\Users\CAM TRI\.m2\repository\org\springframework\spring-jdbc\6.2.3\spring-jdbc-6.2.3.jar;C:\Users\CAM TRI\.m2\repository\org\hibernate\orm\hibernate-core\6.6.8.Final\hibernate-core-6.6.8.Final.jar;C:\Users\CAM TRI\.m2\repository\jakarta\persistence\jakarta.persistence-api\3.1.0\jakarta.persistence-api-3.1.0.jar;C:\Users\CAM TRI\.m2\repository\jakarta\transaction\jakarta.transaction-api\2.0.1\jakarta.transaction-api-2.0.1.jar;C:\Users\CAM TRI\.m2\repository\org\jboss\logging\jboss-logging\3.6.1.Final\jboss-logging-3.6.1.Final.jar;C:\Users\CAM TRI\.m2\repository\org\hibernate\common\hibernate-commons-annotations\7.0.3.Final\hibernate-commons-annotations-7.0.3.Final.jar;C:\Users\CAM TRI\.m2\repository\io\smallrye\jandex\3.2.0\jandex-3.2.0.jar;C:\Users\CAM TRI\.m2\repository\com\fasterxml\classmate\1.7.0\classmate-1.7.0.jar;C:\Users\CAM TRI\.m2\repository\org\glassfish\jaxb\jaxb-runtime\4.0.5\jaxb-runtime-4.0.5.jar;C:\Users\CAM TRI\.m2\repository\org\glassfish\jaxb\jaxb-core\4.0.5\jaxb-core-4.0.5.jar;C:\Users\CAM TRI\.m2\repository\org\eclipse\angus\angus-activation\2.0.2\angus-activation-2.0.2.jar;C:\Users\CAM TRI\.m2\repository\org\glassfish\jaxb\txw2\4.0.5\txw2-4.0.5.jar;C:\Users\CAM TRI\.m2\repository\com\sun\istack\istack-commons-runtime\4.1.2\istack-commons-runtime-4.1.2.jar;C:\Users\CAM TRI\.m2\repository\jakarta\inject\jakarta.inject-api\2.0.1\jakarta.inject-api-2.0.1.jar;C:\Users\CAM TRI\.m2\repository\org\antlr\antlr4-runtime\4.13.0\antlr4-runtime-4.13.0.jar;C:\Users\CAM TRI\.m2\repository\org\springframework\data\spring-data-jpa\3.4.3\spring-data-jpa-3.4.3.jar;C:\Users\CAM TRI\.m2\repository\org\springframework\data\spring-data-commons\3.4.3\spring-data-commons-3.4.3.jar;C:\Users\CAM TRI\.m2\repository\org\springframework\spring-orm\6.2.3\spring-orm-6.2.3.jar;C:\Users\CAM TRI\.m2\repository\org\springframework\spring-tx\6.2.3\spring-tx-6.2.3.jar;C:\Users\CAM TRI\.m2\repository\org\springframework\spring-aspects\6.2.3\spring-aspects-6.2.3.jar;C:\Users\CAM TRI\.m2\repository\org\aspectj\aspectjweaver\1.9.22.1\aspectjweaver-1.9.22.1.jar;C:\Users\CAM TRI\.m2\repository\org\springframework\boot\spring-boot-starter-validation\3.4.3\spring-boot-starter-validation-3.4.3.jar;C:\Users\CAM TRI\.m2\repository\org\apache\tomcat\embed\tomcat-embed-el\10.1.36\tomcat-embed-el-10.1.36.jar;C:\Users\CAM TRI\.m2\repository\org\hibernate\validator\hibernate-validator\8.0.2.Final\hibernate-validator-8.0.2.Final.jar;C:\Users\CAM TRI\.m2\repository\jakarta\validation\jakarta.validation-api\3.0.2\jakarta.validation-api-3.0.2.jar;C:\Users\CAM TRI\.m2\repository\com\cloudinary\cloudinary-http44\1.29.0\cloudinary-http44-1.29.0.jar;C:\Users\CAM TRI\.m2\repository\com\cloudinary\cloudinary-core\1.29.0\cloudinary-core-1.29.0.jar;C:\Users\CAM TRI\.m2\repository\org\apache\commons\commons-lang3\3.17.0\commons-lang3-3.17.0.jar;C:\Users\CAM TRI\.m2\repository\org\apache\httpcomponents\httpclient\4.4\httpclient-4.4.jar;C:\Users\CAM TRI\.m2\repository\org\apache\httpcomponents\httpcore\4.4.16\httpcore-4.4.16.jar;C:\Users\CAM TRI\.m2\repository\commons-logging\commons-logging\1.2\commons-logging-1.2.jar;C:\Users\CAM TRI\.m2\repository\commons-codec\commons-codec\1.17.2\commons-codec-1.17.2.jar;C:\Users\CAM TRI\.m2\repository\org\apache\httpcomponents\httpmime\4.4\httpmime-4.4.jar;C:\Users\CAM TRI\.m2\repository\io\jsonwebtoken\jjwt-api\0.12.6\jjwt-api-0.12.6.jar;C:\Users\CAM TRI\.m2\repository\io\jsonwebtoken\jjwt-impl\0.12.6\jjwt-impl-0.12.6.jar;C:\Users\CAM TRI\.m2\repository\io\jsonwebtoken\jjwt-jackson\0.12.6\jjwt-jackson-0.12.6.jar;C:\Users\CAM TRI\.m2\repository\com\fasterxml\jackson\core\jackson-databind\2.18.2\jackson-databind-2.18.2.jar;C:\Users\CAM TRI\.m2\repository\com\fasterxml\jackson\core\jackson-annotations\2.18.2\jackson-annotations-2.18.2.jar;C:\Users\CAM TRI\.m2\repository\com\fasterxml\jackson\core\jackson-core\2.18.2\jackson-core-2.18.2.jar;C:\Users\CAM TRI\.m2\repository\org\springframework\boot\spring-boot-starter-security\3.4.3\spring-boot-starter-security-3.4.3.jar;C:\Users\CAM TRI\.m2\repository\org\springframework\spring-aop\6.2.3\spring-aop-6.2.3.jar;C:\Users\CAM TRI\.m2\repository\org\springframework\security\spring-security-config\6.4.3\spring-security-config-6.4.3.jar;C:\Users\CAM TRI\.m2\repository\org\springframework\security\spring-security-core\6.4.3\spring-security-core-6.4.3.jar;C:\Users\CAM TRI\.m2\repository\org\springframework\security\spring-security-crypto\6.4.3\spring-security-crypto-6.4.3.jar;C:\Users\CAM TRI\.m2\repository\org\springframework\security\spring-security-web\6.4.3\spring-security-web-6.4.3.jar;C:\Users\CAM TRI\.m2\repository\org\springframework\boot\spring-boot-starter-websocket\3.4.3\spring-boot-starter-websocket-3.4.3.jar;C:\Users\CAM TRI\.m2\repository\org\springframework\spring-messaging\6.2.3\spring-messaging-6.2.3.jar;C:\Users\CAM TRI\.m2\repository\org\springframework\spring-websocket\6.2.3\spring-websocket-6.2.3.jar
Launcher Type: SUN_STANDARD

[Global flags]
     intx CICompilerCount                          = 4                                         {product} {ergonomic}
     uint ConcGCThreads                            = 2                                         {product} {ergonomic}
     uint G1ConcRefinementThreads                  = 8                                         {product} {ergonomic}
   size_t G1HeapRegionSize                         = 1048576                                   {product} {ergonomic}
    uintx GCDrainStackTargetSize                   = 64                                        {product} {ergonomic}
   size_t InitialHeapSize                          = 130023424                                 {product} {ergonomic}
   size_t MarkStackSize                            = 4194304                                   {product} {ergonomic}
   size_t MaxHeapSize                              = 2067791872                                {product} {ergonomic}
   size_t MaxNewSize                               = 1240465408                                {product} {ergonomic}
   size_t MinHeapDeltaBytes                        = 1048576                                   {product} {ergonomic}
   size_t MinHeapSize                              = 8388608                                   {product} {ergonomic}
    uintx NonNMethodCodeHeapSize                   = 5839372                                {pd product} {ergonomic}
    uintx NonProfiledCodeHeapSize                  = 122909434                              {pd product} {ergonomic}
    uintx ProfiledCodeHeapSize                     = 122909434                              {pd product} {ergonomic}
    uintx ReservedCodeCacheSize                    = 251658240                              {pd product} {ergonomic}
     bool SegmentedCodeCache                       = true                                      {product} {ergonomic}
     bool ShowCodeDetailsInExceptionMessages       = true                                   {manageable} {command line}
   size_t SoftMaxHeapSize                          = 2067791872                             {manageable} {ergonomic}
     bool UseCompressedOops                        = true                           {product lp64_product} {ergonomic}
     bool UseG1GC                                  = true                                      {product} {ergonomic}
     bool UseLargePagesIndividualAllocation        = false                                  {pd product} {ergonomic}

Logging:
Log output configuration:
 #0: stdout all=warning uptime,level,tags foldmultilines=false
 #1: stderr all=off uptime,level,tags foldmultilines=false

Environment Variables:
JAVA_HOME=C:\Program Files\Java\jdk-21
PATH=C:\Program Files\WindowsApps\Microsoft.PowerShell_7.5.1.0_x64__8wekyb3d8bbwe;C:\Program Files\Common Files\Oracle\Java\javapath;C:\WINDOWS\system32;C:\WINDOWS;C:\WINDOWS\System32\Wbem;C:\WINDOWS\System32\WindowsPowerShell\v1.0\;C:\WINDOWS\System32\OpenSSH\;C:\Program Files (x86)\Microsoft SQL Server\160\Tools\Binn\;C:\Program Files\Microsoft SQL Server\160\Tools\Binn\;C:\Program Files\Microsoft SQL Server\Client SDK\ODBC\170\Tools\Binn\;C:\Program Files\Microsoft SQL Server\160\DTS\Binn\;C:\Program Files\Azure Data Studio\bin;C:\Program Files (x86)\Dev-Cpp\MinGW64\bin;C:\Program Files\Java\jdk-21\bin;C:\Program Files (x86)\Microsoft SQL Server\160\DTS\Binn\;C:\Program Files\Git\cmd;C:\Program Files\nodejs\;C:\Program Files\Java\jdk-21\bin;C:\Program Files\dotnet\;C:\laragon\bin\php\php-8.1.10-Win32-vs16-x64;C:\ProgramData\ComposerSetup\bin;C:\Program Files\Apache\apache-maven-3.9.9\bin;C:\Users\CAM TRI\AppData\Local\Microsoft\WindowsApps;C:\Program Files\Azure Data Studio\bin;C:\Users\CAM TRI\AppData\Local\Programs\Microsoft VS Code\bin;C:\Users\CAM TRI\AppData\Local\GitHubDesktop\bin;C:\Users\CAM TRI\AppData\Roaming\npm;C:\Program Files\MySQL\MySQL Server 8.0\bin;C:\gradle\gradle-8.10.2\bin;C:\Users\CAM TRI\.dotnet\tools;C:\Program Files\dotnet;C:\laragon\bin\php\php-8.1.10-Win32-vs16-x64;C:\Users\CAM TRI\AppData\Roaming\Composer\vendor\bin;
USERNAME=CAM TRI
LANG=en_US.UTF-8
OS=Windows_NT
PROCESSOR_IDENTIFIER=Intel64 Family 6 Model 140 Stepping 1, GenuineIntel
TMP=C:\Users\CAMTRI~1\AppData\Local\Temp
TEMP=C:\Users\CAMTRI~1\AppData\Local\Temp




Periodic native trim disabled

---------------  S Y S T E M  ---------------

OS:
 Windows 11 , 64 bit Build 26100 (10.0.26100.3775)
OS uptime: 16 days 1:22 hours

CPU: total 8 (initial active 8) (4 cores per cpu, 2 threads per core) family 6 model 140 stepping 1 microcode 0x9a, cx8, cmov, fxsr, ht, mmx, 3dnowpref, sse, sse2, sse3, ssse3, sse4.1, sse4.2, popcnt, lzcnt, tsc, tscinvbit, avx, avx2, aes, erms, clmul, bmi1, bmi2, adx, avx512f, avx512dq, avx512cd, avx512bw, avx512vl, sha, fma, vzeroupper, avx512_vpopcntdq, avx512_vpclmulqdq, avx512_vaes, avx512_vnni, clflush, clflushopt, clwb, avx512_vbmi2, avx512_vbmi, rdtscp, rdpid, fsrm, gfni, avx512_bitalg, f16c, pku, cet_ibt, cet_ss, avx512_ifma
Processor Information for all 8 processors :
  Max Mhz: 2803, Current Mhz: 2803, Mhz Limit: 2803

Memory: 4k page, system-wide physical 7886M (495M free)
TotalPageFile size 32462M (AvailPageFile size 9M)
current process WorkingSet (physical memory assigned to process): 353M, peak: 396M
current process commit charge ("private bytes"): 554M, peak: 596M

vm_info: Java HotSpot(TM) 64-Bit Server VM (21.0.5+9-LTS-239) for windows-amd64 JRE (21.0.5+9-LTS-239), built on 2024-09-30T05:17:38Z by "mach5one" with MS VC++ 17.6 (VS2022)

END.
