#
# There is insufficient memory for the Java Runtime Environment to continue.
# Native memory allocation (malloc) failed to allocate 1452096 bytes. Error detail: Chunk::new
# Possible reasons:
#   The system is out of physical RAM or swap space
#   This process is running with CompressedOops enabled, and the Java Heap may be blocking the growth of the native heap
# Possible solutions:
#   Reduce memory load on the system
#   Increase physical memory or swap space
#   Check if swap backing store is full
#   Decrease Java heap size (-Xmx/-Xms)
#   Decrease number of Java threads
#   Decrease Java thread stack sizes (-Xss)
#   Set larger code cache with -XX:ReservedCodeCacheSize=
#   JVM is running with Unscaled Compressed Oops mode in which the Java heap is
#     placed in the first 4GB address space. The Java Heap base address is the
#     maximum limit for the native heap growth. Please use -XX:HeapBaseMinAddress
#     to set the Java Heap base and to place the Java Heap above 4GB virtual address.
# This output file may be truncated or incomplete.
#
#  Out of Memory Error (arena.cpp:168), pid=16176, tid=15840
#
# JRE version: OpenJDK Runtime Environment Temurin-21.0.6+7 (21.0.6+7) (build 21.0.6+7-LTS)
# Java VM: OpenJDK 64-Bit Server VM Temurin-21.0.6+7 (21.0.6+7-LTS, mixed mode, sharing, tiered, compressed oops, compressed class ptrs, parallel gc, windows-amd64)
# No core dump will be written. Minidumps are not enabled by default on client versions of Windows
#

---------------  S U M M A R Y ------------

Command Line: --add-modules=ALL-SYSTEM --add-opens=java.base/java.util=ALL-UNNAMED --add-opens=java.base/java.lang=ALL-UNNAMED --add-opens=java.base/sun.nio.fs=ALL-UNNAMED -Declipse.application=org.eclipse.jdt.ls.core.id1 -Dosgi.bundles.defaultStartLevel=4 -Declipse.product=org.eclipse.jdt.ls.core.product -Djava.import.generatesMetadataFilesAtProjectRoot=false -DDetectVMInstallationsJob.disabled=true -Dfile.encoding=utf8 -XX:+UseParallelGC -XX:GCTimeRatio=4 -XX:AdaptiveSizePolicyWeight=90 -Dsun.zip.disableMemoryMapping=true -Xmx1G -Xms100m -Xlog:disable -javaagent:c:\Users\PC\.vscode\extensions\redhat.java-1.41.1-win32-x64\lombok\lombok-1.18.36.jar -XX:+HeapDumpOnOutOfMemoryError -XX:HeapDumpPath=c:\Users\PC\AppData\Roaming\Code\User\workspaceStorage\a84449d331b52214da9fd4f27aea05c4\redhat.java -Daether.dependencyCollector.impl=bf c:\Users\PC\.vscode\extensions\redhat.java-1.41.1-win32-x64\server\plugins\org.eclipse.equinox.launcher_1.7.0.v20250331-1702.jar -configuration c:\Users\PC\AppData\Roaming\Code\User\globalStorage\redhat.java\1.41.1\config_win -data c:\Users\PC\AppData\Roaming\Code\User\workspaceStorage\a84449d331b52214da9fd4f27aea05c4\redhat.java\jdt_ws --pipe=\\.\pipe\lsp-85e60c33f700fa0f7f99c10a930b06e0-sock

Host: 11th Gen Intel(R) Core(TM) i5-1135G7 @ 2.40GHz, 8 cores, 11G,  Windows 11 , 64 bit Build 22621 (10.0.22621.5124)
Time: Mon May  5 00:00:24 2025 SE Asia Standard Time elapsed time: 22.189906 seconds (0d 0h 0m 22s)

---------------  T H R E A D  ---------------

Current thread (0x000002036309c780):  JavaThread "C2 CompilerThread0" daemon [_thread_in_native, id=15840, stack(0x000000605f800000,0x000000605f900000) (1024K)]


Current CompileTask:
C2:22189 14242 %     4       org.eclipse.jdt.internal.core.search.indexing.BinaryIndexer::extractReferenceFromConstantPool @ 15 (358 bytes)

Stack: [0x000000605f800000,0x000000605f900000]
Native frames: (J=compiled Java code, j=interpreted, Vv=VM code, C=native code)
V  [jvm.dll+0x6cdee9]
V  [jvm.dll+0x8a83d1]
V  [jvm.dll+0x8aa8fe]
V  [jvm.dll+0x8aafe3]
V  [jvm.dll+0x27f706]
V  [jvm.dll+0xc500d]
V  [jvm.dll+0xc5543]
V  [jvm.dll+0x2f2acd]
V  [jvm.dll+0x5f6a2a]
V  [jvm.dll+0x250bb2]
V  [jvm.dll+0x250f6f]
V  [jvm.dll+0x249834]
V  [jvm.dll+0x246ec4]
V  [jvm.dll+0x1c75ee]
V  [jvm.dll+0x25685a]
V  [jvm.dll+0x254dfa]
V  [jvm.dll+0x3f0256]
V  [jvm.dll+0x851f8b]
V  [jvm.dll+0x6cc5ed]
C  [ucrtbase.dll+0x29333]
C  [KERNEL32.DLL+0x1259d]
C  [ntdll.dll+0x5af38]


---------------  P R O C E S S  ---------------

Threads class SMR info:
_java_thread_list=0x000002036d82fa80, length=60, elements={
0x000002034ece3f40, 0x000002034ed9b750, 0x000002034ed9cea0, 0x0000020363094fe0,
0x0000020363096fa0, 0x0000020363097bb0, 0x0000020363099900, 0x000002036309c780,
0x00000203630b24f0, 0x0000020364b31200, 0x0000020364dbe970, 0x000002036959ff50,
0x00000203695dd6d0, 0x0000020369a85740, 0x00000203695e3130, 0x0000020369e2b4a0,
0x0000020369f79ef0, 0x0000020369e5f7d0, 0x0000020369e5d700, 0x0000020369e5c9e0,
0x0000020369e5d070, 0x0000020369e5dd90, 0x0000020369e5eab0, 0x0000020369e5c350,
0x0000020369e5e420, 0x0000020369e5f140, 0x000002036b811640, 0x000002036b814ac0,
0x000002036b812360, 0x000002036b810290, 0x000002036b810920, 0x000002036b811cd0,
0x000002036b815e70, 0x000002036b80fc00, 0x000002036b8129f0, 0x000002036b810fb0,
0x000002036b813080, 0x000002036b813710, 0x000002036b815150, 0x000002036b80f570,
0x000002036c832970, 0x000002036c8322e0, 0x000002036c833690, 0x000002036c8315c0,
0x000002036c834a40, 0x000002036c830210, 0x000002036c831c50, 0x000002036c82ee60,
0x000002036c82f4f0, 0x000002036c833d20, 0x000002036c8343b0, 0x000002036c82fb80,
0x000002036c82e140, 0x000002036c830f30, 0x000002036b7cd6b0, 0x000002036b7cdd40,
0x000002036b7cd020, 0x000002036b7cc990, 0x000002036b7ca8c0, 0x000002036b7caf50
}

Java Threads: ( => current thread )
  0x000002034ece3f40 JavaThread "main"                              [_thread_blocked, id=4984, stack(0x000000605ee00000,0x000000605ef00000) (1024K)]
  0x000002034ed9b750 JavaThread "Reference Handler"          daemon [_thread_blocked, id=8724, stack(0x000000605f200000,0x000000605f300000) (1024K)]
  0x000002034ed9cea0 JavaThread "Finalizer"                  daemon [_thread_blocked, id=17696, stack(0x000000605f300000,0x000000605f400000) (1024K)]
  0x0000020363094fe0 JavaThread "Signal Dispatcher"          daemon [_thread_blocked, id=16808, stack(0x000000605f400000,0x000000605f500000) (1024K)]
  0x0000020363096fa0 JavaThread "Attach Listener"            daemon [_thread_blocked, id=5000, stack(0x000000605f500000,0x000000605f600000) (1024K)]
  0x0000020363097bb0 JavaThread "Service Thread"             daemon [_thread_blocked, id=11292, stack(0x000000605f600000,0x000000605f700000) (1024K)]
  0x0000020363099900 JavaThread "Monitor Deflation Thread"   daemon [_thread_blocked, id=9488, stack(0x000000605f700000,0x000000605f800000) (1024K)]
=>0x000002036309c780 JavaThread "C2 CompilerThread0"         daemon [_thread_in_native, id=15840, stack(0x000000605f800000,0x000000605f900000) (1024K)]
  0x00000203630b24f0 JavaThread "C1 CompilerThread0"         daemon [_thread_blocked, id=15148, stack(0x000000605f900000,0x000000605fa00000) (1024K)]
  0x0000020364b31200 JavaThread "Common-Cleaner"             daemon [_thread_blocked, id=19384, stack(0x000000605fa00000,0x000000605fb00000) (1024K)]
  0x0000020364dbe970 JavaThread "Notification Thread"        daemon [_thread_blocked, id=18828, stack(0x000000605fc00000,0x000000605fd00000) (1024K)]
  0x000002036959ff50 JavaThread "Active Thread: Equinox Container: e389fbfd-50b3-4a7a-87e1-53e3a275b336"        [_thread_blocked, id=7984, stack(0x0000006060400000,0x0000006060500000) (1024K)]
  0x00000203695dd6d0 JavaThread "Refresh Thread: Equinox Container: e389fbfd-50b3-4a7a-87e1-53e3a275b336" daemon [_thread_blocked, id=11748, stack(0x0000006060500000,0x0000006060600000) (1024K)]
  0x0000020369a85740 JavaThread "Framework Event Dispatcher: Equinox Container: e389fbfd-50b3-4a7a-87e1-53e3a275b336" daemon [_thread_blocked, id=16072, stack(0x0000006060700000,0x0000006060800000) (1024K)]
  0x00000203695e3130 JavaThread "Start Level: Equinox Container: e389fbfd-50b3-4a7a-87e1-53e3a275b336" daemon [_thread_blocked, id=9088, stack(0x0000006060800000,0x0000006060900000) (1024K)]
  0x0000020369e2b4a0 JavaThread "Bundle File Closer"         daemon [_thread_blocked, id=6068, stack(0x0000006060900000,0x0000006060a00000) (1024K)]
  0x0000020369f79ef0 JavaThread "SCR Component Actor"        daemon [_thread_blocked, id=16148, stack(0x0000006060a00000,0x0000006060b00000) (1024K)]
  0x0000020369e5f7d0 JavaThread "Worker-JM"                         [_thread_blocked, id=12900, stack(0x0000006060c00000,0x0000006060d00000) (1024K)]
  0x0000020369e5d700 JavaThread "JNA Cleaner"                daemon [_thread_blocked, id=10252, stack(0x0000006060d00000,0x0000006060e00000) (1024K)]
  0x0000020369e5c9e0 JavaThread "Worker-0: Initialize workspace"        [_thread_blocked, id=6004, stack(0x0000006060e00000,0x0000006060f00000) (1024K)]
  0x0000020369e5d070 JavaThread "Worker-1"                          [_thread_blocked, id=19748, stack(0x0000006060f00000,0x0000006061000000) (1024K)]
  0x0000020369e5dd90 JavaThread "Java indexing"              daemon [_thread_blocked, id=16496, stack(0x0000006061000000,0x0000006061100000) (1024K)]
  0x0000020369e5eab0 JavaThread "Worker-2: Java indexing... "        [_thread_blocked, id=232, stack(0x0000006061100000,0x0000006061200000) (1024K)]
  0x0000020369e5c350 JavaThread "Worker-3"                          [_thread_blocked, id=16308, stack(0x0000006061200000,0x0000006061300000) (1024K)]
  0x0000020369e5e420 JavaThread "Worker-4"                          [_thread_blocked, id=9720, stack(0x0000006061300000,0x0000006061400000) (1024K)]
  0x0000020369e5f140 JavaThread "Thread-2"                   daemon [_thread_in_native, id=17808, stack(0x0000006061400000,0x0000006061500000) (1024K)]
  0x000002036b811640 JavaThread "Thread-3"                   daemon [_thread_in_native, id=16916, stack(0x0000006061500000,0x0000006061600000) (1024K)]
  0x000002036b814ac0 JavaThread "Thread-4"                   daemon [_thread_in_native, id=13012, stack(0x0000006061600000,0x0000006061700000) (1024K)]
  0x000002036b812360 JavaThread "Thread-5"                   daemon [_thread_in_native, id=1284, stack(0x0000006061700000,0x0000006061800000) (1024K)]
  0x000002036b810290 JavaThread "Thread-6"                   daemon [_thread_in_native, id=14748, stack(0x0000006061800000,0x0000006061900000) (1024K)]
  0x000002036b810920 JavaThread "Thread-7"                   daemon [_thread_in_native, id=20060, stack(0x0000006061900000,0x0000006061a00000) (1024K)]
  0x000002036b811cd0 JavaThread "Thread-8"                   daemon [_thread_in_native, id=10876, stack(0x0000006061a00000,0x0000006061b00000) (1024K)]
  0x000002036b815e70 JavaThread "Thread-9"                   daemon [_thread_in_native, id=17604, stack(0x0000006061b00000,0x0000006061c00000) (1024K)]
  0x000002036b80fc00 JavaThread "Thread-10"                  daemon [_thread_in_native, id=19380, stack(0x0000006061c00000,0x0000006061d00000) (1024K)]
  0x000002036b8129f0 JavaThread "pool-2-thread-1"                   [_thread_blocked, id=15600, stack(0x0000006061d00000,0x0000006061e00000) (1024K)]
  0x000002036b810fb0 JavaThread "WorkspaceEventsHandler"            [_thread_blocked, id=19420, stack(0x0000006061e00000,0x0000006061f00000) (1024K)]
  0x000002036b813080 JavaThread "pool-1-thread-1"                   [_thread_blocked, id=18412, stack(0x0000006061f00000,0x0000006062000000) (1024K)]
  0x000002036b813710 JavaThread "Worker-5"                          [_thread_blocked, id=6376, stack(0x0000006062000000,0x0000006062100000) (1024K)]
  0x000002036b815150 JavaThread "Worker-6: Initialize Workspace"        [_thread_blocked, id=2260, stack(0x0000006062100000,0x0000006062200000) (1024K)]
  0x000002036b80f570 JavaThread "LocalFile Deleter"          daemon [_thread_blocked, id=15276, stack(0x0000006062200000,0x0000006062300000) (1024K)]
  0x000002036c832970 JavaThread "LocalFile Deleter"          daemon [_thread_blocked, id=20376, stack(0x0000006062300000,0x0000006062400000) (1024K)]
  0x000002036c8322e0 JavaThread "LocalFile Deleter"          daemon [_thread_blocked, id=13932, stack(0x0000006062400000,0x0000006062500000) (1024K)]
  0x000002036c833690 JavaThread "LocalFile Deleter"          daemon [_thread_blocked, id=19192, stack(0x0000006062500000,0x0000006062600000) (1024K)]
  0x000002036c8315c0 JavaThread "LocalFile Deleter"          daemon [_thread_blocked, id=14640, stack(0x0000006062600000,0x0000006062700000) (1024K)]
  0x000002036c834a40 JavaThread "LocalFile Deleter"          daemon [_thread_blocked, id=15552, stack(0x0000006062700000,0x0000006062800000) (1024K)]
  0x000002036c830210 JavaThread "LocalFile Deleter"          daemon [_thread_blocked, id=3344, stack(0x0000006062800000,0x0000006062900000) (1024K)]
  0x000002036c831c50 JavaThread "LocalFile Deleter"          daemon [_thread_blocked, id=15436, stack(0x0000006062900000,0x0000006062a00000) (1024K)]
  0x000002036c82ee60 JavaThread "Compiler Source File Reader" daemon [_thread_blocked, id=18012, stack(0x0000006062a00000,0x0000006062b00000) (1024K)]
  0x000002036c82f4f0 JavaThread "Compiler Source File Reader" daemon [_thread_blocked, id=15944, stack(0x0000006062b00000,0x0000006062c00000) (1024K)]
  0x000002036c833d20 JavaThread "Compiler Source File Reader" daemon [_thread_blocked, id=4732, stack(0x0000006062c00000,0x0000006062d00000) (1024K)]
  0x000002036c8343b0 JavaThread "Compiler Source File Reader" daemon [_thread_blocked, id=18648, stack(0x0000006062d00000,0x0000006062e00000) (1024K)]
  0x000002036c82fb80 JavaThread "Compiler Source File Reader" daemon [_thread_blocked, id=13768, stack(0x0000006062e00000,0x0000006062f00000) (1024K)]
  0x000002036c82e140 JavaThread "Compiler Source File Reader" daemon [_thread_blocked, id=304, stack(0x0000006062f00000,0x0000006063000000) (1024K)]
  0x000002036c830f30 JavaThread "Compiler Processing Task"   daemon [_thread_blocked, id=20268, stack(0x0000006060b00000,0x0000006060c00000) (1024K)]
  0x000002036b7cd6b0 JavaThread "Compiler Class File Writer" daemon [_thread_blocked, id=13756, stack(0x0000006063000000,0x0000006063100000) (1024K)]
  0x000002036b7cdd40 JavaThread "Compiler Class File Writer" daemon [_thread_blocked, id=20168, stack(0x0000006063100000,0x0000006063200000) (1024K)]
  0x000002036b7cd020 JavaThread "Compiler Class File Writer" daemon [_thread_blocked, id=15684, stack(0x0000006063200000,0x0000006063300000) (1024K)]
  0x000002036b7cc990 JavaThread "Compiler Class File Writer" daemon [_thread_blocked, id=3224, stack(0x0000006063300000,0x0000006063400000) (1024K)]
  0x000002036b7ca8c0 JavaThread "Compiler Class File Writer" daemon [_thread_blocked, id=14792, stack(0x0000006063400000,0x0000006063500000) (1024K)]
  0x000002036b7caf50 JavaThread "Compiler Class File Writer" daemon [_thread_blocked, id=15408, stack(0x0000006063500000,0x0000006063600000) (1024K)]
Total: 60

Other Threads:
  0x0000020363093c30 VMThread "VM Thread"                           [id=3892, stack(0x000000605f100000,0x000000605f200000) (1024K)]
  0x0000020362fac950 WatcherThread "VM Periodic Task Thread"        [id=13316, stack(0x000000605f000000,0x000000605f100000) (1024K)]
  0x000002034ed03a70 WorkerThread "GC Thread#0"                     [id=17400, stack(0x000000605ef00000,0x000000605f000000) (1024K)]
  0x000002036970bcf0 WorkerThread "GC Thread#1"                     [id=17296, stack(0x000000605fe00000,0x000000605ff00000) (1024K)]
  0x00000203694344f0 WorkerThread "GC Thread#2"                     [id=17836, stack(0x000000605ff00000,0x0000006060000000) (1024K)]
  0x0000020369434890 WorkerThread "GC Thread#3"                     [id=3660, stack(0x0000006060000000,0x0000006060100000) (1024K)]
  0x0000020369434c30 WorkerThread "GC Thread#4"                     [id=10248, stack(0x0000006060100000,0x0000006060200000) (1024K)]
  0x00000203693665d0 WorkerThread "GC Thread#5"                     [id=14628, stack(0x0000006060200000,0x0000006060300000) (1024K)]
  0x0000020369366970 WorkerThread "GC Thread#6"                     [id=5792, stack(0x0000006060300000,0x0000006060400000) (1024K)]
  0x000002036924bac0 WorkerThread "GC Thread#7"                     [id=17936, stack(0x0000006060600000,0x0000006060700000) (1024K)]
Total: 10

Threads with active compile tasks:
C2 CompilerThread0  22207 14242 %     4       org.eclipse.jdt.internal.core.search.indexing.BinaryIndexer::extractReferenceFromConstantPool @ 15 (358 bytes)
Total: 1

VM state: at safepoint (normal execution)

VM Mutex/Monitor currently owned by a thread:  ([mutex/lock_event])
[0x00007ff93b3fe380] Threads_lock - owner thread: 0x0000020363093c30
[0x00007ff93b3fe480] Heap_lock - owner thread: 0x0000020369e5dd90

Heap address: 0x00000000c0000000, size: 1024 MB, Compressed Oops mode: 32-bit

CDS archive(s) mapped at: [0x0000020300000000-0x0000020300ba0000-0x0000020300ba0000), size 12189696, SharedBaseAddress: 0x0000020300000000, ArchiveRelocationMode: 1.
Compressed class space mapped at: 0x0000020301000000-0x0000020341000000, reserved size: 1073741824
Narrow klass base: 0x0000020300000000, Narrow klass shift: 0, Narrow klass range: 0x100000000

GC Precious Log:
 CardTable entry size: 512
 CPUs: 8 total, 8 available
 Memory: 12022M
 Large Page Support: Disabled
 NUMA Support: Disabled
 Compressed Oops: Enabled (32-bit)
 Alignments: Space 512K, Generation 512K, Heap 2M
 Heap Min Capacity: 100M
 Heap Initial Capacity: 100M
 Heap Max Capacity: 1G
 Pre-touch: Disabled
 Parallel Workers: 8

Heap:
 PSYoungGen      total 2560K, used 2432K [0x00000000eab00000, 0x00000000eae80000, 0x0000000100000000)
  eden space 2048K, 100% used [0x00000000eab00000,0x00000000ead00000,0x00000000ead00000)
  from space 512K, 75% used [0x00000000ead80000,0x00000000eade0000,0x00000000eae00000)
  to   space 512K, 75% used [0x00000000eae00000,0x00000000eae60000,0x00000000eae80000)
 ParOldGen       total 442368K, used 441897K [0x00000000c0000000, 0x00000000db000000, 0x00000000eab00000)
  object space 442368K, 99% used [0x00000000c0000000,0x00000000daf8a4b8,0x00000000db000000)
 Metaspace       used 65660K, committed 67200K, reserved 1114112K
  class space    used 6497K, committed 7232K, reserved 1048576K

Card table byte_map: [0x000002034e6a0000,0x000002034e8b0000] _byte_map_base: 0x000002034e0a0000

Marking Bits: (ParMarkBitMap*) 0x00007ff93b403260
 Begin Bits: [0x0000020360ed0000, 0x0000020361ed0000)
 End Bits:   [0x0000020361ed0000, 0x0000020362ed0000)

Polling page: 0x000002034cd60000

Metaspace:

Usage:
  Non-class:     57.78 MB used.
      Class:      6.35 MB used.
       Both:     64.12 MB used.

Virtual space:
  Non-class space:       64.00 MB reserved,      58.56 MB ( 92%) committed,  1 nodes.
      Class space:        1.00 GB reserved,       7.06 MB ( <1%) committed,  1 nodes.
             Both:        1.06 GB reserved,      65.62 MB (  6%) committed. 

Chunk freelists:
   Non-Class:  5.08 MB
       Class:  8.93 MB
        Both:  14.00 MB

MaxMetaspaceSize: unlimited
CompressedClassSpaceSize: 1.00 GB
Initial GC threshold: 21.00 MB
Current GC threshold: 98.12 MB
CDS: on
 - commit_granule_bytes: 65536.
 - commit_granule_words: 8192.
 - virtual_space_node_default_size: 8388608.
 - enlarge_chunks_in_place: 1.
 - use_allocation_guard: 0.


Internal statistics:

num_allocs_failed_limit: 13.
num_arena_births: 1306.
num_arena_deaths: 14.
num_vsnodes_births: 2.
num_vsnodes_deaths: 0.
num_space_committed: 1050.
num_space_uncommitted: 0.
num_chunks_returned_to_freelist: 27.
num_chunks_taken_from_freelist: 4511.
num_chunk_merges: 15.
num_chunk_splits: 2731.
num_chunks_enlarged: 1495.
num_inconsistent_stats: 0.

CodeHeap 'non-profiled nmethods': size=120000Kb used=10549Kb max_used=10549Kb free=109450Kb
 bounds [0x00000203599a0000, 0x000002035a3f0000, 0x0000020360ed0000]
CodeHeap 'profiled nmethods': size=120000Kb used=33332Kb max_used=33332Kb free=86667Kb
 bounds [0x0000020351ed0000, 0x0000020353f60000, 0x0000020359400000]
CodeHeap 'non-nmethods': size=5760Kb used=1440Kb max_used=1562Kb free=4319Kb
 bounds [0x0000020359400000, 0x0000020359670000, 0x00000203599a0000]
 total_blobs=14135 nmethods=13396 adapters=643
 compilation: enabled
              stopped_count=0, restarted_count=0
 full_count=0

Compilation events (20 events):
Event: 21.909 Thread 0x00000203630b24f0 14234       3       org.eclipse.jdt.internal.core.index.DiskIndex::writeStreamChars (220 bytes)
Event: 21.910 Thread 0x00000203630b24f0 nmethod 14234 0x0000020353f4ae90 code [0x0000020353f4b0a0, 0x0000020353f4b798]
Event: 21.937 Thread 0x00000203630b24f0 14235       2       org.eclipse.jdt.internal.core.search.indexing.IndexManager$$Lambda/0x00000203016dc908::test (12 bytes)
Event: 21.938 Thread 0x00000203630b24f0 nmethod 14235 0x0000020353f4ba90 code [0x0000020353f4bc40, 0x0000020353f4beb0]
Event: 21.938 Thread 0x00000203630b24f0 14237       2       java.lang.Long::fastUUID (224 bytes)
Event: 21.938 Thread 0x00000203630b24f0 nmethod 14237 0x0000020353f4c010 code [0x0000020353f4c1e0, 0x0000020353f4c4f8]
Event: 21.938 Thread 0x00000203630b24f0 14236       2       org.eclipse.jdt.internal.core.search.indexing.IndexManager::lambda$1 (29 bytes)
Event: 21.938 Thread 0x00000203630b24f0 nmethod 14236 0x0000020353f4c690 code [0x0000020353f4c840, 0x0000020353f4ca30]
Event: 21.945 Thread 0x00000203630b24f0 14238   !   3       org.eclipse.jdt.internal.compiler.classfmt.ClassFileReader::<init> (2135 bytes)
Event: 21.953 Thread 0x00000203630b24f0 nmethod 14238 0x0000020353f4cb90 code [0x0000020353f4d680, 0x0000020353f56770]
Event: 21.960 Thread 0x00000203630b24f0 14239       1       org.eclipse.jdt.internal.compiler.env.ClassSignature::getTypeName (5 bytes)
Event: 21.960 Thread 0x00000203630b24f0 nmethod 14239 0x000002035a3dd510 code [0x000002035a3dd6a0, 0x000002035a3dd768]
Event: 21.984 Thread 0x00000203630b24f0 14240       2       org.eclipse.jdt.internal.compiler.env.ClassSignature::<init> (10 bytes)
Event: 21.985 Thread 0x00000203630b24f0 nmethod 14240 0x0000020353f5cd10 code [0x0000020353f5cea0, 0x0000020353f5cfc0]
Event: 22.023 Thread 0x00000203630b24f0 14241       1       org.eclipse.jdt.internal.compiler.classfmt.AnnotationMethodInfoWithAnnotations::getAnnotations (5 bytes)
Event: 22.023 Thread 0x00000203630b24f0 nmethod 14241 0x000002035a3dd810 code [0x000002035a3dd9a0, 0x000002035a3dda68]
Event: 22.044 Thread 0x000002036309c780 nmethod 14200% 0x000002035a3ddb10 code [0x000002035a3de380, 0x000002035a3e8358]
Event: 22.046 Thread 0x000002036309c780 14207       4       org.eclipse.jdt.internal.core.search.indexing.BinaryIndexer::extractArgCount (316 bytes)
Event: 22.056 Thread 0x000002036309c780 nmethod 14207 0x000002035a3ecb10 code [0x000002035a3ecce0, 0x000002035a3ed410]
Event: 22.056 Thread 0x000002036309c780 14242 %     4       org.eclipse.jdt.internal.core.search.indexing.BinaryIndexer::extractReferenceFromConstantPool @ 15 (358 bytes)

GC Heap History (20 events):
Event: 22.117 GC heap before
{Heap before GC invocations=534 (full 3):
 PSYoungGen      total 2560K, used 2398K [0x00000000eab00000, 0x00000000eae00000, 0x0000000100000000)
  eden space 2048K, 99% used [0x00000000eab00000,0x00000000eacff938,0x00000000ead00000)
  from space 512K, 68% used [0x00000000ead80000,0x00000000eadd8000,0x00000000eae00000)
  to   space 512K, 0% used [0x00000000ead00000,0x00000000ead00000,0x00000000ead80000)
 ParOldGen       total 438784K, used 438366K [0x00000000c0000000, 0x00000000dac80000, 0x00000000eab00000)
  object space 438784K, 99% used [0x00000000c0000000,0x00000000dac178a0,0x00000000dac80000)
 Metaspace       used 65660K, committed 67200K, reserved 1114112K
  class space    used 6497K, committed 7232K, reserved 1048576K
}
Event: 22.118 GC heap after
{Heap after GC invocations=534 (full 3):
 PSYoungGen      total 2560K, used 384K [0x00000000eab00000, 0x00000000eae00000, 0x0000000100000000)
  eden space 2048K, 0% used [0x00000000eab00000,0x00000000eab00000,0x00000000ead00000)
  from space 512K, 75% used [0x00000000ead00000,0x00000000ead60000,0x00000000ead80000)
  to   space 512K, 0% used [0x00000000ead80000,0x00000000ead80000,0x00000000eae00000)
 ParOldGen       total 438784K, used 438646K [0x00000000c0000000, 0x00000000dac80000, 0x00000000eab00000)
  object space 438784K, 99% used [0x00000000c0000000,0x00000000dac5d8a0,0x00000000dac80000)
 Metaspace       used 65660K, committed 67200K, reserved 1114112K
  class space    used 6497K, committed 7232K, reserved 1048576K
}
Event: 22.126 GC heap before
{Heap before GC invocations=535 (full 3):
 PSYoungGen      total 2560K, used 2432K [0x00000000eab00000, 0x00000000eae00000, 0x0000000100000000)
  eden space 2048K, 100% used [0x00000000eab00000,0x00000000ead00000,0x00000000ead00000)
  from space 512K, 75% used [0x00000000ead00000,0x00000000ead60000,0x00000000ead80000)
  to   space 512K, 0% used [0x00000000ead80000,0x00000000ead80000,0x00000000eae00000)
 ParOldGen       total 438784K, used 438646K [0x00000000c0000000, 0x00000000dac80000, 0x00000000eab00000)
  object space 438784K, 99% used [0x00000000c0000000,0x00000000dac5d8a0,0x00000000dac80000)
 Metaspace       used 65660K, committed 67200K, reserved 1114112K
  class space    used 6497K, committed 7232K, reserved 1048576K
}
Event: 22.127 GC heap after
{Heap after GC invocations=535 (full 3):
 PSYoungGen      total 2560K, used 352K [0x00000000eab00000, 0x00000000eae00000, 0x0000000100000000)
  eden space 2048K, 0% used [0x00000000eab00000,0x00000000eab00000,0x00000000ead00000)
  from space 512K, 68% used [0x00000000ead80000,0x00000000eadd8000,0x00000000eae00000)
  to   space 512K, 0% used [0x00000000ead00000,0x00000000ead00000,0x00000000ead80000)
 ParOldGen       total 439296K, used 438910K [0x00000000c0000000, 0x00000000dad00000, 0x00000000eab00000)
  object space 439296K, 99% used [0x00000000c0000000,0x00000000dac9f8a0,0x00000000dad00000)
 Metaspace       used 65660K, committed 67200K, reserved 1114112K
  class space    used 6497K, committed 7232K, reserved 1048576K
}
Event: 22.132 GC heap before
{Heap before GC invocations=536 (full 3):
 PSYoungGen      total 2560K, used 2376K [0x00000000eab00000, 0x00000000eae00000, 0x0000000100000000)
  eden space 2048K, 98% used [0x00000000eab00000,0x00000000eacfa008,0x00000000ead00000)
  from space 512K, 68% used [0x00000000ead80000,0x00000000eadd8000,0x00000000eae00000)
  to   space 512K, 0% used [0x00000000ead00000,0x00000000ead00000,0x00000000ead80000)
 ParOldGen       total 439296K, used 438910K [0x00000000c0000000, 0x00000000dad00000, 0x00000000eab00000)
  object space 439296K, 99% used [0x00000000c0000000,0x00000000dac9f8a0,0x00000000dad00000)
 Metaspace       used 65660K, committed 67200K, reserved 1114112K
  class space    used 6497K, committed 7232K, reserved 1048576K
}
Event: 22.134 GC heap after
{Heap after GC invocations=536 (full 3):
 PSYoungGen      total 2560K, used 504K [0x00000000eab00000, 0x00000000eaf00000, 0x0000000100000000)
  eden space 2048K, 0% used [0x00000000eab00000,0x00000000eab00000,0x00000000ead00000)
  from space 512K, 98% used [0x00000000ead00000,0x00000000ead7e008,0x00000000ead80000)
  to   space 1024K, 0% used [0x00000000eae00000,0x00000000eae00000,0x00000000eaf00000)
 ParOldGen       total 439296K, used 439230K [0x00000000c0000000, 0x00000000dad00000, 0x00000000eab00000)
  object space 439296K, 99% used [0x00000000c0000000,0x00000000dacef8a0,0x00000000dad00000)
 Metaspace       used 65660K, committed 67200K, reserved 1114112K
  class space    used 6497K, committed 7232K, reserved 1048576K
}
Event: 22.138 GC heap before
{Heap before GC invocations=537 (full 3):
 PSYoungGen      total 2560K, used 2552K [0x00000000eab00000, 0x00000000eaf00000, 0x0000000100000000)
  eden space 2048K, 100% used [0x00000000eab00000,0x00000000ead00000,0x00000000ead00000)
  from space 512K, 98% used [0x00000000ead00000,0x00000000ead7e008,0x00000000ead80000)
  to   space 1024K, 0% used [0x00000000eae00000,0x00000000eae00000,0x00000000eaf00000)
 ParOldGen       total 439296K, used 439230K [0x00000000c0000000, 0x00000000dad00000, 0x00000000eab00000)
  object space 439296K, 99% used [0x00000000c0000000,0x00000000dacef8a0,0x00000000dad00000)
 Metaspace       used 65660K, committed 67200K, reserved 1114112K
  class space    used 6497K, committed 7232K, reserved 1048576K
}
Event: 22.139 GC heap after
{Heap after GC invocations=537 (full 3):
 PSYoungGen      total 3072K, used 352K [0x00000000eab00000, 0x00000000eaf00000, 0x0000000100000000)
  eden space 2048K, 0% used [0x00000000eab00000,0x00000000eab00000,0x00000000ead00000)
  from space 1024K, 34% used [0x00000000eae00000,0x00000000eae58000,0x00000000eaf00000)
  to   space 1024K, 0% used [0x00000000ead00000,0x00000000ead00000,0x00000000eae00000)
 ParOldGen       total 439808K, used 439670K [0x00000000c0000000, 0x00000000dad80000, 0x00000000eab00000)
  object space 439808K, 99% used [0x00000000c0000000,0x00000000dad5d8a8,0x00000000dad80000)
 Metaspace       used 65660K, committed 67200K, reserved 1114112K
  class space    used 6497K, committed 7232K, reserved 1048576K
}
Event: 22.146 GC heap before
{Heap before GC invocations=538 (full 3):
 PSYoungGen      total 3072K, used 2400K [0x00000000eab00000, 0x00000000eaf00000, 0x0000000100000000)
  eden space 2048K, 100% used [0x00000000eab00000,0x00000000ead00000,0x00000000ead00000)
  from space 1024K, 34% used [0x00000000eae00000,0x00000000eae58000,0x00000000eaf00000)
  to   space 1024K, 0% used [0x00000000ead00000,0x00000000ead00000,0x00000000eae00000)
 ParOldGen       total 439808K, used 439670K [0x00000000c0000000, 0x00000000dad80000, 0x00000000eab00000)
  object space 439808K, 99% used [0x00000000c0000000,0x00000000dad5d8a8,0x00000000dad80000)
 Metaspace       used 65660K, committed 67200K, reserved 1114112K
  class space    used 6497K, committed 7232K, reserved 1048576K
}
Event: 22.147 GC heap after
{Heap after GC invocations=538 (full 3):
 PSYoungGen      total 3072K, used 385K [0x00000000eab00000, 0x00000000eae80000, 0x0000000100000000)
  eden space 2048K, 0% used [0x00000000eab00000,0x00000000eab00000,0x00000000ead00000)
  from space 1024K, 37% used [0x00000000ead00000,0x00000000ead607f8,0x00000000eae00000)
  to   space 512K, 0% used [0x00000000eae00000,0x00000000eae00000,0x00000000eae80000)
 ParOldGen       total 440320K, used 439918K [0x00000000c0000000, 0x00000000dae00000, 0x00000000eab00000)
  object space 440320K, 99% used [0x00000000c0000000,0x00000000dad9b8a8,0x00000000dae00000)
 Metaspace       used 65660K, committed 67200K, reserved 1114112K
  class space    used 6497K, committed 7232K, reserved 1048576K
}
Event: 22.154 GC heap before
{Heap before GC invocations=539 (full 3):
 PSYoungGen      total 3072K, used 2433K [0x00000000eab00000, 0x00000000eae80000, 0x0000000100000000)
  eden space 2048K, 100% used [0x00000000eab00000,0x00000000ead00000,0x00000000ead00000)
  from space 1024K, 37% used [0x00000000ead00000,0x00000000ead607f8,0x00000000eae00000)
  to   space 512K, 0% used [0x00000000eae00000,0x00000000eae00000,0x00000000eae80000)
 ParOldGen       total 440320K, used 439918K [0x00000000c0000000, 0x00000000dae00000, 0x00000000eab00000)
  object space 440320K, 99% used [0x00000000c0000000,0x00000000dad9b8a8,0x00000000dae00000)
 Metaspace       used 65660K, committed 67200K, reserved 1114112K
  class space    used 6497K, committed 7232K, reserved 1048576K
}
Event: 22.155 GC heap after
{Heap after GC invocations=539 (full 3):
 PSYoungGen      total 2560K, used 416K [0x00000000eab00000, 0x00000000eae80000, 0x0000000100000000)
  eden space 2048K, 0% used [0x00000000eab00000,0x00000000eab00000,0x00000000ead00000)
  from space 512K, 81% used [0x00000000eae00000,0x00000000eae68000,0x00000000eae80000)
  to   space 512K, 0% used [0x00000000ead80000,0x00000000ead80000,0x00000000eae00000)
 ParOldGen       total 440320K, used 440158K [0x00000000c0000000, 0x00000000dae00000, 0x00000000eab00000)
  object space 440320K, 99% used [0x00000000c0000000,0x00000000dadd78a8,0x00000000dae00000)
 Metaspace       used 65660K, committed 67200K, reserved 1114112K
  class space    used 6497K, committed 7232K, reserved 1048576K
}
Event: 22.161 GC heap before
{Heap before GC invocations=540 (full 3):
 PSYoungGen      total 2560K, used 2464K [0x00000000eab00000, 0x00000000eae80000, 0x0000000100000000)
  eden space 2048K, 100% used [0x00000000eab00000,0x00000000ead00000,0x00000000ead00000)
  from space 512K, 81% used [0x00000000eae00000,0x00000000eae68000,0x00000000eae80000)
  to   space 512K, 0% used [0x00000000ead80000,0x00000000ead80000,0x00000000eae00000)
 ParOldGen       total 440320K, used 440158K [0x00000000c0000000, 0x00000000dae00000, 0x00000000eab00000)
  object space 440320K, 99% used [0x00000000c0000000,0x00000000dadd78a8,0x00000000dae00000)
 Metaspace       used 65660K, committed 67200K, reserved 1114112K
  class space    used 6497K, committed 7232K, reserved 1048576K
}
Event: 22.163 GC heap after
{Heap after GC invocations=540 (full 3):
 PSYoungGen      total 2560K, used 480K [0x00000000eab00000, 0x00000000eae80000, 0x0000000100000000)
  eden space 2048K, 0% used [0x00000000eab00000,0x00000000eab00000,0x00000000ead00000)
  from space 512K, 93% used [0x00000000ead80000,0x00000000eadf8000,0x00000000eae00000)
  to   space 512K, 0% used [0x00000000eae00000,0x00000000eae00000,0x00000000eae80000)
 ParOldGen       total 440832K, used 440462K [0x00000000c0000000, 0x00000000dae80000, 0x00000000eab00000)
  object space 440832K, 99% used [0x00000000c0000000,0x00000000dae238a8,0x00000000dae80000)
 Metaspace       used 65660K, committed 67200K, reserved 1114112K
  class space    used 6497K, committed 7232K, reserved 1048576K
}
Event: 22.168 GC heap before
{Heap before GC invocations=541 (full 3):
 PSYoungGen      total 2560K, used 2528K [0x00000000eab00000, 0x00000000eae80000, 0x0000000100000000)
  eden space 2048K, 100% used [0x00000000eab00000,0x00000000ead00000,0x00000000ead00000)
  from space 512K, 93% used [0x00000000ead80000,0x00000000eadf8000,0x00000000eae00000)
  to   space 512K, 0% used [0x00000000eae00000,0x00000000eae00000,0x00000000eae80000)
 ParOldGen       total 440832K, used 440462K [0x00000000c0000000, 0x00000000dae80000, 0x00000000eab00000)
  object space 440832K, 99% used [0x00000000c0000000,0x00000000dae238a8,0x00000000dae80000)
 Metaspace       used 65660K, committed 67200K, reserved 1114112K
  class space    used 6497K, committed 7232K, reserved 1048576K
}
Event: 22.169 GC heap after
{Heap after GC invocations=541 (full 3):
 PSYoungGen      total 2560K, used 352K [0x00000000eab00000, 0x00000000eae80000, 0x0000000100000000)
  eden space 2048K, 0% used [0x00000000eab00000,0x00000000eab00000,0x00000000ead00000)
  from space 512K, 68% used [0x00000000eae00000,0x00000000eae58000,0x00000000eae80000)
  to   space 512K, 0% used [0x00000000ead80000,0x00000000ead80000,0x00000000eae00000)
 ParOldGen       total 440832K, used 440769K [0x00000000c0000000, 0x00000000dae80000, 0x00000000eab00000)
  object space 440832K, 99% used [0x00000000c0000000,0x00000000dae704b8,0x00000000dae80000)
 Metaspace       used 65660K, committed 67200K, reserved 1114112K
  class space    used 6497K, committed 7232K, reserved 1048576K
}
Event: 22.176 GC heap before
{Heap before GC invocations=542 (full 3):
 PSYoungGen      total 2560K, used 2400K [0x00000000eab00000, 0x00000000eae80000, 0x0000000100000000)
  eden space 2048K, 100% used [0x00000000eab00000,0x00000000ead00000,0x00000000ead00000)
  from space 512K, 68% used [0x00000000eae00000,0x00000000eae58000,0x00000000eae80000)
  to   space 512K, 0% used [0x00000000ead80000,0x00000000ead80000,0x00000000eae00000)
 ParOldGen       total 440832K, used 440769K [0x00000000c0000000, 0x00000000dae80000, 0x00000000eab00000)
  object space 440832K, 99% used [0x00000000c0000000,0x00000000dae704b8,0x00000000dae80000)
 Metaspace       used 65660K, committed 67200K, reserved 1114112K
  class space    used 6497K, committed 7232K, reserved 1048576K
}
Event: 22.177 GC heap after
{Heap after GC invocations=542 (full 3):
 PSYoungGen      total 2560K, used 416K [0x00000000eab00000, 0x00000000eae80000, 0x0000000100000000)
  eden space 2048K, 0% used [0x00000000eab00000,0x00000000eab00000,0x00000000ead00000)
  from space 512K, 81% used [0x00000000ead80000,0x00000000eade8000,0x00000000eae00000)
  to   space 512K, 0% used [0x00000000eae00000,0x00000000eae00000,0x00000000eae80000)
 ParOldGen       total 441344K, used 441065K [0x00000000c0000000, 0x00000000daf00000, 0x00000000eab00000)
  object space 441344K, 99% used [0x00000000c0000000,0x00000000daeba4b8,0x00000000daf00000)
 Metaspace       used 65660K, committed 67200K, reserved 1114112K
  class space    used 6497K, committed 7232K, reserved 1048576K
}
Event: 22.186 GC heap before
{Heap before GC invocations=543 (full 3):
 PSYoungGen      total 2560K, used 2464K [0x00000000eab00000, 0x00000000eae80000, 0x0000000100000000)
  eden space 2048K, 100% used [0x00000000eab00000,0x00000000ead00000,0x00000000ead00000)
  from space 512K, 81% used [0x00000000ead80000,0x00000000eade8000,0x00000000eae00000)
  to   space 512K, 0% used [0x00000000eae00000,0x00000000eae00000,0x00000000eae80000)
 ParOldGen       total 441344K, used 441065K [0x00000000c0000000, 0x00000000daf00000, 0x00000000eab00000)
  object space 441344K, 99% used [0x00000000c0000000,0x00000000daeba4b8,0x00000000daf00000)
 Metaspace       used 65660K, committed 67200K, reserved 1114112K
  class space    used 6497K, committed 7232K, reserved 1048576K
}
Event: 22.188 GC heap after
{Heap after GC invocations=543 (full 3):
 PSYoungGen      total 2560K, used 352K [0x00000000eab00000, 0x00000000eae80000, 0x0000000100000000)
  eden space 2048K, 0% used [0x00000000eab00000,0x00000000eab00000,0x00000000ead00000)
  from space 512K, 68% used [0x00000000eae00000,0x00000000eae58000,0x00000000eae80000)
  to   space 512K, 0% used [0x00000000ead80000,0x00000000ead80000,0x00000000eae00000)
 ParOldGen       total 441856K, used 441369K [0x00000000c0000000, 0x00000000daf80000, 0x00000000eab00000)
  object space 441856K, 99% used [0x00000000c0000000,0x00000000daf064b8,0x00000000daf80000)
 Metaspace       used 65660K, committed 67200K, reserved 1114112K
  class space    used 6497K, committed 7232K, reserved 1048576K
}

Dll operation events (10 events):
Event: 0.018 Loaded shared library c:\Users\PC\.vscode\extensions\redhat.java-1.41.1-win32-x64\jre\21.0.6-win32-x86_64\bin\java.dll
Event: 0.160 Loaded shared library c:\Users\PC\.vscode\extensions\redhat.java-1.41.1-win32-x64\jre\21.0.6-win32-x86_64\bin\zip.dll
Event: 0.201 Loaded shared library C:\Users\PC\.vscode\extensions\redhat.java-1.41.1-win32-x64\jre\21.0.6-win32-x86_64\bin\instrument.dll
Event: 0.207 Loaded shared library C:\Users\PC\.vscode\extensions\redhat.java-1.41.1-win32-x64\jre\21.0.6-win32-x86_64\bin\net.dll
Event: 0.211 Loaded shared library C:\Users\PC\.vscode\extensions\redhat.java-1.41.1-win32-x64\jre\21.0.6-win32-x86_64\bin\nio.dll
Event: 0.214 Loaded shared library C:\Users\PC\.vscode\extensions\redhat.java-1.41.1-win32-x64\jre\21.0.6-win32-x86_64\bin\zip.dll
Event: 0.240 Loaded shared library C:\Users\PC\.vscode\extensions\redhat.java-1.41.1-win32-x64\jre\21.0.6-win32-x86_64\bin\jimage.dll
Event: 0.369 Loaded shared library c:\Users\PC\.vscode\extensions\redhat.java-1.41.1-win32-x64\jre\21.0.6-win32-x86_64\bin\verify.dll
Event: 1.873 Loaded shared library C:\Users\PC\AppData\Roaming\Code\User\globalStorage\redhat.java\1.41.1\config_win\org.eclipse.equinox.launcher\org.eclipse.equinox.launcher.win32.win32.x86_64_1.2.1300.v20250331-1702\eclipse_11911.dll
Event: 3.305 Loaded shared library C:\Users\PC\AppData\Local\Temp\jna-2547\jna10408793917263669666.dll

Deoptimization events (20 events):
Event: 22.063 Thread 0x0000020369e5dd90 DEOPT PACKING pc=0x0000020353f547aa sp=0x00000060610fed20
Event: 22.063 Thread 0x0000020369e5dd90 DEOPT UNPACKING pc=0x00000203594578e2 sp=0x00000060610fe2a8 mode 0
Event: 22.075 Thread 0x0000020369e5dd90 DEOPT PACKING pc=0x0000020353f547aa sp=0x00000060610fed20
Event: 22.075 Thread 0x0000020369e5dd90 DEOPT UNPACKING pc=0x00000203594578e2 sp=0x00000060610fe2a8 mode 0
Event: 22.090 Thread 0x0000020369e5dd90 DEOPT PACKING pc=0x0000020353f547aa sp=0x00000060610fed20
Event: 22.090 Thread 0x0000020369e5dd90 DEOPT UNPACKING pc=0x00000203594578e2 sp=0x00000060610fe2a8 mode 0
Event: 22.105 Thread 0x0000020369e5dd90 DEOPT PACKING pc=0x0000020353f547aa sp=0x00000060610fed20
Event: 22.105 Thread 0x0000020369e5dd90 DEOPT UNPACKING pc=0x00000203594578e2 sp=0x00000060610fe2a8 mode 0
Event: 22.116 Thread 0x0000020369e5dd90 DEOPT PACKING pc=0x0000020353f547aa sp=0x00000060610fed20
Event: 22.116 Thread 0x0000020369e5dd90 DEOPT UNPACKING pc=0x00000203594578e2 sp=0x00000060610fe2a8 mode 0
Event: 22.131 Thread 0x0000020369e5dd90 DEOPT PACKING pc=0x0000020353f547aa sp=0x00000060610fed20
Event: 22.131 Thread 0x0000020369e5dd90 DEOPT UNPACKING pc=0x00000203594578e2 sp=0x00000060610fe2a8 mode 0
Event: 22.143 Thread 0x0000020369e5dd90 DEOPT PACKING pc=0x0000020353f547aa sp=0x00000060610fed20
Event: 22.143 Thread 0x0000020369e5dd90 DEOPT UNPACKING pc=0x00000203594578e2 sp=0x00000060610fe2a8 mode 0
Event: 22.157 Thread 0x0000020369e5dd90 DEOPT PACKING pc=0x0000020353f547aa sp=0x00000060610fed20
Event: 22.157 Thread 0x0000020369e5dd90 DEOPT UNPACKING pc=0x00000203594578e2 sp=0x00000060610fe2a8 mode 0
Event: 22.170 Thread 0x0000020369e5dd90 DEOPT PACKING pc=0x0000020353f547aa sp=0x00000060610fed20
Event: 22.170 Thread 0x0000020369e5dd90 DEOPT UNPACKING pc=0x00000203594578e2 sp=0x00000060610fe2a8 mode 0
Event: 22.185 Thread 0x0000020369e5dd90 DEOPT PACKING pc=0x0000020353f547aa sp=0x00000060610fed20
Event: 22.185 Thread 0x0000020369e5dd90 DEOPT UNPACKING pc=0x00000203594578e2 sp=0x00000060610fe2a8 mode 0

Classes loaded (20 events):
Event: 20.300 Loading class java/util/concurrent/CompletionException
Event: 20.301 Loading class java/util/concurrent/CompletionException done
Event: 20.310 Loading class java/nio/file/FileTreeWalker$1
Event: 20.311 Loading class java/nio/file/FileTreeWalker$1 done
Event: 20.311 Loading class sun/nio/fs/Globs
Event: 20.312 Loading class sun/nio/fs/Globs done
Event: 20.312 Loading class java/util/regex/Pattern$SliceU
Event: 20.312 Loading class java/util/regex/Pattern$SliceU done
Event: 20.312 Loading class sun/nio/fs/WindowsFileSystem$2
Event: 20.312 Loading class java/nio/file/PathMatcher
Event: 20.312 Loading class java/nio/file/PathMatcher done
Event: 20.312 Loading class sun/nio/fs/WindowsFileSystem$2 done
Event: 20.419 Loading class java/util/Collections$SynchronizedRandomAccessList
Event: 20.419 Loading class java/util/Collections$SynchronizedList
Event: 20.419 Loading class java/util/Collections$SynchronizedList done
Event: 20.419 Loading class java/util/Collections$SynchronizedRandomAccessList done
Event: 20.422 Loading class java/util/concurrent/CompletableFuture$Signaller
Event: 20.423 Loading class java/util/concurrent/CompletableFuture$Signaller done
Event: 21.557 Loading class sun/nio/fs/WindowsFileCopy
Event: 21.558 Loading class sun/nio/fs/WindowsFileCopy done

Classes unloaded (7 events):
Event: 4.020 Thread 0x0000020363093c30 Unloading class 0x0000020301195400 'java/lang/invoke/LambdaForm$MH+0x0000020301195400'
Event: 4.020 Thread 0x0000020363093c30 Unloading class 0x0000020301195000 'java/lang/invoke/LambdaForm$MH+0x0000020301195000'
Event: 4.020 Thread 0x0000020363093c30 Unloading class 0x0000020301194c00 'java/lang/invoke/LambdaForm$MH+0x0000020301194c00'
Event: 4.020 Thread 0x0000020363093c30 Unloading class 0x0000020301194800 'java/lang/invoke/LambdaForm$MH+0x0000020301194800'
Event: 4.020 Thread 0x0000020363093c30 Unloading class 0x0000020301194400 'java/lang/invoke/LambdaForm$BMH+0x0000020301194400'
Event: 4.020 Thread 0x0000020363093c30 Unloading class 0x0000020301194000 'java/lang/invoke/LambdaForm$DMH+0x0000020301194000'
Event: 4.020 Thread 0x0000020363093c30 Unloading class 0x0000020301192c00 'java/lang/invoke/LambdaForm$DMH+0x0000020301192c00'

Classes redefined (0 events):
No events

Internal exceptions (20 events):
Event: 20.380 Thread 0x000002036b815150 Exception <a 'sun/nio/fs/WindowsException'{0x00000000eab131a0}> (0x00000000eab131a0) 
thrown [s\src\hotspot\share\prims\jni.cpp, line 520]
Event: 20.380 Thread 0x000002036b815150 Exception <a 'sun/nio/fs/WindowsException'{0x00000000eab13860}> (0x00000000eab13860) 
thrown [s\src\hotspot\share\prims\jni.cpp, line 520]
Event: 20.380 Thread 0x000002036b815150 Exception <a 'sun/nio/fs/WindowsException'{0x00000000eab13f40}> (0x00000000eab13f40) 
thrown [s\src\hotspot\share\prims\jni.cpp, line 520]
Event: 20.381 Thread 0x000002036b815150 Exception <a 'sun/nio/fs/WindowsException'{0x00000000eab17480}> (0x00000000eab17480) 
thrown [s\src\hotspot\share\prims\jni.cpp, line 520]
Event: 20.381 Thread 0x000002036b815150 Exception <a 'sun/nio/fs/WindowsException'{0x00000000eab1a400}> (0x00000000eab1a400) 
thrown [s\src\hotspot\share\prims\jni.cpp, line 520]
Event: 20.381 Thread 0x000002036b815150 Exception <a 'sun/nio/fs/WindowsException'{0x00000000eab1aa30}> (0x00000000eab1aa30) 
thrown [s\src\hotspot\share\prims\jni.cpp, line 520]
Event: 20.381 Thread 0x000002036b815150 Exception <a 'sun/nio/fs/WindowsException'{0x00000000eab1b070}> (0x00000000eab1b070) 
thrown [s\src\hotspot\share\prims\jni.cpp, line 520]
Event: 20.381 Thread 0x000002036b815150 Exception <a 'sun/nio/fs/WindowsException'{0x00000000eab21ae8}> (0x00000000eab21ae8) 
thrown [s\src\hotspot\share\prims\jni.cpp, line 520]
Event: 20.381 Thread 0x000002036b815150 Exception <a 'sun/nio/fs/WindowsException'{0x00000000eab22120}> (0x00000000eab22120) 
thrown [s\src\hotspot\share\prims\jni.cpp, line 520]
Event: 20.381 Thread 0x000002036b815150 Exception <a 'sun/nio/fs/WindowsException'{0x00000000eab22768}> (0x00000000eab22768) 
thrown [s\src\hotspot\share\prims\jni.cpp, line 520]
Event: 20.381 Thread 0x000002036b815150 Exception <a 'sun/nio/fs/WindowsException'{0x00000000eab22dc0}> (0x00000000eab22dc0) 
thrown [s\src\hotspot\share\prims\jni.cpp, line 520]
Event: 20.382 Thread 0x000002036b815150 Exception <a 'sun/nio/fs/WindowsException'{0x00000000eab2d338}> (0x00000000eab2d338) 
thrown [s\src\hotspot\share\prims\jni.cpp, line 520]
Event: 20.382 Thread 0x000002036b815150 Exception <a 'sun/nio/fs/WindowsException'{0x00000000eab2d9a0}> (0x00000000eab2d9a0) 
thrown [s\src\hotspot\share\prims\jni.cpp, line 520]
Event: 20.382 Thread 0x000002036b815150 Exception <a 'sun/nio/fs/WindowsException'{0x00000000eab2e018}> (0x00000000eab2e018) 
thrown [s\src\hotspot\share\prims\jni.cpp, line 520]
Event: 20.382 Thread 0x000002036b815150 Exception <a 'sun/nio/fs/WindowsException'{0x00000000eab2e6a0}> (0x00000000eab2e6a0) 
thrown [s\src\hotspot\share\prims\jni.cpp, line 520]
Event: 20.430 Thread 0x000002036b813080 Exception <a 'java/lang/IncompatibleClassChangeError'{0x00000000eab5c030}: Found class java.lang.Object, but interface was expected> (0x00000000eab5c030) 
thrown [s\src\hotspot\share\interpreter\linkResolver.cpp, line 840]
Event: 21.558 Thread 0x0000020369e5dd90 Exception <a 'sun/nio/fs/WindowsException'{0x00000000eab1d790}> (0x00000000eab1d790) 
thrown [s\src\hotspot\share\prims\jni.cpp, line 520]
Event: 21.585 Thread 0x0000020369e5dd90 Exception <a 'sun/nio/fs/WindowsException'{0x00000000eab4cb78}> (0x00000000eab4cb78) 
thrown [s\src\hotspot\share\prims\jni.cpp, line 520]
Event: 21.600 Thread 0x0000020369e5dd90 Exception <a 'sun/nio/fs/WindowsException'{0x00000000eab63468}> (0x00000000eab63468) 
thrown [s\src\hotspot\share\prims\jni.cpp, line 520]
Event: 21.936 Thread 0x0000020369e5dd90 Exception <a 'sun/nio/fs/WindowsException'{0x00000000eab489a8}> (0x00000000eab489a8) 
thrown [s\src\hotspot\share\prims\jni.cpp, line 520]

ZGC Phase Switch (0 events):
No events

VM Operations (20 events):
Event: 22.117 Executing VM operation: ParallelGCFailedAllocation (Allocation Failure)
Event: 22.118 Executing VM operation: ParallelGCFailedAllocation (Allocation Failure) done
Event: 22.126 Executing VM operation: ParallelGCFailedAllocation (Allocation Failure)
Event: 22.127 Executing VM operation: ParallelGCFailedAllocation (Allocation Failure) done
Event: 22.132 Executing VM operation: ParallelGCFailedAllocation (Allocation Failure)
Event: 22.134 Executing VM operation: ParallelGCFailedAllocation (Allocation Failure) done
Event: 22.138 Executing VM operation: ParallelGCFailedAllocation (Allocation Failure)
Event: 22.139 Executing VM operation: ParallelGCFailedAllocation (Allocation Failure) done
Event: 22.146 Executing VM operation: ParallelGCFailedAllocation (Allocation Failure)
Event: 22.148 Executing VM operation: ParallelGCFailedAllocation (Allocation Failure) done
Event: 22.154 Executing VM operation: ParallelGCFailedAllocation (Allocation Failure)
Event: 22.155 Executing VM operation: ParallelGCFailedAllocation (Allocation Failure) done
Event: 22.161 Executing VM operation: ParallelGCFailedAllocation (Allocation Failure)
Event: 22.163 Executing VM operation: ParallelGCFailedAllocation (Allocation Failure) done
Event: 22.168 Executing VM operation: ParallelGCFailedAllocation (Allocation Failure)
Event: 22.169 Executing VM operation: ParallelGCFailedAllocation (Allocation Failure) done
Event: 22.176 Executing VM operation: ParallelGCFailedAllocation (Allocation Failure)
Event: 22.177 Executing VM operation: ParallelGCFailedAllocation (Allocation Failure) done
Event: 22.186 Executing VM operation: ParallelGCFailedAllocation (Allocation Failure)
Event: 22.188 Executing VM operation: ParallelGCFailedAllocation (Allocation Failure) done

Memory protections (0 events):
No events

Nmethod flushes (20 events):
Event: 12.338 Thread 0x0000020363093c30 flushing  nmethod 0x0000020352784510
Event: 12.338 Thread 0x0000020363093c30 flushing  nmethod 0x000002035279f610
Event: 12.338 Thread 0x0000020363093c30 flushing  nmethod 0x00000203527a2a90
Event: 12.338 Thread 0x0000020363093c30 flushing  nmethod 0x00000203527ab190
Event: 12.338 Thread 0x0000020363093c30 flushing  nmethod 0x00000203527abb10
Event: 12.338 Thread 0x0000020363093c30 flushing  nmethod 0x00000203527b9890
Event: 12.338 Thread 0x0000020363093c30 flushing  nmethod 0x00000203527ba210
Event: 12.338 Thread 0x0000020363093c30 flushing  nmethod 0x00000203527bfb10
Event: 12.338 Thread 0x0000020363093c30 flushing  nmethod 0x00000203527bfe90
Event: 12.338 Thread 0x0000020363093c30 flushing  nmethod 0x00000203527c2990
Event: 12.338 Thread 0x0000020363093c30 flushing  nmethod 0x00000203527c6810
Event: 12.338 Thread 0x0000020363093c30 flushing  nmethod 0x00000203527cdd10
Event: 12.338 Thread 0x0000020363093c30 flushing  nmethod 0x00000203527f2290
Event: 12.338 Thread 0x0000020363093c30 flushing osr nmethod 0x0000020352866b10
Event: 12.338 Thread 0x0000020363093c30 flushing  nmethod 0x0000020352891c10
Event: 12.338 Thread 0x0000020363093c30 flushing  nmethod 0x0000020352894390
Event: 12.338 Thread 0x0000020363093c30 flushing  nmethod 0x0000020352894d90
Event: 12.338 Thread 0x0000020363093c30 flushing  nmethod 0x0000020352895210
Event: 12.338 Thread 0x0000020363093c30 flushing  nmethod 0x000002035289f310
Event: 12.338 Thread 0x0000020363093c30 flushing  nmethod 0x00000203528a2110

Events (20 events):
Event: 18.551 Thread 0x0000020372a15b50 Thread exited: 0x0000020372a15b50
Event: 18.551 Thread 0x0000020372a147a0 Thread exited: 0x0000020372a147a0
Event: 18.551 Thread 0x0000020372a133f0 Thread exited: 0x0000020372a133f0
Event: 18.551 Thread 0x0000020372a154c0 Thread exited: 0x0000020372a154c0
Event: 18.551 Thread 0x0000020372a14110 Thread exited: 0x0000020372a14110
Event: 18.990 Thread 0x000002036d6c4850 Thread exited: 0x000002036d6c4850
Event: 19.533 Thread 0x0000020369e5e420 Thread added: 0x0000020372a147a0
Event: 19.533 Thread 0x0000020369e5e420 Thread added: 0x0000020372a15b50
Event: 19.533 Thread 0x0000020369e5e420 Thread added: 0x0000020372a133f0
Event: 19.533 Thread 0x0000020369e5e420 Thread added: 0x0000020372a13a80
Event: 19.533 Thread 0x0000020369e5e420 Thread added: 0x0000020372a14110
Event: 19.734 Thread 0x0000020372a133f0 Thread exited: 0x0000020372a133f0
Event: 19.734 Thread 0x0000020372a147a0 Thread exited: 0x0000020372a147a0
Event: 19.734 Thread 0x0000020372a14110 Thread exited: 0x0000020372a14110
Event: 19.734 Thread 0x0000020372a15b50 Thread exited: 0x0000020372a15b50
Event: 19.734 Thread 0x0000020372a13a80 Thread exited: 0x0000020372a13a80
Event: 20.241 Thread 0x000002036309c780 Thread added: 0x000002036d6c2640
Event: 20.954 Thread 0x000002036d6c2640 Thread exited: 0x000002036d6c2640
Event: 21.029 Thread 0x000002036309c780 Thread added: 0x000002036d6c2640
Event: 21.561 Thread 0x000002036d6c2640 Thread exited: 0x000002036d6c2640


Dynamic libraries:
0x00007ff6de470000 - 0x00007ff6de47e000 	c:\Users\PC\.vscode\extensions\redhat.java-1.41.1-win32-x64\jre\21.0.6-win32-x86_64\bin\java.exe
0x00007ff9f5990000 - 0x00007ff9f5ba7000 	C:\WINDOWS\SYSTEM32\ntdll.dll
0x00007ff9f4570000 - 0x00007ff9f4634000 	C:\WINDOWS\System32\KERNEL32.DLL
0x00007ff9f3010000 - 0x00007ff9f33e3000 	C:\WINDOWS\System32\KERNELBASE.dll
0x00007ff9f2e70000 - 0x00007ff9f2f81000 	C:\WINDOWS\System32\ucrtbase.dll
0x00007ff9ef6e0000 - 0x00007ff9ef6f8000 	c:\Users\PC\.vscode\extensions\redhat.java-1.41.1-win32-x64\jre\21.0.6-win32-x86_64\bin\jli.dll
0x00007ff9f3d50000 - 0x00007ff9f3f01000 	C:\WINDOWS\System32\USER32.dll
0x00007ff9f33f0000 - 0x00007ff9f3416000 	C:\WINDOWS\System32\win32u.dll
0x00007ff9f36e0000 - 0x00007ff9f3709000 	C:\WINDOWS\System32\GDI32.dll
0x00007ff9f2aa0000 - 0x00007ff9f2bbb000 	C:\WINDOWS\System32\gdi32full.dll
0x00007ff9f34a0000 - 0x00007ff9f353a000 	C:\WINDOWS\System32\msvcp_win.dll
0x00007ff9bd3d0000 - 0x00007ff9bd3ee000 	c:\Users\PC\.vscode\extensions\redhat.java-1.41.1-win32-x64\jre\21.0.6-win32-x86_64\bin\VCRUNTIME140.dll
0x00007ff9dd860000 - 0x00007ff9ddaf8000 	C:\WINDOWS\WinSxS\amd64_microsoft.windows.common-controls_6595b64144ccf1df_6.0.22621.5124_none_270e8f4f7386d69d\COMCTL32.dll
0x00007ff9f3630000 - 0x00007ff9f36d7000 	C:\WINDOWS\System32\msvcrt.dll
0x00007ff9f4d90000 - 0x00007ff9f4dc1000 	C:\WINDOWS\System32\IMM32.DLL
0x00007ff9e9400000 - 0x00007ff9e940c000 	c:\Users\PC\.vscode\extensions\redhat.java-1.41.1-win32-x64\jre\21.0.6-win32-x86_64\bin\vcruntime140_1.dll
0x00007ff9a65c0000 - 0x00007ff9a664d000 	c:\Users\PC\.vscode\extensions\redhat.java-1.41.1-win32-x64\jre\21.0.6-win32-x86_64\bin\msvcp140.dll
0x00007ff93a750000 - 0x00007ff93b4e0000 	c:\Users\PC\.vscode\extensions\redhat.java-1.41.1-win32-x64\jre\21.0.6-win32-x86_64\bin\server\jvm.dll
0x00007ff9f40b0000 - 0x00007ff9f4161000 	C:\WINDOWS\System32\ADVAPI32.dll
0x00007ff9f5780000 - 0x00007ff9f5828000 	C:\WINDOWS\System32\sechost.dll
0x00007ff9f3600000 - 0x00007ff9f3628000 	C:\WINDOWS\System32\bcrypt.dll
0x00007ff9f5830000 - 0x00007ff9f5944000 	C:\WINDOWS\System32\RPCRT4.dll
0x00007ff9f4200000 - 0x00007ff9f4271000 	C:\WINDOWS\System32\WS2_32.dll
0x00007ff9f27c0000 - 0x00007ff9f280d000 	C:\WINDOWS\SYSTEM32\POWRPROF.dll
0x00007ff9eacc0000 - 0x00007ff9eacca000 	C:\WINDOWS\SYSTEM32\VERSION.dll
0x00007ff9e92e0000 - 0x00007ff9e9314000 	C:\WINDOWS\SYSTEM32\WINMM.dll
0x00007ff9f27a0000 - 0x00007ff9f27b3000 	C:\WINDOWS\SYSTEM32\UMPDC.dll
0x00007ff9f1a70000 - 0x00007ff9f1a88000 	C:\WINDOWS\SYSTEM32\kernel.appcore.dll
0x00007ff9d32e0000 - 0x00007ff9d32ea000 	c:\Users\PC\.vscode\extensions\redhat.java-1.41.1-win32-x64\jre\21.0.6-win32-x86_64\bin\jimage.dll
0x00007ff9efd00000 - 0x00007ff9eff32000 	C:\WINDOWS\SYSTEM32\DBGHELP.DLL
0x00007ff9f39b0000 - 0x00007ff9f3d42000 	C:\WINDOWS\System32\combase.dll
0x00007ff9f3710000 - 0x00007ff9f37e7000 	C:\WINDOWS\System32\OLEAUT32.dll
0x00007ff9cc530000 - 0x00007ff9cc562000 	C:\WINDOWS\SYSTEM32\dbgcore.DLL
0x00007ff9f3420000 - 0x00007ff9f349b000 	C:\WINDOWS\System32\bcryptPrimitives.dll
0x00007ff9ce720000 - 0x00007ff9ce72f000 	c:\Users\PC\.vscode\extensions\redhat.java-1.41.1-win32-x64\jre\21.0.6-win32-x86_64\bin\instrument.dll
0x00007ff9a76d0000 - 0x00007ff9a76ef000 	c:\Users\PC\.vscode\extensions\redhat.java-1.41.1-win32-x64\jre\21.0.6-win32-x86_64\bin\java.dll
0x00007ff9f4ee0000 - 0x00007ff9f5776000 	C:\WINDOWS\System32\SHELL32.dll
0x00007ff9f2d30000 - 0x00007ff9f2e6f000 	C:\WINDOWS\System32\wintypes.dll
0x00007ff9f09c0000 - 0x00007ff9f12da000 	C:\WINDOWS\SYSTEM32\windows.storage.dll
0x00007ff9f4dd0000 - 0x00007ff9f4eda000 	C:\WINDOWS\System32\SHCORE.dll
0x00007ff9f4180000 - 0x00007ff9f41e3000 	C:\WINDOWS\System32\shlwapi.dll
0x00007ff9f29d0000 - 0x00007ff9f29fb000 	C:\WINDOWS\SYSTEM32\profapi.dll
0x00007ff9a70b0000 - 0x00007ff9a70c8000 	c:\Users\PC\.vscode\extensions\redhat.java-1.41.1-win32-x64\jre\21.0.6-win32-x86_64\bin\zip.dll
0x00007ff9cac70000 - 0x00007ff9cac80000 	C:\Users\PC\.vscode\extensions\redhat.java-1.41.1-win32-x64\jre\21.0.6-win32-x86_64\bin\net.dll
0x00007ff9ec6e0000 - 0x00007ff9ec80c000 	C:\WINDOWS\SYSTEM32\WINHTTP.dll
0x00007ff9f1f50000 - 0x00007ff9f1fba000 	C:\WINDOWS\system32\mswsock.dll
0x00007ff9a65a0000 - 0x00007ff9a65b6000 	C:\Users\PC\.vscode\extensions\redhat.java-1.41.1-win32-x64\jre\21.0.6-win32-x86_64\bin\nio.dll
0x00007ff9c9a90000 - 0x00007ff9c9aa0000 	c:\Users\PC\.vscode\extensions\redhat.java-1.41.1-win32-x64\jre\21.0.6-win32-x86_64\bin\verify.dll
0x00007ff9a6500000 - 0x00007ff9a6545000 	C:\Users\PC\AppData\Roaming\Code\User\globalStorage\redhat.java\1.41.1\config_win\org.eclipse.equinox.launcher\org.eclipse.equinox.launcher.win32.win32.x86_64_1.2.1300.v20250331-1702\eclipse_11911.dll
0x00007ff9f4760000 - 0x00007ff9f4901000 	C:\WINDOWS\System32\ole32.dll
0x00007ff9f21a0000 - 0x00007ff9f21bb000 	C:\WINDOWS\SYSTEM32\CRYPTSP.dll
0x00007ff9f1a30000 - 0x00007ff9f1a67000 	C:\WINDOWS\system32\rsaenh.dll
0x00007ff9f2040000 - 0x00007ff9f2068000 	C:\WINDOWS\SYSTEM32\USERENV.dll
0x00007ff9f21c0000 - 0x00007ff9f21cc000 	C:\WINDOWS\SYSTEM32\CRYPTBASE.dll
0x00007ff9f1540000 - 0x00007ff9f156d000 	C:\WINDOWS\SYSTEM32\IPHLPAPI.DLL
0x00007ff9f41f0000 - 0x00007ff9f41f9000 	C:\WINDOWS\System32\NSI.dll
0x00007ff99d900000 - 0x00007ff99d949000 	C:\Users\PC\AppData\Local\Temp\jna-2547\jna10408793917263669666.dll
0x00007ff9f4280000 - 0x00007ff9f4288000 	C:\WINDOWS\System32\PSAPI.DLL
0x00007ff9eacf0000 - 0x00007ff9ead09000 	C:\WINDOWS\SYSTEM32\dhcpcsvc6.DLL
0x00007ff9e9810000 - 0x00007ff9e982f000 	C:\WINDOWS\SYSTEM32\dhcpcsvc.DLL

dbghelp: loaded successfully - version: 4.0.5 - missing functions: none
symbol engine: initialized successfully - sym options: 0x614 - pdb path: .;c:\Users\PC\.vscode\extensions\redhat.java-1.41.1-win32-x64\jre\21.0.6-win32-x86_64\bin;C:\WINDOWS\SYSTEM32;C:\WINDOWS\WinSxS\amd64_microsoft.windows.common-controls_6595b64144ccf1df_6.0.22621.5124_none_270e8f4f7386d69d;c:\Users\PC\.vscode\extensions\redhat.java-1.41.1-win32-x64\jre\21.0.6-win32-x86_64\bin\server;C:\Users\PC\AppData\Roaming\Code\User\globalStorage\redhat.java\1.41.1\config_win\org.eclipse.equinox.launcher\org.eclipse.equinox.launcher.win32.win32.x86_64_1.2.1300.v20250331-1702;C:\Users\PC\AppData\Local\Temp\jna-2547

VM Arguments:
jvm_args: --add-modules=ALL-SYSTEM --add-opens=java.base/java.util=ALL-UNNAMED --add-opens=java.base/java.lang=ALL-UNNAMED --add-opens=java.base/sun.nio.fs=ALL-UNNAMED -Declipse.application=org.eclipse.jdt.ls.core.id1 -Dosgi.bundles.defaultStartLevel=4 -Declipse.product=org.eclipse.jdt.ls.core.product -Djava.import.generatesMetadataFilesAtProjectRoot=false -DDetectVMInstallationsJob.disabled=true -Dfile.encoding=utf8 -XX:+UseParallelGC -XX:GCTimeRatio=4 -XX:AdaptiveSizePolicyWeight=90 -Dsun.zip.disableMemoryMapping=true -Xmx1G -Xms100m -Xlog:disable -javaagent:c:\Users\PC\.vscode\extensions\redhat.java-1.41.1-win32-x64\lombok\lombok-1.18.36.jar -XX:+HeapDumpOnOutOfMemoryError -XX:HeapDumpPath=c:\Users\PC\AppData\Roaming\Code\User\workspaceStorage\a84449d331b52214da9fd4f27aea05c4\redhat.java -Daether.dependencyCollector.impl=bf 
java_command: c:\Users\PC\.vscode\extensions\redhat.java-1.41.1-win32-x64\server\plugins\org.eclipse.equinox.launcher_1.7.0.v20250331-1702.jar -configuration c:\Users\PC\AppData\Roaming\Code\User\globalStorage\redhat.java\1.41.1\config_win -data c:\Users\PC\AppData\Roaming\Code\User\workspaceStorage\a84449d331b52214da9fd4f27aea05c4\redhat.java\jdt_ws --pipe=\\.\pipe\lsp-85e60c33f700fa0f7f99c10a930b06e0-sock
java_class_path (initial): c:\Users\PC\.vscode\extensions\redhat.java-1.41.1-win32-x64\server\plugins\org.eclipse.equinox.launcher_1.7.0.v20250331-1702.jar
Launcher Type: SUN_STANDARD

[Global flags]
    uintx AdaptiveSizePolicyWeight                 = 90                                        {product} {command line}
     intx CICompilerCount                          = 4                                         {product} {ergonomic}
    uintx GCTimeRatio                              = 4                                         {product} {command line}
     bool HeapDumpOnOutOfMemoryError               = true                                   {manageable} {command line}
    ccstr HeapDumpPath                             = c:\Users\PC\AppData\Roaming\Code\User\workspaceStorage\a84449d331b52214da9fd4f27aea05c4\redhat.java         {manageable} {command line}
   size_t InitialHeapSize                          = 104857600                                 {product} {command line}
   size_t MaxHeapSize                              = 1073741824                                {product} {command line}
   size_t MaxNewSize                               = 357564416                                 {product} {ergonomic}
   size_t MinHeapDeltaBytes                        = 524288                                    {product} {ergonomic}
   size_t MinHeapSize                              = 104857600                                 {product} {command line}
   size_t NewSize                                  = 34603008                                  {product} {ergonomic}
    uintx NonNMethodCodeHeapSize                   = 5839372                                {pd product} {ergonomic}
    uintx NonProfiledCodeHeapSize                  = 122909434                              {pd product} {ergonomic}
   size_t OldSize                                  = 70254592                                  {product} {ergonomic}
    uintx ProfiledCodeHeapSize                     = 122909434                              {pd product} {ergonomic}
    uintx ReservedCodeCacheSize                    = 251658240                              {pd product} {ergonomic}
     bool SegmentedCodeCache                       = true                                      {product} {ergonomic}
   size_t SoftMaxHeapSize                          = 1073741824                             {manageable} {ergonomic}
     bool UseCompressedOops                        = true                           {product lp64_product} {ergonomic}
     bool UseLargePagesIndividualAllocation        = false                                  {pd product} {ergonomic}
     bool UseParallelGC                            = true                                      {product} {command line}

Logging:
Log output configuration:
 #0: stdout all=off uptime,level,tags foldmultilines=false
 #1: stderr all=off uptime,level,tags foldmultilines=false

Environment Variables:
PATH=C:\Program Files\Python312\Scripts\;C:\Program Files\Python312\;C:\Program Files\Java\jdk-17\bin;C:\Program Files\Common Files\Oracle\Java\javapath;C:\WINDOWS\system32;C:\WINDOWS;C:\WINDOWS\System32\Wbem;C:\WINDOWS\System32\WindowsPowerShell\v1.0\;C:\WINDOWS\System32\OpenSSH\;C:\Program Files\dotnet\;C:\msys64\mingw64\bin;C:\Program Files (x86)\Microsoft SQL Server\110\Tools\Binn\;C:\Program Files\Microsoft SQL Server\110\Tools\Binn\;C:\Program Files\Microsoft SQL Server\110\DTS\Binn\;C:\Program Files (x86)\Microsoft SQL Server\110\Tools\Binn\ManagementStudio\;C:\Program Files (x86)\Microsoft SQL Server\110\DTS\Binn\;C:\Program Files (x86)\Microsoft SQL Server\160\Tools\Binn\;C:\Program Files\Microsoft SQL Server\160\Tools\Binn\;C:\Program Files\Microsoft SQL Server\Client SDK\ODBC\170\Tools\Binn\;C:\Program Files\Microsoft SQL Server\160\DTS\Binn\;C:\Program Files\Microsoft SQL Server\Client SDK\ODBC\130\Tools\Binn\;C:\Program Files (x86)\Microsoft SQL Server\130\Tools\Binn\;C:\Program Files\Microsoft SQL Server\130\Tools\Binn\;C:\Program Files\Microsoft SQL Server\130\DTS\Binn\;F:\xampp\php;F:\composer;F:\;C:\Program Files\Git\cmd;C:\Program Files\Java\jdk-17\bin;C:\Users\PC\AppData\Local\Microsoft\WindowsApps;C:\Users\PC\AppData\Local\Programs\Microsoft VS Code\bin;C:\Program Files\PyCharm Community Edition 2023.3.4\bin;;C:\xampp\php;C:\Users\PC\AppData\Roaming\Composer\vendor\bin;C:\Users\PC\AppData\Roaming\npm;C:\Users\PC\.dotnet\tools;F:\cursor\resources\app\bin
USERNAME=PC
OS=Windows_NT
PROCESSOR_IDENTIFIER=Intel64 Family 6 Model 140 Stepping 1, GenuineIntel
TMP=C:\Users\PC\AppData\Local\Temp
TEMP=C:\Users\PC\AppData\Local\Temp




Periodic native trim disabled

---------------  S Y S T E M  ---------------

OS:
 Windows 11 , 64 bit Build 22621 (10.0.22621.5124)
OS uptime: 0 days 5:47 hours

CPU: total 8 (initial active 8) (4 cores per cpu, 2 threads per core) family 6 model 140 stepping 1 microcode 0xbc, cx8, cmov, fxsr, ht, mmx, 3dnowpref, sse, sse2, sse3, ssse3, sse4.1, sse4.2, popcnt, lzcnt, tsc, tscinvbit, avx, avx2, aes, erms, clmul, bmi1, bmi2, adx, avx512f, avx512dq, avx512cd, avx512bw, avx512vl, sha, fma, vzeroupper, avx512_vpopcntdq, avx512_vpclmulqdq, avx512_vaes, avx512_vnni, clflush, clflushopt, clwb, avx512_vbmi2, avx512_vbmi, rdtscp, rdpid, fsrm, gfni, avx512_bitalg, f16c, pku, cet_ibt, cet_ss, avx512_ifma
Processor Information for the first 8 processors :
  Max Mhz: 2419, Current Mhz: 2419, Mhz Limit: 2419

Memory: 4k page, system-wide physical 12022M (308M free)
TotalPageFile size 16118M (AvailPageFile size 5M)
current process WorkingSet (physical memory assigned to process): 721M, peak: 721M
current process commit charge ("private bytes"): 705M, peak: 956M

vm_info: OpenJDK 64-Bit Server VM (21.0.6+7-LTS) for windows-amd64 JRE (21.0.6+7-LTS), built on 2025-01-21T00:00:00Z by "admin" with MS VC++ 17.7 (VS2022)

END.
