#
# There is insufficient memory for the Java Runtime Environment to continue.
# Native memory allocation (malloc) failed to allocate 2507840 bytes for Chunk::new
# Possible reasons:
#   The system is out of physical RAM or swap space
#   The process is running with CompressedOops enabled, and the Java Heap may be blocking the growth of the native heap
# Possible solutions:
#   Reduce memory load on the system
#   Increase physical memory or swap space
#   Check if swap backing store is full
#   Decrease Java heap size (-Xmx/-Xms)
#   Decrease number of Java threads
#   Decrease Java thread stack sizes (-Xss)
#   Set larger code cache with -XX:ReservedCodeCacheSize=
#   JVM is running with Unscaled Compressed Oops mode in which the Java heap is
#     placed in the first 4GB address space. The Java Heap base address is the
#     maximum limit for the native heap growth. Please use -XX:HeapBaseMinAddress
#     to set the Java Heap base and to place the Java Heap above 4GB virtual address.
# This output file may be truncated or incomplete.
#
#  Out of Memory Error (arena.cpp:168), pid=12344, tid=16496
#
# JRE version: Java(TM) SE Runtime Environment (21.0.5+9) (build 21.0.5+9-LTS-239)
# Java VM: Java HotSpot(TM) 64-Bit Server VM (21.0.5+9-LTS-239, mixed mode, sharing, tiered, compressed oops, compressed class ptrs, g1 gc, windows-amd64)
# No core dump will be written. Minidumps are not enabled by default on client versions of Windows
#

---------------  S U M M A R Y ------------

Command Line: -XX:+ShowCodeDetailsInExceptionMessages com.example.FacebookCloneBE.FacebookCloneBeApplication

Host: 11th Gen Intel(R) Core(TM) i7-1165G7 @ 2.80GHz, 8 cores, 7G,  Windows 11 , 64 bit Build 26100 (10.0.26100.3775)
Time: Tue May  6 23:09:19 2025 SE Asia Standard Time elapsed time: 6891.695830 seconds (0d 1h 54m 51s)

---------------  T H R E A D  ---------------

Current thread (0x0000020bff40adc0):  JavaThread "C2 CompilerThread0" daemon [_thread_in_native, id=16496, stack(0x000000a757e00000,0x000000a757f00000) (1024K)]


Current CompileTask:
C2:6891695 19386       4       org.springframework.web.servlet.handler.AbstractHandlerMethodMapping::lookupHandlerMethod (344 bytes)

Stack: [0x000000a757e00000,0x000000a757f00000]
Native frames: (J=compiled Java code, j=interpreted, Vv=VM code, C=native code)
V  [jvm.dll+0x6ca289]
V  [jvm.dll+0x854a51]
V  [jvm.dll+0x856f7e]
V  [jvm.dll+0x857653]
V  [jvm.dll+0x27dd26]
V  [jvm.dll+0xc4c2d]
V  [jvm.dll+0xc5163]
V  [jvm.dll+0x3b4d3c]
V  [jvm.dll+0x1df809]
V  [jvm.dll+0x246a62]
V  [jvm.dll+0x245eef]
V  [jvm.dll+0x1c6d0e]
V  [jvm.dll+0x2554d9]
V  [jvm.dll+0x253a6a]
V  [jvm.dll+0x3ee136]
V  [jvm.dll+0x7fee9b]
V  [jvm.dll+0x6c896d]
C  [ucrtbase.dll+0x37b0]
C  [KERNEL32.DLL+0x2e8d7]
C  [ntdll.dll+0xb14fc]


---------------  P R O C E S S  ---------------

Threads class SMR info:
_java_thread_list=0x0000020be1c21cf0, length=96, elements={
0x0000020bff3fe450, 0x0000020bff3fef90, 0x0000020bff405230, 0x0000020bff405ff0,
0x0000020bff40a240, 0x0000020bff4081f0, 0x0000020bff40adc0, 0x0000020bff412510,
0x0000020b9965be00, 0x0000020b996731c0, 0x0000020be2b702c0, 0x0000020be1d1a440,
0x0000020be25a62e0, 0x0000020be2bb8970, 0x0000020be26e2200, 0x0000020be26e42d0,
0x0000020be076e2f0, 0x0000020be076dc60, 0x0000020be076e980, 0x0000020be076cf40,
0x0000020be076c220, 0x0000020be076bb90, 0x0000020be31256b0, 0x0000020beba46c80,
0x0000020beae765a0, 0x0000020beae78d00, 0x0000020beae79390, 0x0000020beae7a0b0,
0x0000020bec052f70, 0x0000020be5088f90, 0x0000020be3121510, 0x0000020be3123c70,
0x0000020be31235e0, 0x0000020be3125020, 0x0000020be3121ba0, 0x0000020be3122230,
0x0000020be3125d40, 0x0000020be31228c0, 0x0000020be31263d0, 0x0000020be3122f50,
0x0000020be31270f0, 0x0000020be3127780, 0x0000020be3127e10, 0x0000020be3126a60,
0x0000020be3128b30, 0x0000020be31284a0, 0x0000020beba45240, 0x0000020beba47310,
0x0000020beba479a0, 0x0000020beba48030, 0x0000020beba48d50, 0x0000020beba465f0,
0x0000020beba486c0, 0x0000020beba458d0, 0x0000020beba493e0, 0x0000020beba45f60,
0x0000020beba4ae20, 0x0000020beba49a70, 0x0000020beba4a100, 0x0000020beba4b4b0,
0x0000020beba4bb40, 0x0000020beba4c860, 0x0000020beba4a790, 0x0000020bec050ea0,
0x0000020bec051530, 0x0000020bec053600, 0x0000020bec053c90, 0x0000020bec054320,
0x0000020bec0549b0, 0x0000020bec055040, 0x0000020bec0556d0, 0x0000020bec055d60,
0x0000020bec056a80, 0x0000020bec057110, 0x0000020bec0577a0, 0x0000020bec057e30,
0x0000020bec0584c0, 0x0000020be50861a0, 0x0000020be50840d0, 0x0000020be5084df0,
0x0000020be5085480, 0x0000020be5086830, 0x0000020be5085b10, 0x0000020be5087be0,
0x0000020be5084760, 0x0000020be508b060, 0x0000020be508a340, 0x0000020be5089620,
0x0000020be508a9d0, 0x0000020be5088270, 0x0000020be508b6f0, 0x0000020be5088900,
0x0000020beae751f0, 0x0000020beae77950, 0x0000020beae76c30, 0x0000020be0769ac0
}

Java Threads: ( => current thread )
  0x0000020bff3fe450 JavaThread "Reference Handler"          daemon [_thread_blocked, id=2344, stack(0x000000a757800000,0x000000a757900000) (1024K)]
  0x0000020bff3fef90 JavaThread "Finalizer"                  daemon [_thread_blocked, id=10820, stack(0x000000a757900000,0x000000a757a00000) (1024K)]
  0x0000020bff405230 JavaThread "Signal Dispatcher"          daemon [_thread_blocked, id=14616, stack(0x000000a757a00000,0x000000a757b00000) (1024K)]
  0x0000020bff405ff0 JavaThread "Attach Listener"            daemon [_thread_blocked, id=28860, stack(0x000000a757b00000,0x000000a757c00000) (1024K)]
  0x0000020bff40a240 JavaThread "Service Thread"             daemon [_thread_blocked, id=25172, stack(0x000000a757c00000,0x000000a757d00000) (1024K)]
  0x0000020bff4081f0 JavaThread "Monitor Deflation Thread"   daemon [_thread_blocked, id=1392, stack(0x000000a757d00000,0x000000a757e00000) (1024K)]
=>0x0000020bff40adc0 JavaThread "C2 CompilerThread0"         daemon [_thread_in_native, id=16496, stack(0x000000a757e00000,0x000000a757f00000) (1024K)]
  0x0000020bff412510 JavaThread "C1 CompilerThread0"         daemon [_thread_blocked, id=26396, stack(0x000000a757f00000,0x000000a758000000) (1024K)]
  0x0000020b9965be00 JavaThread "Notification Thread"        daemon [_thread_blocked, id=33940, stack(0x000000a758000000,0x000000a758100000) (1024K)]
  0x0000020b996731c0 JavaThread "Common-Cleaner"             daemon [_thread_blocked, id=33424, stack(0x000000a758100000,0x000000a758200000) (1024K)]
  0x0000020be2b702c0 JavaThread "Catalina-utility-1"                [_thread_blocked, id=1848, stack(0x000000a758c00000,0x000000a758d00000) (1024K)]
  0x0000020be1d1a440 JavaThread "Catalina-utility-2"                [_thread_blocked, id=8796, stack(0x000000a758d00000,0x000000a758e00000) (1024K)]
  0x0000020be25a62e0 JavaThread "container-0"                       [_thread_blocked, id=13140, stack(0x000000a758e00000,0x000000a758f00000) (1024K)]
  0x0000020be2bb8970 JavaThread "mysql-cj-abandoned-connection-cleanup" daemon [_thread_blocked, id=33252, stack(0x000000a758f00000,0x000000a759000000) (1024K)]
  0x0000020be26e2200 JavaThread "HikariPool-1 housekeeper"   daemon [_thread_blocked, id=7456, stack(0x000000a759100000,0x000000a759200000) (1024K)]
  0x0000020be26e42d0 JavaThread "MessageBroker-1"                   [_thread_blocked, id=22980, stack(0x000000a759200000,0x000000a759300000) (1024K)]
  0x0000020be076e2f0 JavaThread "http-nio-8080-Poller"       daemon [_thread_in_native, id=27324, stack(0x000000a759d00000,0x000000a759e00000) (1024K)]
  0x0000020be076dc60 JavaThread "http-nio-8080-Acceptor"     daemon [_thread_in_native, id=26168, stack(0x000000a759e00000,0x000000a759f00000) (1024K)]
  0x0000020be076e980 JavaThread "DestroyJavaVM"                     [_thread_blocked, id=34092, stack(0x000000a757000000,0x000000a757100000) (1024K)]
  0x0000020be076cf40 JavaThread "MessageBroker-2"                   [_thread_blocked, id=352, stack(0x000000a756d00000,0x000000a756e00000) (1024K)]
  0x0000020be076c220 JavaThread "http-nio-8080-exec-11"      daemon [_thread_blocked, id=19412, stack(0x000000a756e00000,0x000000a756f00000) (1024K)]
  0x0000020be076bb90 JavaThread "http-nio-8080-exec-14"      daemon [_thread_blocked, id=8692, stack(0x000000a758b00000,0x000000a758c00000) (1024K)]
  0x0000020be31256b0 JavaThread "http-nio-8080-exec-19"      daemon [_thread_blocked, id=21648, stack(0x000000a75c500000,0x000000a75c600000) (1024K)]
  0x0000020beba46c80 JavaThread "http-nio-8080-exec-32"      daemon [_thread_blocked, id=35188, stack(0x000000a75d200000,0x000000a75d300000) (1024K)]
  0x0000020beae765a0 JavaThread "http-nio-8080-exec-49"      daemon [_thread_blocked, id=6768, stack(0x000000a75e300000,0x000000a75e400000) (1024K)]
  0x0000020beae78d00 JavaThread "http-nio-8080-exec-56"      daemon [_thread_blocked, id=12188, stack(0x000000a75ea00000,0x000000a75eb00000) (1024K)]
  0x0000020beae79390 JavaThread "http-nio-8080-exec-62"      daemon [_thread_blocked, id=27604, stack(0x000000a75f000000,0x000000a75f100000) (1024K)]
  0x0000020beae7a0b0 JavaThread "http-nio-8080-exec-65"      daemon [_thread_blocked, id=3524, stack(0x000000a75f300000,0x000000a75f400000) (1024K)]
  0x0000020bec052f70 JavaThread "http-nio-8080-exec-70"      daemon [_thread_blocked, id=34080, stack(0x000000a75f700000,0x000000a75f800000) (1024K)]
  0x0000020be5088f90 JavaThread "http-nio-8080-exec-92"      daemon [_thread_blocked, id=9200, stack(0x000000a760e00000,0x000000a760f00000) (1024K)]
  0x0000020be3121510 JavaThread "MessageBroker-3"                   [_thread_blocked, id=36640, stack(0x000000a756f00000,0x000000a757000000) (1024K)]
  0x0000020be3123c70 JavaThread "MessageBroker-4"                   [_thread_blocked, id=3852, stack(0x000000a758200000,0x000000a758300000) (1024K)]
  0x0000020be31235e0 JavaThread "MessageBroker-5"                   [_thread_blocked, id=23848, stack(0x000000a759000000,0x000000a759100000) (1024K)]
  0x0000020be3125020 JavaThread "clientInboundChannel-33"           [_thread_blocked, id=13532, stack(0x000000a759300000,0x000000a759400000) (1024K)]
  0x0000020be3121ba0 JavaThread "clientInboundChannel-34"           [_thread_blocked, id=37664, stack(0x000000a759400000,0x000000a759500000) (1024K)]
  0x0000020be3122230 JavaThread "clientInboundChannel-35"           [_thread_blocked, id=29744, stack(0x000000a759500000,0x000000a759600000) (1024K)]
  0x0000020be3125d40 JavaThread "clientInboundChannel-36"           [_thread_blocked, id=19672, stack(0x000000a759600000,0x000000a759700000) (1024K)]
  0x0000020be31228c0 JavaThread "clientInboundChannel-37"           [_thread_blocked, id=1620, stack(0x000000a759700000,0x000000a759800000) (1024K)]
  0x0000020be31263d0 JavaThread "clientInboundChannel-38"           [_thread_blocked, id=7596, stack(0x000000a759800000,0x000000a759900000) (1024K)]
  0x0000020be3122f50 JavaThread "clientInboundChannel-39"           [_thread_blocked, id=13060, stack(0x000000a759900000,0x000000a759a00000) (1024K)]
  0x0000020be31270f0 JavaThread "clientInboundChannel-40"           [_thread_in_vm, id=11876, stack(0x000000a759a00000,0x000000a759b00000) (1024K)]
  0x0000020be3127780 JavaThread "clientInboundChannel-41"           [_thread_blocked, id=2584, stack(0x000000a759b00000,0x000000a759c00000) (1024K)]
  0x0000020be3127e10 JavaThread "clientOutboundChannel-33"          [_thread_blocked, id=18096, stack(0x000000a759c00000,0x000000a759d00000) (1024K)]
  0x0000020be3126a60 JavaThread "clientInboundChannel-42"           [_thread_blocked, id=19068, stack(0x000000a759f00000,0x000000a75a000000) (1024K)]
  0x0000020be3128b30 JavaThread "clientInboundChannel-43"           [_thread_blocked, id=33068, stack(0x000000a75a100000,0x000000a75a200000) (1024K)]
  0x0000020be31284a0 JavaThread "clientInboundChannel-44"           [_thread_blocked, id=7820, stack(0x000000a75a200000,0x000000a75a300000) (1024K)]
  0x0000020beba45240 JavaThread "clientOutboundChannel-34"          [_thread_blocked, id=16904, stack(0x000000a75a300000,0x000000a75a400000) (1024K)]
  0x0000020beba47310 JavaThread "http-nio-8080-exec-94"      daemon [_thread_blocked, id=22200, stack(0x000000a75a400000,0x000000a75a500000) (1024K)]
  0x0000020beba479a0 JavaThread "clientInboundChannel-45"           [_thread_blocked, id=12460, stack(0x000000a75a500000,0x000000a75a600000) (1024K)]
  0x0000020beba48030 JavaThread "clientInboundChannel-48"           [_thread_blocked, id=13624, stack(0x000000a75a600000,0x000000a75a700000) (1024K)]
  0x0000020beba48d50 JavaThread "http-nio-8080-exec-95"      daemon [_thread_blocked, id=18536, stack(0x000000a75a700000,0x000000a75a800000) (1024K)]
  0x0000020beba465f0 JavaThread "clientInboundChannel-47"           [_thread_blocked, id=1864, stack(0x000000a75a800000,0x000000a75a900000) (1024K)]
  0x0000020beba486c0 JavaThread "clientInboundChannel-46"           [_thread_blocked, id=20552, stack(0x000000a75a900000,0x000000a75aa00000) (1024K)]
  0x0000020beba458d0 JavaThread "clientOutboundChannel-35"          [_thread_blocked, id=28524, stack(0x000000a75aa00000,0x000000a75ab00000) (1024K)]
  0x0000020beba493e0 JavaThread "clientOutboundChannel-36"          [_thread_blocked, id=37188, stack(0x000000a75ab00000,0x000000a75ac00000) (1024K)]
  0x0000020beba45f60 JavaThread "clientOutboundChannel-37"          [_thread_blocked, id=33276, stack(0x000000a75ac00000,0x000000a75ad00000) (1024K)]
  0x0000020beba4ae20 JavaThread "clientOutboundChannel-38"          [_thread_blocked, id=12568, stack(0x000000a75ad00000,0x000000a75ae00000) (1024K)]
  0x0000020beba49a70 JavaThread "clientOutboundChannel-39"          [_thread_blocked, id=35480, stack(0x000000a75ae00000,0x000000a75af00000) (1024K)]
  0x0000020beba4a100 JavaThread "clientOutboundChannel-40"          [_thread_blocked, id=1984, stack(0x000000a75af00000,0x000000a75b000000) (1024K)]
  0x0000020beba4b4b0 JavaThread "http-nio-8080-exec-96"      daemon [_thread_in_vm, id=33900, stack(0x000000a75b000000,0x000000a75b100000) (1024K)]
  0x0000020beba4bb40 JavaThread "clientOutboundChannel-41"          [_thread_blocked, id=25844, stack(0x000000a75b100000,0x000000a75b200000) (1024K)]
  0x0000020beba4c860 JavaThread "clientOutboundChannel-42"          [_thread_blocked, id=37236, stack(0x000000a75b300000,0x000000a75b400000) (1024K)]
  0x0000020beba4a790 JavaThread "clientOutboundChannel-43"          [_thread_blocked, id=37640, stack(0x000000a75b400000,0x000000a75b500000) (1024K)]
  0x0000020bec050ea0 JavaThread "clientOutboundChannel-44"          [_thread_blocked, id=35708, stack(0x000000a75b500000,0x000000a75b600000) (1024K)]
  0x0000020bec051530 JavaThread "clientOutboundChannel-45"          [_thread_blocked, id=37808, stack(0x000000a75b600000,0x000000a75b700000) (1024K)]
  0x0000020bec053600 JavaThread "clientOutboundChannel-47"          [_thread_blocked, id=26300, stack(0x000000a75b700000,0x000000a75b800000) (1024K)]
  0x0000020bec053c90 JavaThread "clientOutboundChannel-46"          [_thread_blocked, id=3648, stack(0x000000a75b800000,0x000000a75b900000) (1024K)]
  0x0000020bec054320 JavaThread "clientOutboundChannel-48"          [_thread_blocked, id=9972, stack(0x000000a75b900000,0x000000a75ba00000) (1024K)]
  0x0000020bec0549b0 JavaThread "http-nio-8080-exec-97"      daemon [_thread_blocked, id=3692, stack(0x000000a75ba00000,0x000000a75bb00000) (1024K)]
  0x0000020bec055040 JavaThread "http-nio-8080-exec-98"      daemon [_thread_blocked, id=25972, stack(0x000000a75bb00000,0x000000a75bc00000) (1024K)]
  0x0000020bec0556d0 JavaThread "http-nio-8080-exec-99"      daemon [_thread_blocked, id=28516, stack(0x000000a75bc00000,0x000000a75bd00000) (1024K)]
  0x0000020bec055d60 JavaThread "http-nio-8080-exec-100"     daemon [_thread_blocked, id=23496, stack(0x000000a75bd00000,0x000000a75be00000) (1024K)]
  0x0000020bec056a80 JavaThread "http-nio-8080-exec-101"     daemon [_thread_blocked, id=34604, stack(0x000000a75be00000,0x000000a75bf00000) (1024K)]
  0x0000020bec057110 JavaThread "http-nio-8080-exec-102"     daemon [_thread_blocked, id=7832, stack(0x000000a75bf00000,0x000000a75c000000) (1024K)]
  0x0000020bec0577a0 JavaThread "http-nio-8080-exec-103"     daemon [_thread_in_vm, id=31372, stack(0x000000a75c000000,0x000000a75c100000) (1024K)]
  0x0000020bec057e30 JavaThread "http-nio-8080-exec-104"     daemon [_thread_blocked, id=35444, stack(0x000000a75c100000,0x000000a75c200000) (1024K)]
  0x0000020bec0584c0 JavaThread "http-nio-8080-exec-105"     daemon [_thread_blocked, id=33748, stack(0x000000a75c200000,0x000000a75c300000) (1024K)]
  0x0000020be50861a0 JavaThread "http-nio-8080-exec-106"     daemon [_thread_blocked, id=3696, stack(0x000000a75c300000,0x000000a75c400000) (1024K)]
  0x0000020be50840d0 JavaThread "http-nio-8080-exec-107"     daemon [_thread_blocked, id=16032, stack(0x000000a75c400000,0x000000a75c500000) (1024K)]
  0x0000020be5084df0 JavaThread "http-nio-8080-exec-108"     daemon [_thread_in_Java, id=12056, stack(0x000000a75c600000,0x000000a75c700000) (1024K)]
  0x0000020be5085480 JavaThread "http-nio-8080-exec-109"     daemon [_thread_blocked, id=37224, stack(0x000000a75c700000,0x000000a75c800000) (1024K)]
  0x0000020be5086830 JavaThread "http-nio-8080-exec-110"     daemon [_thread_blocked, id=21448, stack(0x000000a75c800000,0x000000a75c900000) (1024K)]
  0x0000020be5085b10 JavaThread "http-nio-8080-exec-111"     daemon [_thread_blocked, id=9664, stack(0x000000a75c900000,0x000000a75ca00000) (1024K)]
  0x0000020be5087be0 JavaThread "http-nio-8080-exec-112"     daemon [_thread_blocked, id=21760, stack(0x000000a75ca00000,0x000000a75cb00000) (1024K)]
  0x0000020be5084760 JavaThread "http-nio-8080-exec-113"     daemon [_thread_blocked, id=19736, stack(0x000000a75cb00000,0x000000a75cc00000) (1024K)]
  0x0000020be508b060 JavaThread "http-nio-8080-exec-114"     daemon [_thread_blocked, id=32464, stack(0x000000a75cc00000,0x000000a75cd00000) (1024K)]
  0x0000020be508a340 JavaThread "http-nio-8080-exec-115"     daemon [_thread_blocked, id=11576, stack(0x000000a75cd00000,0x000000a75ce00000) (1024K)]
  0x0000020be5089620 JavaThread "http-nio-8080-exec-116"     daemon [_thread_in_vm, id=29052, stack(0x000000a75ce00000,0x000000a75cf00000) (1024K)]
  0x0000020be508a9d0 JavaThread "http-nio-8080-exec-117"     daemon [_thread_blocked, id=6788, stack(0x000000a75cf00000,0x000000a75d000000) (1024K)]
  0x0000020be5088270 JavaThread "http-nio-8080-exec-118"     daemon [_thread_in_vm, id=17324, stack(0x000000a75d000000,0x000000a75d100000) (1024K)]
  0x0000020be508b6f0 JavaThread "http-nio-8080-exec-119"     daemon [_thread_blocked, id=30752, stack(0x000000a75d100000,0x000000a75d200000) (1024K)]
  0x0000020be5088900 JavaThread "http-nio-8080-exec-120"     daemon [_thread_blocked, id=21044, stack(0x000000a75d300000,0x000000a75d400000) (1024K)]
  0x0000020beae751f0 JavaThread "http-nio-8080-exec-121"     daemon [_thread_blocked, id=2848, stack(0x000000a75d400000,0x000000a75d500000) (1024K)]
  0x0000020beae77950 JavaThread "http-nio-8080-exec-122"     daemon [_thread_blocked, id=32412, stack(0x000000a75d500000,0x000000a75d600000) (1024K)]
  0x0000020beae76c30 JavaThread "WebSocket background processing" daemon [_thread_blocked, id=17252, stack(0x000000a75a000000,0x000000a75a100000) (1024K)]
  0x0000020be0769ac0 JavaThread "HikariPool-1 connection adder" daemon [_thread_blocked, id=30416, stack(0x000000a75b200000,0x000000a75b300000) (1024K)]
Total: 96

Other Threads:
  0x0000020bff3e53f0 VMThread "VM Thread"                           [id=22148, stack(0x000000a757700000,0x000000a757800000) (1024K)]
  0x0000020bff3d59f0 WatcherThread "VM Periodic Task Thread"        [id=13912, stack(0x000000a757600000,0x000000a757700000) (1024K)]
  0x0000020bf9fdb650 WorkerThread "GC Thread#0"                     [id=24132, stack(0x000000a757100000,0x000000a757200000) (1024K)]
  0x0000020bdf320ed0 WorkerThread "GC Thread#1"                     [id=32208, stack(0x000000a758300000,0x000000a758400000) (1024K)]
  0x0000020bdfacf050 WorkerThread "GC Thread#2"                     [id=2980, stack(0x000000a758400000,0x000000a758500000) (1024K)]
  0x0000020bdfacf3f0 WorkerThread "GC Thread#3"                     [id=23648, stack(0x000000a758500000,0x000000a758600000) (1024K)]
  0x0000020bdfacf790 WorkerThread "GC Thread#4"                     [id=30804, stack(0x000000a758600000,0x000000a758700000) (1024K)]
  0x0000020bdfacfb30 WorkerThread "GC Thread#5"                     [id=20812, stack(0x000000a758700000,0x000000a758800000) (1024K)]
  0x0000020bdfbe37a0 WorkerThread "GC Thread#6"                     [id=19856, stack(0x000000a758900000,0x000000a758a00000) (1024K)]
  0x0000020bdfbe4280 WorkerThread "GC Thread#7"                     [id=35540, stack(0x000000a758a00000,0x000000a758b00000) (1024K)]
  0x0000020bf9fed340 ConcurrentGCThread "G1 Main Marker"            [id=20392, stack(0x000000a757200000,0x000000a757300000) (1024K)]
  0x0000020bf9fede40 WorkerThread "G1 Conc#0"                       [id=19448, stack(0x000000a757300000,0x000000a757400000) (1024K)]
  0x0000020bdfbe4d60 WorkerThread "G1 Conc#1"                       [id=700, stack(0x000000a758800000,0x000000a758900000) (1024K)]
  0x0000020bff29e5b0 ConcurrentGCThread "G1 Refine#0"               [id=5272, stack(0x000000a757400000,0x000000a757500000) (1024K)]
  0x0000020bff2a2660 ConcurrentGCThread "G1 Service"                [id=7968, stack(0x000000a757500000,0x000000a757600000) (1024K)]
Total: 15

Threads with active compile tasks:
C2 CompilerThread0  6891769 19386       4       org.springframework.web.servlet.handler.AbstractHandlerMethodMapping::lookupHandlerMethod (344 bytes)
Total: 1

VM state: not at safepoint (normal execution)

VM Mutex/Monitor currently owned by a thread: None

Heap address: 0x0000000084c00000, size: 1972 MB, Compressed Oops mode: 32-bit

CDS archive(s) mapped at: [0x0000020b9a000000-0x0000020b9ac90000-0x0000020b9ac90000), size 13172736, SharedBaseAddress: 0x0000020b9a000000, ArchiveRelocationMode: 1.
Compressed class space mapped at: 0x0000020b9b000000-0x0000020bdb000000, reserved size: 1073741824
Narrow klass base: 0x0000020b9a000000, Narrow klass shift: 0, Narrow klass range: 0x100000000

GC Precious Log:
 CardTable entry size: 512
 Card Set container configuration: InlinePtr #cards 5 size 8 Array Of Cards #cards 12 size 40 Howl #buckets 4 coarsen threshold 1843 Howl Bitmap #cards 512 size 80 coarsen threshold 460 Card regions per heap region 1 cards per card region 2048
 CPUs: 8 total, 8 available
 Memory: 7886M
 Large Page Support: Disabled
 NUMA Support: Disabled
 Compressed Oops: Enabled (32-bit)
 Heap Region Size: 1M
 Heap Min Capacity: 8M
 Heap Initial Capacity: 124M
 Heap Max Capacity: 1972M
 Pre-touch: Disabled
 Parallel Workers: 8
 Concurrent Workers: 2
 Concurrent Refinement Workers: 8
 Periodic GC: Disabled

Heap:
 garbage-first heap   total 145408K, used 101776K [0x0000000084c00000, 0x0000000100000000)
  region size 1024K, 46 young (47104K), 4 survivors (4096K)
 Metaspace       used 97781K, committed 99072K, reserved 1179648K
  class space    used 12507K, committed 13120K, reserved 1048576K

Heap Regions: E=young(eden), S=young(survivor), O=old, HS=humongous(starts), HC=humongous(continues), CS=collection set, F=free, TAMS=top-at-mark-start, PB=parsable bottom
|   0|0x0000000084c00000, 0x0000000084d00000, 0x0000000084d00000|100%|HS|  |TAMS 0x0000000084c00000| PB 0x0000000084c00000| Complete 
|   1|0x0000000084d00000, 0x0000000084e00000, 0x0000000084e00000|100%|HS|  |TAMS 0x0000000084d00000| PB 0x0000000084d00000| Complete 
|   2|0x0000000084e00000, 0x0000000084f00000, 0x0000000084f00000|100%| O|  |TAMS 0x0000000084e00000| PB 0x0000000084e00000| Untracked 
|   3|0x0000000084f00000, 0x0000000085000000, 0x0000000085000000|100%| O|  |TAMS 0x0000000084f00000| PB 0x0000000084f00000| Untracked 
|   4|0x0000000085000000, 0x0000000085100000, 0x0000000085100000|100%| O|  |TAMS 0x0000000085000000| PB 0x0000000085000000| Untracked 
|   5|0x0000000085100000, 0x0000000085200000, 0x0000000085200000|100%| O|  |TAMS 0x0000000085100000| PB 0x0000000085100000| Untracked 
|   6|0x0000000085200000, 0x0000000085300000, 0x0000000085300000|100%| O|  |TAMS 0x0000000085200000| PB 0x0000000085200000| Untracked 
|   7|0x0000000085300000, 0x0000000085400000, 0x0000000085400000|100%| O|  |TAMS 0x0000000085300000| PB 0x0000000085300000| Untracked 
|   8|0x0000000085400000, 0x0000000085500000, 0x0000000085500000|100%| O|  |TAMS 0x0000000085400000| PB 0x0000000085400000| Untracked 
|   9|0x0000000085500000, 0x0000000085600000, 0x0000000085600000|100%| O|  |TAMS 0x0000000085500000| PB 0x0000000085500000| Untracked 
|  10|0x0000000085600000, 0x0000000085700000, 0x0000000085700000|100%| O|  |TAMS 0x0000000085600000| PB 0x0000000085600000| Untracked 
|  11|0x0000000085700000, 0x0000000085800000, 0x0000000085800000|100%| O|  |TAMS 0x0000000085700000| PB 0x0000000085700000| Untracked 
|  12|0x0000000085800000, 0x0000000085900000, 0x0000000085900000|100%| O|Cm|TAMS 0x0000000085800000| PB 0x0000000085800000| Complete 
|  13|0x0000000085900000, 0x0000000085a00000, 0x0000000085a00000|100%| O|Cm|TAMS 0x0000000085900000| PB 0x0000000085900000| Complete 
|  14|0x0000000085a00000, 0x0000000085b00000, 0x0000000085b00000|100%| O|  |TAMS 0x0000000085a00000| PB 0x0000000085a00000| Untracked 
|  15|0x0000000085b00000, 0x0000000085c00000, 0x0000000085c00000|100%| O|  |TAMS 0x0000000085b00000| PB 0x0000000085b00000| Untracked 
|  16|0x0000000085c00000, 0x0000000085d00000, 0x0000000085d00000|100%| O|Cm|TAMS 0x0000000085c00000| PB 0x0000000085c00000| Complete 
|  17|0x0000000085d00000, 0x0000000085e00000, 0x0000000085e00000|100%| O|Cm|TAMS 0x0000000085d00000| PB 0x0000000085d00000| Complete 
|  18|0x0000000085e00000, 0x0000000085f00000, 0x0000000085f00000|100%| O|  |TAMS 0x0000000085e00000| PB 0x0000000085e00000| Untracked 
|  19|0x0000000085f00000, 0x0000000086000000, 0x0000000086000000|100%| O|  |TAMS 0x0000000085f00000| PB 0x0000000085f00000| Untracked 
|  20|0x0000000086000000, 0x0000000086100000, 0x0000000086100000|100%| O|  |TAMS 0x0000000086000000| PB 0x0000000086000000| Untracked 
|  21|0x0000000086100000, 0x0000000086200000, 0x0000000086200000|100%| O|  |TAMS 0x0000000086100000| PB 0x0000000086100000| Untracked 
|  22|0x0000000086200000, 0x0000000086300000, 0x0000000086300000|100%| O|  |TAMS 0x0000000086200000| PB 0x0000000086200000| Untracked 
|  23|0x0000000086300000, 0x0000000086400000, 0x0000000086400000|100%| O|  |TAMS 0x0000000086300000| PB 0x0000000086300000| Untracked 
|  24|0x0000000086400000, 0x0000000086500000, 0x0000000086500000|100%| O|  |TAMS 0x0000000086400000| PB 0x0000000086400000| Untracked 
|  25|0x0000000086500000, 0x0000000086600000, 0x0000000086600000|100%| O|  |TAMS 0x0000000086500000| PB 0x0000000086500000| Untracked 
|  26|0x0000000086600000, 0x0000000086700000, 0x0000000086700000|100%| O|  |TAMS 0x0000000086600000| PB 0x0000000086600000| Untracked 
|  27|0x0000000086700000, 0x0000000086800000, 0x0000000086800000|100%| O|  |TAMS 0x0000000086700000| PB 0x0000000086700000| Untracked 
|  28|0x0000000086800000, 0x0000000086900000, 0x0000000086900000|100%| O|  |TAMS 0x0000000086800000| PB 0x0000000086800000| Untracked 
|  29|0x0000000086900000, 0x0000000086a00000, 0x0000000086a00000|100%| O|  |TAMS 0x0000000086900000| PB 0x0000000086900000| Untracked 
|  30|0x0000000086a00000, 0x0000000086b00000, 0x0000000086b00000|100%| O|  |TAMS 0x0000000086a00000| PB 0x0000000086a00000| Untracked 
|  31|0x0000000086b00000, 0x0000000086c00000, 0x0000000086c00000|100%| O|  |TAMS 0x0000000086b00000| PB 0x0000000086b00000| Untracked 
|  32|0x0000000086c00000, 0x0000000086d00000, 0x0000000086d00000|100%| O|Cm|TAMS 0x0000000086c00000| PB 0x0000000086c00000| Complete 
|  33|0x0000000086d00000, 0x0000000086e00000, 0x0000000086e00000|100%| O|  |TAMS 0x0000000086d00000| PB 0x0000000086d00000| Untracked 
|  34|0x0000000086e00000, 0x0000000086e46140, 0x0000000086f00000| 27%| O|  |TAMS 0x0000000086e00000| PB 0x0000000086e00000| Untracked 
|  35|0x0000000086f00000, 0x0000000086f00000, 0x0000000087000000|  0%| F|  |TAMS 0x0000000086f00000| PB 0x0000000086f00000| Untracked 
|  36|0x0000000087000000, 0x0000000087100000, 0x0000000087100000|100%| O|  |TAMS 0x0000000087000000| PB 0x0000000087000000| Untracked 
|  37|0x0000000087100000, 0x0000000087100000, 0x0000000087200000|  0%| F|  |TAMS 0x0000000087100000| PB 0x0000000087100000| Untracked 
|  38|0x0000000087200000, 0x0000000087300000, 0x0000000087300000|100%| O|  |TAMS 0x0000000087200000| PB 0x0000000087200000| Untracked 
|  39|0x0000000087300000, 0x0000000087400000, 0x0000000087400000|100%| O|Cm|TAMS 0x0000000087300000| PB 0x0000000087300000| Complete 
|  40|0x0000000087400000, 0x0000000087500000, 0x0000000087500000|100%| O|  |TAMS 0x0000000087400000| PB 0x0000000087400000| Untracked 
|  41|0x0000000087500000, 0x0000000087500000, 0x0000000087600000|  0%| F|  |TAMS 0x0000000087500000| PB 0x0000000087500000| Untracked 
|  42|0x0000000087600000, 0x0000000087600000, 0x0000000087700000|  0%| F|  |TAMS 0x0000000087600000| PB 0x0000000087600000| Untracked 
|  43|0x0000000087700000, 0x0000000087800000, 0x0000000087800000|100%| O|Cm|TAMS 0x0000000087700000| PB 0x0000000087700000| Complete 
|  44|0x0000000087800000, 0x0000000087800000, 0x0000000087900000|  0%| F|  |TAMS 0x0000000087800000| PB 0x0000000087800000| Untracked 
|  45|0x0000000087900000, 0x0000000087900000, 0x0000000087a00000|  0%| F|  |TAMS 0x0000000087900000| PB 0x0000000087900000| Untracked 
|  46|0x0000000087a00000, 0x0000000087a00000, 0x0000000087b00000|  0%| F|  |TAMS 0x0000000087a00000| PB 0x0000000087a00000| Untracked 
|  47|0x0000000087b00000, 0x0000000087b00000, 0x0000000087c00000|  0%| F|  |TAMS 0x0000000087b00000| PB 0x0000000087b00000| Untracked 
|  48|0x0000000087c00000, 0x0000000087c00000, 0x0000000087d00000|  0%| F|  |TAMS 0x0000000087c00000| PB 0x0000000087c00000| Untracked 
|  49|0x0000000087d00000, 0x0000000087d1e148, 0x0000000087e00000| 11%| S|CS|TAMS 0x0000000087d00000| PB 0x0000000087d00000| Complete 
|  50|0x0000000087e00000, 0x0000000087e00000, 0x0000000087f00000|  0%| F|  |TAMS 0x0000000087e00000| PB 0x0000000087e00000| Untracked 
|  51|0x0000000087f00000, 0x0000000087f00000, 0x0000000088000000|  0%| F|  |TAMS 0x0000000087f00000| PB 0x0000000087f00000| Untracked 
|  52|0x0000000088000000, 0x0000000088000000, 0x0000000088100000|  0%| F|  |TAMS 0x0000000088000000| PB 0x0000000088000000| Untracked 
|  53|0x0000000088100000, 0x0000000088200000, 0x0000000088200000|100%| S|CS|TAMS 0x0000000088100000| PB 0x0000000088100000| Complete 
|  54|0x0000000088200000, 0x0000000088300000, 0x0000000088300000|100%| O|  |TAMS 0x0000000088200000| PB 0x0000000088200000| Untracked 
|  55|0x0000000088300000, 0x0000000088400000, 0x0000000088400000|100%| O|  |TAMS 0x0000000088300000| PB 0x0000000088300000| Untracked 
|  56|0x0000000088400000, 0x0000000088500000, 0x0000000088500000|100%| O|Cm|TAMS 0x0000000088400000| PB 0x0000000088400000| Complete 
|  57|0x0000000088500000, 0x0000000088600000, 0x0000000088600000|100%| O|Cm|TAMS 0x0000000088500000| PB 0x0000000088500000| Complete 
|  58|0x0000000088600000, 0x0000000088700000, 0x0000000088700000|100%| O|Cm|TAMS 0x0000000088600000| PB 0x0000000088600000| Complete 
|  59|0x0000000088700000, 0x0000000088800000, 0x0000000088800000|100%| O|  |TAMS 0x0000000088700000| PB 0x0000000088700000| Untracked 
|  60|0x0000000088800000, 0x0000000088900000, 0x0000000088900000|100%| O|Cm|TAMS 0x0000000088800000| PB 0x0000000088800000| Complete 
|  61|0x0000000088900000, 0x0000000088a00000, 0x0000000088a00000|100%| O|Cm|TAMS 0x0000000088900000| PB 0x0000000088900000| Complete 
|  62|0x0000000088a00000, 0x0000000088b00000, 0x0000000088b00000|100%| O|Cm|TAMS 0x0000000088a00000| PB 0x0000000088a00000| Complete 
|  63|0x0000000088b00000, 0x0000000088c00000, 0x0000000088c00000|100%| O|Cm|TAMS 0x0000000088b00000| PB 0x0000000088b00000| Complete 
|  64|0x0000000088c00000, 0x0000000088d00000, 0x0000000088d00000|100%| O|Cm|TAMS 0x0000000088c00000| PB 0x0000000088c00000| Complete 
|  65|0x0000000088d00000, 0x0000000088e00000, 0x0000000088e00000|100%| O|  |TAMS 0x0000000088d00000| PB 0x0000000088d00000| Untracked 
|  66|0x0000000088e00000, 0x0000000088f00000, 0x0000000088f00000|100%| O|Cm|TAMS 0x0000000088e00000| PB 0x0000000088e00000| Complete 
|  67|0x0000000088f00000, 0x0000000089000000, 0x0000000089000000|100%| O|Cm|TAMS 0x0000000088f00000| PB 0x0000000088f00000| Complete 
|  68|0x0000000089000000, 0x0000000089000000, 0x0000000089100000|  0%| F|  |TAMS 0x0000000089000000| PB 0x0000000089000000| Untracked 
|  69|0x0000000089100000, 0x0000000089100000, 0x0000000089200000|  0%| F|  |TAMS 0x0000000089100000| PB 0x0000000089100000| Untracked 
|  70|0x0000000089200000, 0x0000000089200000, 0x0000000089300000|  0%| F|  |TAMS 0x0000000089200000| PB 0x0000000089200000| Untracked 
|  71|0x0000000089300000, 0x0000000089400000, 0x0000000089400000|100%| S|CS|TAMS 0x0000000089300000| PB 0x0000000089300000| Complete 
|  72|0x0000000089400000, 0x0000000089500000, 0x0000000089500000|100%| S|CS|TAMS 0x0000000089400000| PB 0x0000000089400000| Complete 
|  73|0x0000000089500000, 0x0000000089500000, 0x0000000089600000|  0%| F|  |TAMS 0x0000000089500000| PB 0x0000000089500000| Untracked 
|  74|0x0000000089600000, 0x0000000089600000, 0x0000000089700000|  0%| F|  |TAMS 0x0000000089600000| PB 0x0000000089600000| Untracked 
|  75|0x0000000089700000, 0x0000000089700000, 0x0000000089800000|  0%| F|  |TAMS 0x0000000089700000| PB 0x0000000089700000| Untracked 
|  76|0x0000000089800000, 0x0000000089800000, 0x0000000089900000|  0%| F|  |TAMS 0x0000000089800000| PB 0x0000000089800000| Untracked 
|  77|0x0000000089900000, 0x0000000089900000, 0x0000000089a00000|  0%| F|  |TAMS 0x0000000089900000| PB 0x0000000089900000| Untracked 
|  78|0x0000000089a00000, 0x0000000089a00000, 0x0000000089b00000|  0%| F|  |TAMS 0x0000000089a00000| PB 0x0000000089a00000| Untracked 
|  79|0x0000000089b00000, 0x0000000089b00000, 0x0000000089c00000|  0%| F|  |TAMS 0x0000000089b00000| PB 0x0000000089b00000| Untracked 
|  80|0x0000000089c00000, 0x0000000089c00000, 0x0000000089d00000|  0%| F|  |TAMS 0x0000000089c00000| PB 0x0000000089c00000| Untracked 
|  81|0x0000000089d00000, 0x0000000089d00000, 0x0000000089e00000|  0%| F|  |TAMS 0x0000000089d00000| PB 0x0000000089d00000| Untracked 
|  82|0x0000000089e00000, 0x0000000089e00000, 0x0000000089f00000|  0%| F|  |TAMS 0x0000000089e00000| PB 0x0000000089e00000| Untracked 
|  83|0x0000000089f00000, 0x0000000089f00000, 0x000000008a000000|  0%| F|  |TAMS 0x0000000089f00000| PB 0x0000000089f00000| Untracked 
|  84|0x000000008a000000, 0x000000008a000000, 0x000000008a100000|  0%| F|  |TAMS 0x000000008a000000| PB 0x000000008a000000| Untracked 
|  85|0x000000008a100000, 0x000000008a100000, 0x000000008a200000|  0%| F|  |TAMS 0x000000008a100000| PB 0x000000008a100000| Untracked 
|  86|0x000000008a200000, 0x000000008a200000, 0x000000008a300000|  0%| F|  |TAMS 0x000000008a200000| PB 0x000000008a200000| Untracked 
|  87|0x000000008a300000, 0x000000008a300000, 0x000000008a400000|  0%| F|  |TAMS 0x000000008a300000| PB 0x000000008a300000| Untracked 
|  88|0x000000008a400000, 0x000000008a400000, 0x000000008a500000|  0%| F|  |TAMS 0x000000008a400000| PB 0x000000008a400000| Untracked 
|  89|0x000000008a500000, 0x000000008a500000, 0x000000008a600000|  0%| F|  |TAMS 0x000000008a500000| PB 0x000000008a500000| Untracked 
|  90|0x000000008a600000, 0x000000008a600000, 0x000000008a700000|  0%| F|  |TAMS 0x000000008a600000| PB 0x000000008a600000| Untracked 
|  91|0x000000008a700000, 0x000000008a700000, 0x000000008a800000|  0%| F|  |TAMS 0x000000008a700000| PB 0x000000008a700000| Untracked 
|  92|0x000000008a800000, 0x000000008a800000, 0x000000008a900000|  0%| F|  |TAMS 0x000000008a800000| PB 0x000000008a800000| Untracked 
|  93|0x000000008a900000, 0x000000008a900000, 0x000000008aa00000|  0%| F|  |TAMS 0x000000008a900000| PB 0x000000008a900000| Untracked 
|  94|0x000000008aa00000, 0x000000008aa00000, 0x000000008ab00000|  0%| F|  |TAMS 0x000000008aa00000| PB 0x000000008aa00000| Untracked 
|  95|0x000000008ab00000, 0x000000008ab00000, 0x000000008ac00000|  0%| F|  |TAMS 0x000000008ab00000| PB 0x000000008ab00000| Untracked 
|  96|0x000000008ac00000, 0x000000008ac00000, 0x000000008ad00000|  0%| F|  |TAMS 0x000000008ac00000| PB 0x000000008ac00000| Untracked 
|  97|0x000000008ad00000, 0x000000008adb3f38, 0x000000008ae00000| 70%| E|  |TAMS 0x000000008ad00000| PB 0x000000008ad00000| Complete 
|  98|0x000000008ae00000, 0x000000008af00000, 0x000000008af00000|100%| E|CS|TAMS 0x000000008ae00000| PB 0x000000008ae00000| Complete 
|  99|0x000000008af00000, 0x000000008b000000, 0x000000008b000000|100%| E|CS|TAMS 0x000000008af00000| PB 0x000000008af00000| Complete 
| 100|0x000000008b000000, 0x000000008b100000, 0x000000008b100000|100%| E|  |TAMS 0x000000008b000000| PB 0x000000008b000000| Complete 
| 101|0x000000008b100000, 0x000000008b200000, 0x000000008b200000|100%| E|CS|TAMS 0x000000008b100000| PB 0x000000008b100000| Complete 
| 102|0x000000008b200000, 0x000000008b300000, 0x000000008b300000|100%| E|CS|TAMS 0x000000008b200000| PB 0x000000008b200000| Complete 
| 103|0x000000008b300000, 0x000000008b400000, 0x000000008b400000|100%| E|CS|TAMS 0x000000008b300000| PB 0x000000008b300000| Complete 
| 104|0x000000008b400000, 0x000000008b500000, 0x000000008b500000|100%| E|CS|TAMS 0x000000008b400000| PB 0x000000008b400000| Complete 
| 105|0x000000008b500000, 0x000000008b600000, 0x000000008b600000|100%| E|CS|TAMS 0x000000008b500000| PB 0x000000008b500000| Complete 
| 106|0x000000008b600000, 0x000000008b700000, 0x000000008b700000|100%| E|CS|TAMS 0x000000008b600000| PB 0x000000008b600000| Complete 
| 107|0x000000008b700000, 0x000000008b800000, 0x000000008b800000|100%| E|CS|TAMS 0x000000008b700000| PB 0x000000008b700000| Complete 
| 108|0x000000008b800000, 0x000000008b900000, 0x000000008b900000|100%| E|CS|TAMS 0x000000008b800000| PB 0x000000008b800000| Complete 
| 109|0x000000008b900000, 0x000000008ba00000, 0x000000008ba00000|100%| E|CS|TAMS 0x000000008b900000| PB 0x000000008b900000| Complete 
| 110|0x000000008ba00000, 0x000000008bb00000, 0x000000008bb00000|100%| E|CS|TAMS 0x000000008ba00000| PB 0x000000008ba00000| Complete 
| 111|0x000000008bb00000, 0x000000008bc00000, 0x000000008bc00000|100%| E|CS|TAMS 0x000000008bb00000| PB 0x000000008bb00000| Complete 
| 112|0x000000008bc00000, 0x000000008bd00000, 0x000000008bd00000|100%| E|CS|TAMS 0x000000008bc00000| PB 0x000000008bc00000| Complete 
| 113|0x000000008bd00000, 0x000000008be00000, 0x000000008be00000|100%| E|CS|TAMS 0x000000008bd00000| PB 0x000000008bd00000| Complete 
| 114|0x000000008be00000, 0x000000008bf00000, 0x000000008bf00000|100%| E|CS|TAMS 0x000000008be00000| PB 0x000000008be00000| Complete 
| 115|0x000000008bf00000, 0x000000008c000000, 0x000000008c000000|100%| E|CS|TAMS 0x000000008bf00000| PB 0x000000008bf00000| Complete 
| 116|0x000000008c000000, 0x000000008c100000, 0x000000008c100000|100%| E|CS|TAMS 0x000000008c000000| PB 0x000000008c000000| Complete 
| 117|0x000000008c100000, 0x000000008c200000, 0x000000008c200000|100%| E|CS|TAMS 0x000000008c100000| PB 0x000000008c100000| Complete 
| 118|0x000000008c200000, 0x000000008c300000, 0x000000008c300000|100%| E|CS|TAMS 0x000000008c200000| PB 0x000000008c200000| Complete 
| 119|0x000000008c300000, 0x000000008c400000, 0x000000008c400000|100%| E|CS|TAMS 0x000000008c300000| PB 0x000000008c300000| Complete 
| 120|0x000000008c400000, 0x000000008c500000, 0x000000008c500000|100%| E|CS|TAMS 0x000000008c400000| PB 0x000000008c400000| Complete 
| 121|0x000000008c500000, 0x000000008c600000, 0x000000008c600000|100%| E|CS|TAMS 0x000000008c500000| PB 0x000000008c500000| Complete 
| 122|0x000000008c600000, 0x000000008c700000, 0x000000008c700000|100%| E|CS|TAMS 0x000000008c600000| PB 0x000000008c600000| Complete 
| 123|0x000000008c700000, 0x000000008c800000, 0x000000008c800000|100%| E|CS|TAMS 0x000000008c700000| PB 0x000000008c700000| Complete 
| 124|0x000000008c800000, 0x000000008c900000, 0x000000008c900000|100%| E|CS|TAMS 0x000000008c800000| PB 0x000000008c800000| Complete 
| 125|0x000000008c900000, 0x000000008ca00000, 0x000000008ca00000|100%| E|CS|TAMS 0x000000008c900000| PB 0x000000008c900000| Complete 
| 126|0x000000008ca00000, 0x000000008cb00000, 0x000000008cb00000|100%| E|CS|TAMS 0x000000008ca00000| PB 0x000000008ca00000| Complete 
| 127|0x000000008cb00000, 0x000000008cc00000, 0x000000008cc00000|100%| E|CS|TAMS 0x000000008cb00000| PB 0x000000008cb00000| Complete 
| 128|0x000000008cc00000, 0x000000008cd00000, 0x000000008cd00000|100%| E|CS|TAMS 0x000000008cc00000| PB 0x000000008cc00000| Complete 
| 129|0x000000008cd00000, 0x000000008ce00000, 0x000000008ce00000|100%| E|CS|TAMS 0x000000008cd00000| PB 0x000000008cd00000| Complete 
| 130|0x000000008ce00000, 0x000000008cf00000, 0x000000008cf00000|100%| E|CS|TAMS 0x000000008ce00000| PB 0x000000008ce00000| Complete 
| 131|0x000000008cf00000, 0x000000008d000000, 0x000000008d000000|100%| E|CS|TAMS 0x000000008cf00000| PB 0x000000008cf00000| Complete 
| 132|0x000000008d000000, 0x000000008d100000, 0x000000008d100000|100%| E|CS|TAMS 0x000000008d000000| PB 0x000000008d000000| Complete 
| 133|0x000000008d100000, 0x000000008d200000, 0x000000008d200000|100%| E|CS|TAMS 0x000000008d100000| PB 0x000000008d100000| Complete 
| 134|0x000000008d200000, 0x000000008d300000, 0x000000008d300000|100%| E|CS|TAMS 0x000000008d200000| PB 0x000000008d200000| Complete 
| 135|0x000000008d300000, 0x000000008d400000, 0x000000008d400000|100%| E|CS|TAMS 0x000000008d300000| PB 0x000000008d300000| Complete 
| 136|0x000000008d400000, 0x000000008d500000, 0x000000008d500000|100%| E|CS|TAMS 0x000000008d400000| PB 0x000000008d400000| Complete 
| 137|0x000000008d500000, 0x000000008d600000, 0x000000008d600000|100%| E|CS|TAMS 0x000000008d500000| PB 0x000000008d500000| Complete 
|1968|0x00000000ffc00000, 0x00000000ffd00000, 0x00000000ffd00000|100%| E|CS|TAMS 0x00000000ffc00000| PB 0x00000000ffc00000| Complete 
|1969|0x00000000ffd00000, 0x00000000ffe00000, 0x00000000ffe00000|100%| O|  |TAMS 0x00000000ffd00000| PB 0x00000000ffd00000| Untracked 
|1970|0x00000000ffe00000, 0x00000000fff00000, 0x00000000fff00000|100%| O|  |TAMS 0x00000000ffe00000| PB 0x00000000ffe00000| Untracked 
|1971|0x00000000fff00000, 0x0000000100000000, 0x0000000100000000|100%| O|  |TAMS 0x00000000fff00000| PB 0x00000000fff00000| Untracked 

Card table byte_map: [0x0000020bfc690000,0x0000020bfca70000] _byte_map_base: 0x0000020bfc26a000

Marking Bits: (CMBitMap*) 0x0000020bf9fdc560
 Bits: [0x0000020bfca70000, 0x0000020bfe940000)

Polling page: 0x0000020bfa030000

Metaspace:

Usage:
  Non-class:     83.27 MB used.
      Class:     12.21 MB used.
       Both:     95.49 MB used.

Virtual space:
  Non-class space:      128.00 MB reserved,      83.94 MB ( 66%) committed,  2 nodes.
      Class space:        1.00 GB reserved,      12.81 MB (  1%) committed,  1 nodes.
             Both:        1.12 GB reserved,      96.75 MB (  8%) committed. 

Chunk freelists:
   Non-Class:  12.01 MB
       Class:  3.44 MB
        Both:  15.45 MB

MaxMetaspaceSize: unlimited
CompressedClassSpaceSize: 1.00 GB
Initial GC threshold: 21.00 MB
Current GC threshold: 161.25 MB
CDS: on
 - commit_granule_bytes: 65536.
 - commit_granule_words: 8192.
 - virtual_space_node_default_size: 8388608.
 - enlarge_chunks_in_place: 1.
 - use_allocation_guard: 0.


Internal statistics:

num_allocs_failed_limit: 12.
num_arena_births: 1772.
num_arena_deaths: 574.
num_vsnodes_births: 3.
num_vsnodes_deaths: 0.
num_space_committed: 1548.
num_space_uncommitted: 0.
num_chunks_returned_to_freelist: 707.
num_chunks_taken_from_freelist: 5750.
num_chunk_merges: 185.
num_chunk_splits: 3870.
num_chunks_enlarged: 2771.
num_inconsistent_stats: 0.

CodeHeap 'non-profiled nmethods': size=120000Kb used=9451Kb max_used=9788Kb free=110548Kb
 bounds [0x0000020b8fe90000, 0x0000020b90820000, 0x0000020b973c0000]
CodeHeap 'profiled nmethods': size=120000Kb used=27000Kb max_used=29852Kb free=92999Kb
 bounds [0x0000020b883c0000, 0x0000020b8a0f0000, 0x0000020b8f8f0000]
CodeHeap 'non-nmethods': size=5760Kb used=2055Kb max_used=2092Kb free=3704Kb
 bounds [0x0000020b8f8f0000, 0x0000020b8fb60000, 0x0000020b8fe90000]
 total_blobs=13095 nmethods=12283 adapters=714
 compilation: enabled
              stopped_count=0, restarted_count=0
 full_count=0

Compilation events (20 events):
Event: 6888.499 Thread 0x0000020bff40adc0 nmethod 19365 0x0000020b90319f90 code [0x0000020b9031a120, 0x0000020b9031a230]
Event: 6888.499 Thread 0x0000020bff40adc0 19374       4       java.lang.String::getBytes (25 bytes)
Event: 6888.502 Thread 0x0000020bff40adc0 nmethod 19374 0x0000020b90097f90 code [0x0000020b90098140, 0x0000020b900984e0]
Event: 6888.502 Thread 0x0000020bff40adc0 19376       4       org.springframework.core.annotation.AnnotationTypeMappings$Cache$$Lambda/0x0000020b9b08da48::<init> (15 bytes)
Event: 6888.504 Thread 0x0000020bff40adc0 nmethod 19376 0x0000020b903ed810 code [0x0000020b903ed9a0, 0x0000020b903edbf8]
Event: 6888.610 Thread 0x0000020bff40adc0 19382       4       org.apache.tomcat.util.buf.MessageBytes::startsWithIgnoreCase (125 bytes)
Event: 6888.640 Thread 0x0000020bff40adc0 nmethod 19382 0x0000020b902b6710 code [0x0000020b902b68c0, 0x0000020b902b6d98]
Event: 6888.643 Thread 0x0000020bff40adc0 19383       4       org.springframework.core.annotation.AnnotationTypeMappings$$Lambda/0x0000020b9b1b9d40::<init> (10 bytes)
Event: 6888.645 Thread 0x0000020bff40adc0 nmethod 19383 0x0000020b90340010 code [0x0000020b90340180, 0x0000020b903402d8]
Event: 6888.645 Thread 0x0000020bff40adc0 19384       4       org.springframework.core.annotation.RepeatableContainers::standardRepeatables (4 bytes)
Event: 6888.645 Thread 0x0000020bff40adc0 nmethod 19384 0x0000020b8ff0fe10 code [0x0000020b8ff0ff80, 0x0000020b8ff0fff0]
Event: 6888.654 Thread 0x0000020bff40adc0 19385   !   4       org.apache.coyote.Request::recycle (315 bytes)
Event: 6888.899 Thread 0x0000020bff40adc0 nmethod 19385 0x0000020b904d2e90 code [0x0000020b904d3240, 0x0000020b904d6208]
Event: 6888.900 Thread 0x0000020bff40adc0 19386       4       org.springframework.web.servlet.handler.AbstractHandlerMethodMapping::lookupHandlerMethod (344 bytes)
Event: 6888.924 Thread 0x0000020bff412510 19387       3       org.springframework.core.annotation.AnnotationTypeMappings::forAnnotationType (74 bytes)
Event: 6888.927 Thread 0x0000020bff412510 nmethod 19387 0x0000020b896b6b90 code [0x0000020b896b6f60, 0x0000020b896b8d88]
Event: 6889.453 Thread 0x0000020bff412510 19389       3       org.springframework.context.event.ApplicationListenerMethodAdapter::onApplicationEvent (13 bytes)
Event: 6890.464 Thread 0x0000020bff412510 nmethod 19389 0x0000020b88c70a90 code [0x0000020b88c70c40, 0x0000020b88c70dd0]
Event: 6890.467 Thread 0x0000020bff412510 19396       3       org.springframework.context.event.ApplicationListenerMethodAdapter::processEvent (46 bytes)
Event: 6890.468 Thread 0x0000020bff412510 nmethod 19396 0x0000020b88b93b90 code [0x0000020b88b93d80, 0x0000020b88b94128]

GC Heap History (20 events):
Event: 148.385 GC heap before
{Heap before GC invocations=29 (full 0):
 garbage-first heap   total 143360K, used 99286K [0x0000000084c00000, 0x0000000100000000)
  region size 1024K, 27 young (27648K), 5 survivors (5120K)
 Metaspace       used 90897K, committed 91840K, reserved 1179648K
  class space    used 12275K, committed 12736K, reserved 1048576K
}
Event: 148.410 GC heap after
{Heap after GC invocations=30 (full 0):
 garbage-first heap   total 143360K, used 84842K [0x0000000084c00000, 0x0000000100000000)
  region size 1024K, 4 young (4096K), 4 survivors (4096K)
 Metaspace       used 90897K, committed 91840K, reserved 1179648K
  class space    used 12275K, committed 12736K, reserved 1048576K
}
Event: 152.128 GC heap before
{Heap before GC invocations=30 (full 0):
 garbage-first heap   total 143360K, used 117610K [0x0000000084c00000, 0x0000000100000000)
  region size 1024K, 37 young (37888K), 4 survivors (4096K)
 Metaspace       used 92641K, committed 93632K, reserved 1179648K
  class space    used 12325K, committed 12800K, reserved 1048576K
}
Event: 152.138 GC heap after
{Heap after GC invocations=31 (full 0):
 garbage-first heap   total 143360K, used 82286K [0x0000000084c00000, 0x0000000100000000)
  region size 1024K, 5 young (5120K), 5 survivors (5120K)
 Metaspace       used 92641K, committed 93632K, reserved 1179648K
  class space    used 12325K, committed 12800K, reserved 1048576K
}
Event: 158.733 GC heap before
{Heap before GC invocations=31 (full 0):
 garbage-first heap   total 143360K, used 118126K [0x0000000084c00000, 0x0000000100000000)
  region size 1024K, 40 young (40960K), 5 survivors (5120K)
 Metaspace       used 93614K, committed 94656K, reserved 1179648K
  class space    used 12361K, committed 12864K, reserved 1048576K
}
Event: 158.753 GC heap after
{Heap after GC invocations=32 (full 0):
 garbage-first heap   total 143360K, used 83467K [0x0000000084c00000, 0x0000000100000000)
  region size 1024K, 2 young (2048K), 2 survivors (2048K)
 Metaspace       used 93614K, committed 94656K, reserved 1179648K
  class space    used 12361K, committed 12864K, reserved 1048576K
}
Event: 170.517 GC heap before
{Heap before GC invocations=33 (full 0):
 garbage-first heap   total 145408K, used 120331K [0x0000000084c00000, 0x0000000100000000)
  region size 1024K, 39 young (39936K), 2 survivors (2048K)
 Metaspace       used 94328K, committed 95296K, reserved 1179648K
  class space    used 12378K, committed 12864K, reserved 1048576K
}
Event: 170.521 GC heap after
{Heap after GC invocations=34 (full 0):
 garbage-first heap   total 145408K, used 84133K [0x0000000084c00000, 0x0000000100000000)
  region size 1024K, 2 young (2048K), 2 survivors (2048K)
 Metaspace       used 94328K, committed 95296K, reserved 1179648K
  class space    used 12378K, committed 12864K, reserved 1048576K
}
Event: 205.668 GC heap before
{Heap before GC invocations=34 (full 0):
 garbage-first heap   total 145408K, used 125093K [0x0000000084c00000, 0x0000000100000000)
  region size 1024K, 43 young (44032K), 2 survivors (2048K)
 Metaspace       used 95034K, committed 96000K, reserved 1179648K
  class space    used 12427K, committed 12864K, reserved 1048576K
}
Event: 205.727 GC heap after
{Heap after GC invocations=35 (full 0):
 garbage-first heap   total 145408K, used 84185K [0x0000000084c00000, 0x0000000100000000)
  region size 1024K, 5 young (5120K), 5 survivors (5120K)
 Metaspace       used 95034K, committed 96000K, reserved 1179648K
  class space    used 12427K, committed 12864K, reserved 1048576K
}
Event: 226.739 GC heap before
{Heap before GC invocations=35 (full 0):
 garbage-first heap   total 145408K, used 126169K [0x0000000084c00000, 0x0000000100000000)
  region size 1024K, 47 young (48128K), 5 survivors (5120K)
 Metaspace       used 96334K, committed 97344K, reserved 1179648K
  class space    used 12581K, committed 13056K, reserved 1048576K
}
Event: 226.776 GC heap after
{Heap after GC invocations=36 (full 0):
 garbage-first heap   total 145408K, used 85154K [0x0000000084c00000, 0x0000000100000000)
  region size 1024K, 4 young (4096K), 4 survivors (4096K)
 Metaspace       used 96334K, committed 97344K, reserved 1179648K
  class space    used 12581K, committed 13056K, reserved 1048576K
}
Event: 766.657 GC heap before
{Heap before GC invocations=37 (full 0):
 garbage-first heap   total 145408K, used 129186K [0x0000000084c00000, 0x0000000100000000)
  region size 1024K, 48 young (49152K), 4 survivors (4096K)
 Metaspace       used 96797K, committed 97792K, reserved 1179648K
  class space    used 12585K, committed 13056K, reserved 1048576K
}
Event: 766.766 GC heap after
{Heap after GC invocations=38 (full 0):
 garbage-first heap   total 145408K, used 86938K [0x0000000084c00000, 0x0000000100000000)
  region size 1024K, 4 young (4096K), 4 survivors (4096K)
 Metaspace       used 96797K, committed 97792K, reserved 1179648K
  class space    used 12585K, committed 13056K, reserved 1048576K
}
Event: 810.614 GC heap before
{Heap before GC invocations=38 (full 0):
 garbage-first heap   total 145408K, used 129946K [0x0000000084c00000, 0x0000000100000000)
  region size 1024K, 47 young (48128K), 4 survivors (4096K)
 Metaspace       used 96919K, committed 97856K, reserved 1179648K
  class space    used 12590K, committed 13056K, reserved 1048576K
}
Event: 810.649 GC heap after
{Heap after GC invocations=39 (full 0):
 garbage-first heap   total 145408K, used 72346K [0x0000000084c00000, 0x0000000100000000)
  region size 1024K, 4 young (4096K), 4 survivors (4096K)
 Metaspace       used 96919K, committed 97856K, reserved 1179648K
  class space    used 12590K, committed 13056K, reserved 1048576K
}
Event: 6851.621 GC heap before
{Heap before GC invocations=39 (full 0):
 garbage-first heap   total 145408K, used 128666K [0x0000000084c00000, 0x0000000100000000)
  region size 1024K, 60 young (61440K), 4 survivors (4096K)
 Metaspace       used 97676K, committed 98688K, reserved 1179648K
  class space    used 12630K, committed 13120K, reserved 1048576K
}
Event: 6852.040 GC heap after
{Heap after GC invocations=40 (full 0):
 garbage-first heap   total 145408K, used 62529K [0x0000000084c00000, 0x0000000100000000)
  region size 1024K, 6 young (6144K), 6 survivors (6144K)
 Metaspace       used 97676K, committed 98688K, reserved 1179648K
  class space    used 12630K, committed 13120K, reserved 1048576K
}
Event: 6881.998 GC heap before
{Heap before GC invocations=40 (full 0):
 garbage-first heap   total 145408K, used 129089K [0x0000000084c00000, 0x0000000100000000)
  region size 1024K, 72 young (73728K), 6 survivors (6144K)
 Metaspace       used 97940K, committed 99008K, reserved 1179648K
  class space    used 12630K, committed 13120K, reserved 1048576K
}
Event: 6882.079 GC heap after
{Heap after GC invocations=41 (full 0):
 garbage-first heap   total 145408K, used 60816K [0x0000000084c00000, 0x0000000100000000)
  region size 1024K, 4 young (4096K), 4 survivors (4096K)
 Metaspace       used 97940K, committed 99008K, reserved 1179648K
  class space    used 12630K, committed 13120K, reserved 1048576K
}

Dll operation events (11 events):
Event: 0.009 Loaded shared library C:\Program Files\Java\jdk-21\bin\java.dll
Event: 0.038 Loaded shared library C:\Program Files\Java\jdk-21\bin\jsvml.dll
Event: 0.083 Loaded shared library C:\Program Files\Java\jdk-21\bin\net.dll
Event: 0.085 Loaded shared library C:\Program Files\Java\jdk-21\bin\nio.dll
Event: 0.087 Loaded shared library C:\Program Files\Java\jdk-21\bin\zip.dll
Event: 0.148 Loaded shared library C:\Program Files\Java\jdk-21\bin\jimage.dll
Event: 1.542 Loaded shared library C:\Program Files\Java\jdk-21\bin\sunmscapi.dll
Event: 4.918 Loaded shared library C:\Program Files\Java\jdk-21\bin\management.dll
Event: 4.926 Loaded shared library C:\Program Files\Java\jdk-21\bin\management_ext.dll
Event: 5.999 Loaded shared library C:\Program Files\Java\jdk-21\bin\verify.dll
Event: 6.545 Loaded shared library C:\Program Files\Java\jdk-21\bin\extnet.dll

Deoptimization events (20 events):
Event: 6887.440 Thread 0x0000020beba48d50 Uncommon trap: trap_request=0xffffffd6 fr.pc=0x0000020b902b88d4 relative=0x00000000000015b4
Event: 6887.440 Thread 0x0000020beba48d50 Uncommon trap: reason=array_check action=maybe_recompile pc=0x0000020b902b88d4 method=org.springframework.util.ConcurrentReferenceHashMap$Segment.restructure(ZLorg/springframework/util/ConcurrentReferenceHashMap$Reference;)V @ 374 c2
Event: 6887.441 Thread 0x0000020beba48d50 DEOPT PACKING pc=0x0000020b902b88d4 sp=0x000000a75a7fa3c0
Event: 6887.441 Thread 0x0000020beba48d50 DEOPT UNPACKING pc=0x0000020b8f947da2 sp=0x000000a75a7fa380 mode 2
Event: 6888.136 Thread 0x0000020be5085480 DEOPT PACKING pc=0x0000020b88421e7e sp=0x000000a75c7fe740
Event: 6888.136 Thread 0x0000020be5085480 DEOPT UNPACKING pc=0x0000020b8f9488e2 sp=0x000000a75c7fdb68 mode 0
Event: 6888.207 Thread 0x0000020be076bb90 Uncommon trap: trap_request=0xffffffd6 fr.pc=0x0000020b902b88d4 relative=0x00000000000015b4
Event: 6888.207 Thread 0x0000020be076bb90 Uncommon trap: reason=array_check action=maybe_recompile pc=0x0000020b902b88d4 method=org.springframework.util.ConcurrentReferenceHashMap$Segment.restructure(ZLorg/springframework/util/ConcurrentReferenceHashMap$Reference;)V @ 374 c2
Event: 6888.208 Thread 0x0000020be076bb90 DEOPT PACKING pc=0x0000020b902b88d4 sp=0x000000a758bfb410
Event: 6888.208 Thread 0x0000020be076bb90 DEOPT UNPACKING pc=0x0000020b8f947da2 sp=0x000000a758bfb3b8 mode 2
Event: 6888.208 Thread 0x0000020be076bb90 Uncommon trap: trap_request=0xffffffd6 fr.pc=0x0000020b902b88d4 relative=0x00000000000015b4
Event: 6888.208 Thread 0x0000020be076bb90 Uncommon trap: reason=array_check action=maybe_recompile pc=0x0000020b902b88d4 method=org.springframework.util.ConcurrentReferenceHashMap$Segment.restructure(ZLorg/springframework/util/ConcurrentReferenceHashMap$Reference;)V @ 374 c2
Event: 6888.208 Thread 0x0000020be076bb90 DEOPT PACKING pc=0x0000020b902b88d4 sp=0x000000a758bfb440
Event: 6888.208 Thread 0x0000020be076bb90 DEOPT UNPACKING pc=0x0000020b8f947da2 sp=0x000000a758bfb3e8 mode 2
Event: 6888.210 Thread 0x0000020be076bb90 Uncommon trap: trap_request=0xffffffd6 fr.pc=0x0000020b902b88d4 relative=0x00000000000015b4
Event: 6888.210 Thread 0x0000020be076bb90 Uncommon trap: reason=array_check action=maybe_recompile pc=0x0000020b902b88d4 method=org.springframework.util.ConcurrentReferenceHashMap$Segment.restructure(ZLorg/springframework/util/ConcurrentReferenceHashMap$Reference;)V @ 374 c2
Event: 6888.211 Thread 0x0000020be076bb90 DEOPT PACKING pc=0x0000020b902b88d4 sp=0x000000a758bfa150
Event: 6888.211 Thread 0x0000020be076bb90 DEOPT UNPACKING pc=0x0000020b8f947da2 sp=0x000000a758bfa0f8 mode 2
Event: 6890.451 Thread 0x0000020beae79390 DEOPT PACKING pc=0x0000020b889399e0 sp=0x000000a75f0f8540
Event: 6890.453 Thread 0x0000020beae79390 DEOPT UNPACKING pc=0x0000020b8f9488e2 sp=0x000000a75f0f79f0 mode 0

Classes loaded (20 events):
Event: 154.955 Loading class java/util/stream/ReferencePipeline$4$1
Event: 154.955 Loading class java/util/stream/ReferencePipeline$4$1 done
Event: 160.597 Loading class java/util/ArrayList$SubList$2
Event: 160.599 Loading class java/util/ArrayList$SubList$2 done
Event: 202.501 Loading class java/io/PushbackInputStream
Event: 202.514 Loading class java/io/PushbackInputStream done
Event: 224.866 Loading class sun/util/locale/LocaleExtensions
Event: 224.868 Loading class sun/util/locale/LocaleExtensions done
Event: 1763.515 Loading class sun/security/ssl/Alert
Event: 1763.602 Loading class sun/security/ssl/Alert done
Event: 1763.621 Loading class sun/security/ssl/Alert$AlertConsumer
Event: 1763.656 Loading class sun/security/ssl/Alert$AlertConsumer done
Event: 1763.657 Loading class sun/security/ssl/Alert$Level
Event: 1763.660 Loading class sun/security/ssl/Alert$Level done
Event: 1763.691 Loading class sun/net/ConnectionResetException
Event: 1763.697 Loading class sun/net/ConnectionResetException done
Event: 6617.590 Loading class java/lang/Throwable$WrappedPrintStream
Event: 6617.598 Loading class java/lang/Throwable$PrintStreamOrWriter
Event: 6617.600 Loading class java/lang/Throwable$PrintStreamOrWriter done
Event: 6617.600 Loading class java/lang/Throwable$WrappedPrintStream done

Classes unloaded (20 events):
Event: 6882.851 Thread 0x0000020bff3e53f0 Unloading class 0x0000020b9b088c00 'java/lang/invoke/LambdaForm$MH+0x0000020b9b088c00'
Event: 6882.851 Thread 0x0000020bff3e53f0 Unloading class 0x0000020b9b088800 'java/lang/invoke/LambdaForm$MH+0x0000020b9b088800'
Event: 6882.851 Thread 0x0000020bff3e53f0 Unloading class 0x0000020b9b088000 'java/lang/invoke/LambdaForm$MH+0x0000020b9b088000'
Event: 6882.851 Thread 0x0000020bff3e53f0 Unloading class 0x0000020b9b081800 'java/lang/invoke/LambdaForm$MH+0x0000020b9b081800'
Event: 6882.851 Thread 0x0000020bff3e53f0 Unloading class 0x0000020b9b081000 'java/lang/invoke/LambdaForm$MH+0x0000020b9b081000'
Event: 6882.852 Thread 0x0000020bff3e53f0 Unloading class 0x0000020b9b01b400 'java/lang/invoke/LambdaForm$MH+0x0000020b9b01b400'
Event: 6882.852 Thread 0x0000020bff3e53f0 Unloading class 0x0000020b9b01ac00 'java/lang/invoke/LambdaForm$MH+0x0000020b9b01ac00'
Event: 6882.852 Thread 0x0000020bff3e53f0 Unloading class 0x0000020b9b01a400 'java/lang/invoke/LambdaForm$MH+0x0000020b9b01a400'
Event: 6882.852 Thread 0x0000020bff3e53f0 Unloading class 0x0000020b9b01a000 'java/lang/invoke/LambdaForm$MH+0x0000020b9b01a000'
Event: 6882.852 Thread 0x0000020bff3e53f0 Unloading class 0x0000020b9b019000 'java/lang/invoke/LambdaForm$MH+0x0000020b9b019000'
Event: 6882.852 Thread 0x0000020bff3e53f0 Unloading class 0x0000020b9b018400 'java/lang/invoke/LambdaForm$MH+0x0000020b9b018400'
Event: 6882.852 Thread 0x0000020bff3e53f0 Unloading class 0x0000020b9b018000 'java/lang/invoke/LambdaForm$MH+0x0000020b9b018000'
Event: 6882.852 Thread 0x0000020bff3e53f0 Unloading class 0x0000020b9b017800 'java/lang/invoke/LambdaForm$MH+0x0000020b9b017800'
Event: 6882.852 Thread 0x0000020bff3e53f0 Unloading class 0x0000020b9b017400 'java/lang/invoke/LambdaForm$MH+0x0000020b9b017400'
Event: 6882.852 Thread 0x0000020bff3e53f0 Unloading class 0x0000020b9b017000 'java/lang/invoke/LambdaForm$MH+0x0000020b9b017000'
Event: 6882.852 Thread 0x0000020bff3e53f0 Unloading class 0x0000020b9b016400 'java/lang/invoke/LambdaForm$MH+0x0000020b9b016400'
Event: 6882.852 Thread 0x0000020bff3e53f0 Unloading class 0x0000020b9b015400 'java/lang/invoke/LambdaForm$MH+0x0000020b9b015400'
Event: 6882.852 Thread 0x0000020bff3e53f0 Unloading class 0x0000020b9b014800 'java/lang/invoke/LambdaForm$MH+0x0000020b9b014800'
Event: 6882.852 Thread 0x0000020bff3e53f0 Unloading class 0x0000020b9b014000 'java/lang/invoke/LambdaForm$MH+0x0000020b9b014000'
Event: 6882.852 Thread 0x0000020bff3e53f0 Unloading class 0x0000020b9b008c00 'java/lang/invoke/LambdaForm$MH+0x0000020b9b008c00'

Classes redefined (0 events):
No events

Internal exceptions (20 events):
Event: 204.145 Thread 0x0000020bec055d60 Implicit null exception at 0x0000020b9007fc79 to 0x0000020b90080440
Event: 221.994 Thread 0x0000020beae7baf0 Exception <a 'java/lang/NoSuchMethodError'{0x000000008cfece60}: 'int java.lang.invoke.DirectMethodHandle$Holder.invokeStatic(java.lang.Object, java.lang.Object, int, int)'> (0x000000008cfece60) 
thrown [s\open\src\hotspot\share\interpreter\linkResolver.cpp, line 773]
Event: 1763.667 Thread 0x0000020be31228c0 Exception <a 'java/io/IOException'{0x000000008c0ef418}> (0x000000008c0ef418) 
thrown [s\open\src\hotspot\share\prims\jni.cpp, line 520]
Event: 1763.691 Thread 0x0000020be31228c0 Exception <a 'java/io/IOException'{0x000000008c0f0f00}> (0x000000008c0f0f00) 
thrown [s\open\src\hotspot\share\prims\jni.cpp, line 520]
Event: 1764.016 Thread 0x0000020be31235e0 Implicit null exception at 0x0000020b9052bd08 to 0x0000020b9052ca90
Event: 1764.119 Thread 0x0000020be31235e0 Implicit null exception at 0x0000020b905c5c83 to 0x0000020b905c7424
Event: 1764.178 Thread 0x0000020be31235e0 Implicit null exception at 0x0000020b905402ba to 0x0000020b90540ec4
Event: 5370.243 Thread 0x0000020be31235e0 Exception <a 'java/io/IOException'{0x000000008b31aa80}> (0x000000008b31aa80) 
thrown [s\open\src\hotspot\share\prims\jni.cpp, line 520]
Event: 5370.250 Thread 0x0000020be31235e0 Exception <a 'java/io/IOException'{0x000000008b31b6a0}> (0x000000008b31b6a0) 
thrown [s\open\src\hotspot\share\prims\jni.cpp, line 520]
Event: 6577.172 Thread 0x0000020beae7a0b0 Implicit null exception at 0x0000020b8ffb7108 to 0x0000020b8ffb76f0
Event: 6852.306 Thread 0x0000020be5088f90 Implicit null exception at 0x0000020b90064551 to 0x0000020b900666b4
Event: 6858.905 Thread 0x0000020be31256b0 Exception <a 'java/net/SocketException'{0x000000008b1e0ef0}: Connection reset by peer: shutdown> (0x000000008b1e0ef0) 
thrown [s\open\src\hotspot\share\prims\jni.cpp, line 539]
Event: 6858.906 Thread 0x0000020bec057e30 Exception <a 'java/net/SocketException'{0x000000008af1e1b8}: Connection reset by peer: shutdown> (0x000000008af1e1b8) 
thrown [s\open\src\hotspot\share\prims\jni.cpp, line 539]
Event: 6858.916 Thread 0x0000020bec055040 Exception <a 'java/net/SocketException'{0x000000008b136c50}: Connection reset by peer: shutdown> (0x000000008b136c50) 
thrown [s\open\src\hotspot\share\prims\jni.cpp, line 539]
Event: 6858.919 Thread 0x0000020beae7a0b0 Exception <a 'java/net/SocketException'{0x000000008ae28850}: Connection reset by peer: shutdown> (0x000000008ae28850) 
thrown [s\open\src\hotspot\share\prims\jni.cpp, line 539]
Event: 6858.919 Thread 0x0000020bec056a80 Exception <a 'java/net/SocketException'{0x000000008b1fbab8}: Connection reset by peer: shutdown> (0x000000008b1fbab8) 
thrown [s\open\src\hotspot\share\prims\jni.cpp, line 539]
Event: 6858.922 Thread 0x0000020beba4b4b0 Exception <a 'java/net/SocketException'{0x000000008ae7fd08}: Connection reset by peer: shutdown> (0x000000008ae7fd08) 
thrown [s\open\src\hotspot\share\prims\jni.cpp, line 539]
Event: 6858.923 Thread 0x0000020beae765a0 Exception <a 'java/net/SocketException'{0x000000008af84028}: Connection reset by peer: shutdown> (0x000000008af84028) 
thrown [s\open\src\hotspot\share\prims\jni.cpp, line 539]
Event: 6858.925 Thread 0x0000020bec052f70 Exception <a 'java/net/SocketException'{0x000000008ae99b98}: Connection reset by peer: shutdown> (0x000000008ae99b98) 
thrown [s\open\src\hotspot\share\prims\jni.cpp, line 539]
Event: 6858.940 Thread 0x0000020bec0549b0 Exception <a 'java/net/SocketException'{0x000000008aecfe60}: Connection reset by peer: shutdown> (0x000000008aecfe60) 
thrown [s\open\src\hotspot\share\prims\jni.cpp, line 539]

ZGC Phase Switch (0 events):
No events

VM Operations (20 events):
Event: 6878.230 Executing VM operation: Cleanup
Event: 6878.753 Executing VM operation: Cleanup done
Event: 6879.762 Executing VM operation: Cleanup
Event: 6879.762 Executing VM operation: Cleanup done
Event: 6881.991 Executing VM operation: G1CollectForAllocation (G1 Evacuation Pause)
Event: 6882.082 Executing VM operation: G1CollectForAllocation (G1 Evacuation Pause) done
Event: 6882.819 Executing VM operation: G1PauseRemark
Event: 6883.766 Executing VM operation: G1PauseRemark done
Event: 6884.770 Executing VM operation: Cleanup
Event: 6884.871 Executing VM operation: Cleanup done
Event: 6885.589 Executing VM operation: G1PauseCleanup
Event: 6885.599 Executing VM operation: G1PauseCleanup done
Event: 6886.611 Executing VM operation: Cleanup
Event: 6886.630 Executing VM operation: Cleanup done
Event: 6887.638 Executing VM operation: Cleanup
Event: 6887.797 Executing VM operation: Cleanup done
Event: 6888.810 Executing VM operation: Cleanup
Event: 6888.889 Executing VM operation: Cleanup done
Event: 6889.895 Executing VM operation: Cleanup
Event: 6890.466 Executing VM operation: Cleanup done

Events (20 events):
Event: 6883.644 Thread 0x0000020bff3e53f0 flushing nmethod 0x0000020b8957c490
Event: 6883.644 Thread 0x0000020bff3e53f0 flushing nmethod 0x0000020b895dfc10
Event: 6883.644 Thread 0x0000020bff3e53f0 flushing nmethod 0x0000020b895e0310
Event: 6883.644 Thread 0x0000020bff3e53f0 flushing nmethod 0x0000020b896c1d10
Event: 6883.644 Thread 0x0000020bff3e53f0 flushing nmethod 0x0000020b896c3b90
Event: 6883.644 Thread 0x0000020bff3e53f0 flushing nmethod 0x0000020b896c5110
Event: 6883.644 Thread 0x0000020bff3e53f0 flushing nmethod 0x0000020b896f9590
Event: 6883.644 Thread 0x0000020bff3e53f0 flushing nmethod 0x0000020b896fc210
Event: 6883.644 Thread 0x0000020bff3e53f0 flushing nmethod 0x0000020b8976cf10
Event: 6883.644 Thread 0x0000020bff3e53f0 flushing nmethod 0x0000020b89771390
Event: 6883.644 Thread 0x0000020bff3e53f0 flushing nmethod 0x0000020b897baa10
Event: 6883.645 Thread 0x0000020bff3e53f0 flushing nmethod 0x0000020b897be910
Event: 6883.645 Thread 0x0000020bff3e53f0 flushing nmethod 0x0000020b89879690
Event: 6883.645 Thread 0x0000020bff3e53f0 flushing nmethod 0x0000020b8994d490
Event: 6883.645 Thread 0x0000020bff3e53f0 flushing nmethod 0x0000020b89ae2490
Event: 6883.647 Thread 0x0000020bff3e53f0 flushing nmethod 0x0000020b89b90010
Event: 6883.647 Thread 0x0000020bff3e53f0 flushing nmethod 0x0000020b89b93d10
Event: 6883.647 Thread 0x0000020bff3e53f0 flushing nmethod 0x0000020b89c38510
Event: 6883.647 Thread 0x0000020bff3e53f0 flushing nmethod 0x0000020b89d50c90
Event: 6885.730 Thread 0x0000020be0769ac0 Thread added: 0x0000020be0769ac0


Dynamic libraries:
0x00007ff6c8d20000 - 0x00007ff6c8d30000 	C:\Program Files\Java\jdk-21\bin\java.exe
0x00007ffdc8860000 - 0x00007ffdc8ac0000 	C:\WINDOWS\SYSTEM32\ntdll.dll
0x00007ffdc7ec0000 - 0x00007ffdc7f87000 	C:\WINDOWS\System32\KERNEL32.DLL
0x00007ffdc5e80000 - 0x00007ffdc624a000 	C:\WINDOWS\System32\KERNELBASE.dll
0x00007ffdc25a0000 - 0x00007ffdc263c000 	C:\WINDOWS\SYSTEM32\apphelp.dll
0x00007ffdc5c50000 - 0x00007ffdc5d9b000 	C:\WINDOWS\System32\ucrtbase.dll
0x00007ffd91430000 - 0x00007ffd91449000 	C:\Program Files\Java\jdk-21\bin\jli.dll
0x00007ffdc78f0000 - 0x00007ffdc79a2000 	C:\WINDOWS\System32\ADVAPI32.dll
0x00007ffdc81b0000 - 0x00007ffdc8259000 	C:\WINDOWS\System32\msvcrt.dll
0x00007ffdc7750000 - 0x00007ffdc77f6000 	C:\WINDOWS\System32\sechost.dll
0x00007ffd91410000 - 0x00007ffd9142b000 	C:\Program Files\Java\jdk-21\bin\VCRUNTIME140.dll
0x00007ffdc8700000 - 0x00007ffdc8816000 	C:\WINDOWS\System32\RPCRT4.dll
0x00007ffdc8260000 - 0x00007ffdc842c000 	C:\WINDOWS\System32\USER32.dll
0x00007ffdc5da0000 - 0x00007ffdc5dc7000 	C:\WINDOWS\System32\win32u.dll
0x00007ffdaaf70000 - 0x00007ffdab207000 	C:\WINDOWS\WinSxS\amd64_microsoft.windows.common-controls_6595b64144ccf1df_6.0.26100.3624_none_3e086962e3345f24\COMCTL32.dll
0x00007ffdc7720000 - 0x00007ffdc774a000 	C:\WINDOWS\System32\GDI32.dll
0x00007ffdc63d0000 - 0x00007ffdc6501000 	C:\WINDOWS\System32\gdi32full.dll
0x00007ffdc5dd0000 - 0x00007ffdc5e73000 	C:\WINDOWS\System32\msvcp_win.dll
0x00007ffdb20e0000 - 0x00007ffdb20eb000 	C:\WINDOWS\SYSTEM32\VERSION.dll
0x00007ffdc6bc0000 - 0x00007ffdc6bef000 	C:\WINDOWS\System32\IMM32.DLL
0x00007ffda7d60000 - 0x00007ffda7d6c000 	C:\Program Files\Java\jdk-21\bin\vcruntime140_1.dll
0x00007ffd881b0000 - 0x00007ffd8823e000 	C:\Program Files\Java\jdk-21\bin\msvcp140.dll
0x00007ffd117e0000 - 0x00007ffd124f8000 	C:\Program Files\Java\jdk-21\bin\server\jvm.dll
0x00007ffdc8130000 - 0x00007ffdc81a4000 	C:\WINDOWS\System32\WS2_32.dll
0x00007ffdc5230000 - 0x00007ffdc528e000 	C:\WINDOWS\SYSTEM32\POWRPROF.dll
0x00007ffdbc010000 - 0x00007ffdbc046000 	C:\WINDOWS\SYSTEM32\WINMM.dll
0x00007ffdc51e0000 - 0x00007ffdc51f4000 	C:\WINDOWS\SYSTEM32\UMPDC.dll
0x00007ffdc4850000 - 0x00007ffdc486a000 	C:\WINDOWS\SYSTEM32\kernel.appcore.dll
0x00007ffda7c60000 - 0x00007ffda7c6a000 	C:\Program Files\Java\jdk-21\bin\jimage.dll
0x00007ffdc30f0000 - 0x00007ffdc3331000 	C:\WINDOWS\SYSTEM32\DBGHELP.DLL
0x00007ffdc67c0000 - 0x00007ffdc6b42000 	C:\WINDOWS\System32\combase.dll
0x00007ffdc6660000 - 0x00007ffdc6736000 	C:\WINDOWS\System32\OLEAUT32.dll
0x00007ffdaa690000 - 0x00007ffdaa6c9000 	C:\WINDOWS\SYSTEM32\dbgcore.DLL
0x00007ffdc5a40000 - 0x00007ffdc5ad9000 	C:\WINDOWS\System32\bcryptPrimitives.dll
0x00007ffd91300000 - 0x00007ffd9131f000 	C:\Program Files\Java\jdk-21\bin\java.dll
0x00007ffdc6d70000 - 0x00007ffdc7499000 	C:\WINDOWS\System32\SHELL32.dll
0x00007ffdc5ae0000 - 0x00007ffdc5c48000 	C:\WINDOWS\System32\wintypes.dll
0x00007ffdc3700000 - 0x00007ffdc3f52000 	C:\WINDOWS\SYSTEM32\windows.storage.dll
0x00007ffdc7800000 - 0x00007ffdc78ed000 	C:\WINDOWS\System32\SHCORE.dll
0x00007ffdc6b50000 - 0x00007ffdc6bb4000 	C:\WINDOWS\System32\shlwapi.dll
0x00007ffdc5950000 - 0x00007ffdc597f000 	C:\WINDOWS\SYSTEM32\profapi.dll
0x00007ffd86160000 - 0x00007ffd86237000 	C:\Program Files\Java\jdk-21\bin\jsvml.dll
0x00007ffda7c20000 - 0x00007ffda7c30000 	C:\Program Files\Java\jdk-21\bin\net.dll
0x00007ffdb6a30000 - 0x00007ffdb6b4d000 	C:\WINDOWS\SYSTEM32\WINHTTP.dll
0x00007ffdc4d70000 - 0x00007ffdc4dda000 	C:\WINDOWS\system32\mswsock.dll
0x00007ffd902b0000 - 0x00007ffd902c6000 	C:\Program Files\Java\jdk-21\bin\nio.dll
0x00007ffd8f7d0000 - 0x00007ffd8f7e8000 	C:\Program Files\Java\jdk-21\bin\zip.dll
0x00007ffda6fa0000 - 0x00007ffda6fae000 	C:\Program Files\Java\jdk-21\bin\sunmscapi.dll
0x00007ffdc6250000 - 0x00007ffdc63c7000 	C:\WINDOWS\System32\CRYPT32.dll
0x00007ffdc5330000 - 0x00007ffdc5360000 	C:\WINDOWS\SYSTEM32\ncrypt.dll
0x00007ffdc52e0000 - 0x00007ffdc531f000 	C:\WINDOWS\SYSTEM32\NTASN1.dll
0x00007ffdc5010000 - 0x00007ffdc502c000 	C:\WINDOWS\SYSTEM32\CRYPTSP.dll
0x00007ffdc47b0000 - 0x00007ffdc47ea000 	C:\WINDOWS\system32\rsaenh.dll
0x00007ffdc4e10000 - 0x00007ffdc4e3b000 	C:\WINDOWS\SYSTEM32\USERENV.dll
0x00007ffdc5920000 - 0x00007ffdc5946000 	C:\WINDOWS\SYSTEM32\bcrypt.dll
0x00007ffdc5030000 - 0x00007ffdc503c000 	C:\WINDOWS\SYSTEM32\CRYPTBASE.dll
0x00007ffdc4330000 - 0x00007ffdc4363000 	C:\WINDOWS\SYSTEM32\IPHLPAPI.DLL
0x00007ffdc74a0000 - 0x00007ffdc74aa000 	C:\WINDOWS\System32\NSI.dll
0x00007ffda54c0000 - 0x00007ffda54ca000 	C:\Program Files\Java\jdk-21\bin\management.dll
0x00007ffda5350000 - 0x00007ffda535b000 	C:\Program Files\Java\jdk-21\bin\management_ext.dll
0x00007ffdc8610000 - 0x00007ffdc8618000 	C:\WINDOWS\System32\PSAPI.DLL
0x00007ffda5270000 - 0x00007ffda5280000 	C:\Program Files\Java\jdk-21\bin\verify.dll
0x00007ffdc4400000 - 0x00007ffdc4525000 	C:\WINDOWS\SYSTEM32\DNSAPI.dll
0x00007ffdb6b60000 - 0x00007ffdb6b6b000 	C:\Windows\System32\rasadhlp.dll
0x00007ffdbdae0000 - 0x00007ffdbdb65000 	C:\WINDOWS\System32\fwpuclnt.dll
0x00007ffda4020000 - 0x00007ffda4029000 	C:\Program Files\Java\jdk-21\bin\extnet.dll
0x00007ffd97620000 - 0x00007ffd97628000 	C:\WINDOWS\system32\wshunix.dll

dbghelp: loaded successfully - version: 4.0.5 - missing functions: none
symbol engine: initialized successfully - sym options: 0x614 - pdb path: .;C:\Program Files\Java\jdk-21\bin;C:\WINDOWS\SYSTEM32;C:\WINDOWS\WinSxS\amd64_microsoft.windows.common-controls_6595b64144ccf1df_6.0.26100.3624_none_3e086962e3345f24;C:\Program Files\Java\jdk-21\bin\server

VM Arguments:
jvm_args: -XX:+ShowCodeDetailsInExceptionMessages 
java_command: com.example.FacebookCloneBE.FacebookCloneBeApplication
java_class_path (initial): C:\laragon\www\PROJECT\MVC\FacebookCloneBE\target\classes;C:\Users\CAM TRI\.m2\repository\org\springframework\boot\spring-boot-starter-web\3.4.3\spring-boot-starter-web-3.4.3.jar;C:\Users\CAM TRI\.m2\repository\org\springframework\boot\spring-boot-starter\3.4.3\spring-boot-starter-3.4.3.jar;C:\Users\CAM TRI\.m2\repository\org\springframework\boot\spring-boot\3.4.3\spring-boot-3.4.3.jar;C:\Users\CAM TRI\.m2\repository\org\springframework\boot\spring-boot-autoconfigure\3.4.3\spring-boot-autoconfigure-3.4.3.jar;C:\Users\CAM TRI\.m2\repository\org\springframework\boot\spring-boot-starter-logging\3.4.3\spring-boot-starter-logging-3.4.3.jar;C:\Users\CAM TRI\.m2\repository\ch\qos\logback\logback-classic\1.5.16\logback-classic-1.5.16.jar;C:\Users\CAM TRI\.m2\repository\ch\qos\logback\logback-core\1.5.16\logback-core-1.5.16.jar;C:\Users\CAM TRI\.m2\repository\org\apache\logging\log4j\log4j-to-slf4j\2.24.3\log4j-to-slf4j-2.24.3.jar;C:\Users\CAM TRI\.m2\repository\org\apache\logging\log4j\log4j-api\2.24.3\log4j-api-2.24.3.jar;C:\Users\CAM TRI\.m2\repository\org\slf4j\jul-to-slf4j\2.0.16\jul-to-slf4j-2.0.16.jar;C:\Users\CAM TRI\.m2\repository\jakarta\annotation\jakarta.annotation-api\2.1.1\jakarta.annotation-api-2.1.1.jar;C:\Users\CAM TRI\.m2\repository\org\yaml\snakeyaml\2.3\snakeyaml-2.3.jar;C:\Users\CAM TRI\.m2\repository\org\springframework\boot\spring-boot-starter-json\3.4.3\spring-boot-starter-json-3.4.3.jar;C:\Users\CAM TRI\.m2\repository\com\fasterxml\jackson\datatype\jackson-datatype-jdk8\2.18.2\jackson-datatype-jdk8-2.18.2.jar;C:\Users\CAM TRI\.m2\repository\com\fasterxml\jackson\datatype\jackson-datatype-jsr310\2.18.2\jackson-datatype-jsr310-2.18.2.jar;C:\Users\CAM TRI\.m2\repository\com\fasterxml\jackson\module\jackson-module-parameter-names\2.18.2\jackson-module-parameter-names-2.18.2.jar;C:\Users\CAM TRI\.m2\repository\org\springframework\boot\spring-boot-starter-tomcat\3.4.3\spring-boot-starter-tomcat-3.4.3.jar;C:\Users\CAM TRI\.m2\repository\org\apache\tomcat\embed\tomcat-embed-core\10.1.36\tomcat-embed-core-10.1.36.jar;C:\Users\CAM TRI\.m2\repository\org\apache\tomcat\embed\tomcat-embed-websocket\10.1.36\tomcat-embed-websocket-10.1.36.jar;C:\Users\CAM TRI\.m2\repository\org\springframework\spring-web\6.2.3\spring-web-6.2.3.jar;C:\Users\CAM TRI\.m2\repository\org\springframework\spring-beans\6.2.3\spring-beans-6.2.3.jar;C:\Users\CAM TRI\.m2\repository\io\micrometer\micrometer-observation\1.14.4\micrometer-observation-1.14.4.jar;C:\Users\CAM TRI\.m2\repository\io\micrometer\micrometer-commons\1.14.4\micrometer-commons-1.14.4.jar;C:\Users\CAM TRI\.m2\repository\org\springframework\spring-webmvc\6.2.3\spring-webmvc-6.2.3.jar;C:\Users\CAM TRI\.m2\repository\org\springframework\spring-context\6.2.3\spring-context-6.2.3.jar;C:\Users\CAM TRI\.m2\repository\org\springframework\spring-expression\6.2.3\spring-expression-6.2.3.jar;C:\Users\CAM TRI\.m2\repository\com\mysql\mysql-connector-j\9.1.0\mysql-connector-j-9.1.0.jar;C:\Users\CAM TRI\.m2\repository\org\projectlombok\lombok\1.18.36\lombok-1.18.36.jar;C:\Users\CAM TRI\.m2\repository\org\slf4j\slf4j-api\2.0.16\slf4j-api-2.0.16.jar;C:\Users\CAM TRI\.m2\repository\jakarta\xml\bind\jakarta.xml.bind-api\4.0.2\jakarta.xml.bind-api-4.0.2.jar;C:\Users\CAM TRI\.m2\repository\jakarta\activation\jakarta.activation-api\2.1.3\jakarta.activation-api-2.1.3.jar;C:\Users\CAM TRI\.m2\repository\net\bytebuddy\byte-buddy\1.15.11\byte-buddy-1.15.11.jar;C:\Users\CAM TRI\.m2\repository\org\springframework\spring-core\6.2.3\spring-core-6.2.3.jar;C:\Users\CAM TRI\.m2\repository\org\springframework\spring-jcl\6.2.3\spring-jcl-6.2.3.jar;C:\Users\CAM TRI\.m2\repository\org\springframework\boot\spring-boot-starter-data-jpa\3.4.3\spring-boot-starter-data-jpa-3.4.3.jar;C:\Users\CAM TRI\.m2\repository\org\springframework\boot\spring-boot-starter-jdbc\3.4.3\spring-boot-starter-jdbc-3.4.3.jar;C:\Users\CAM TRI\.m2\repository\com\zaxxer\HikariCP\5.1.0\HikariCP-5.1.0.jar;C:\Users\CAM TRI\.m2\repository\org\springframework\spring-jdbc\6.2.3\spring-jdbc-6.2.3.jar;C:\Users\CAM TRI\.m2\repository\org\hibernate\orm\hibernate-core\6.6.8.Final\hibernate-core-6.6.8.Final.jar;C:\Users\CAM TRI\.m2\repository\jakarta\persistence\jakarta.persistence-api\3.1.0\jakarta.persistence-api-3.1.0.jar;C:\Users\CAM TRI\.m2\repository\jakarta\transaction\jakarta.transaction-api\2.0.1\jakarta.transaction-api-2.0.1.jar;C:\Users\CAM TRI\.m2\repository\org\jboss\logging\jboss-logging\3.6.1.Final\jboss-logging-3.6.1.Final.jar;C:\Users\CAM TRI\.m2\repository\org\hibernate\common\hibernate-commons-annotations\7.0.3.Final\hibernate-commons-annotations-7.0.3.Final.jar;C:\Users\CAM TRI\.m2\repository\io\smallrye\jandex\3.2.0\jandex-3.2.0.jar;C:\Users\CAM TRI\.m2\repository\com\fasterxml\classmate\1.7.0\classmate-1.7.0.jar;C:\Users\CAM TRI\.m2\repository\org\glassfish\jaxb\jaxb-runtime\4.0.5\jaxb-runtime-4.0.5.jar;C:\Users\CAM TRI\.m2\repository\org\glassfish\jaxb\jaxb-core\4.0.5\jaxb-core-4.0.5.jar;C:\Users\CAM TRI\.m2\repository\org\eclipse\angus\angus-activation\2.0.2\angus-activation-2.0.2.jar;C:\Users\CAM TRI\.m2\repository\org\glassfish\jaxb\txw2\4.0.5\txw2-4.0.5.jar;C:\Users\CAM TRI\.m2\repository\com\sun\istack\istack-commons-runtime\4.1.2\istack-commons-runtime-4.1.2.jar;C:\Users\CAM TRI\.m2\repository\jakarta\inject\jakarta.inject-api\2.0.1\jakarta.inject-api-2.0.1.jar;C:\Users\CAM TRI\.m2\repository\org\antlr\antlr4-runtime\4.13.0\antlr4-runtime-4.13.0.jar;C:\Users\CAM TRI\.m2\repository\org\springframework\data\spring-data-jpa\3.4.3\spring-data-jpa-3.4.3.jar;C:\Users\CAM TRI\.m2\repository\org\springframework\data\spring-data-commons\3.4.3\spring-data-commons-3.4.3.jar;C:\Users\CAM TRI\.m2\repository\org\springframework\spring-orm\6.2.3\spring-orm-6.2.3.jar;C:\Users\CAM TRI\.m2\repository\org\springframework\spring-tx\6.2.3\spring-tx-6.2.3.jar;C:\Users\CAM TRI\.m2\repository\org\springframework\spring-aspects\6.2.3\spring-aspects-6.2.3.jar;C:\Users\CAM TRI\.m2\repository\org\aspectj\aspectjweaver\1.9.22.1\aspectjweaver-1.9.22.1.jar;C:\Users\CAM TRI\.m2\repository\org\springframework\boot\spring-boot-starter-validation\3.4.3\spring-boot-starter-validation-3.4.3.jar;C:\Users\CAM TRI\.m2\repository\org\apache\tomcat\embed\tomcat-embed-el\10.1.36\tomcat-embed-el-10.1.36.jar;C:\Users\CAM TRI\.m2\repository\org\hibernate\validator\hibernate-validator\8.0.2.Final\hibernate-validator-8.0.2.Final.jar;C:\Users\CAM TRI\.m2\repository\jakarta\validation\jakarta.validation-api\3.0.2\jakarta.validation-api-3.0.2.jar;C:\Users\CAM TRI\.m2\repository\com\cloudinary\cloudinary-http44\1.29.0\cloudinary-http44-1.29.0.jar;C:\Users\CAM TRI\.m2\repository\com\cloudinary\cloudinary-core\1.29.0\cloudinary-core-1.29.0.jar;C:\Users\CAM TRI\.m2\repository\org\apache\commons\commons-lang3\3.17.0\commons-lang3-3.17.0.jar;C:\Users\CAM TRI\.m2\repository\org\apache\httpcomponents\httpclient\4.4\httpclient-4.4.jar;C:\Users\CAM TRI\.m2\repository\org\apache\httpcomponents\httpcore\4.4.16\httpcore-4.4.16.jar;C:\Users\CAM TRI\.m2\repository\commons-logging\commons-logging\1.2\commons-logging-1.2.jar;C:\Users\CAM TRI\.m2\repository\commons-codec\commons-codec\1.17.2\commons-codec-1.17.2.jar;C:\Users\CAM TRI\.m2\repository\org\apache\httpcomponents\httpmime\4.4\httpmime-4.4.jar;C:\Users\CAM TRI\.m2\repository\io\jsonwebtoken\jjwt-api\0.12.6\jjwt-api-0.12.6.jar;C:\Users\CAM TRI\.m2\repository\io\jsonwebtoken\jjwt-impl\0.12.6\jjwt-impl-0.12.6.jar;C:\Users\CAM TRI\.m2\repository\io\jsonwebtoken\jjwt-jackson\0.12.6\jjwt-jackson-0.12.6.jar;C:\Users\CAM TRI\.m2\repository\com\fasterxml\jackson\core\jackson-databind\2.18.2\jackson-databind-2.18.2.jar;C:\Users\CAM TRI\.m2\repository\com\fasterxml\jackson\core\jackson-annotations\2.18.2\jackson-annotations-2.18.2.jar;C:\Users\CAM TRI\.m2\repository\com\fasterxml\jackson\core\jackson-core\2.18.2\jackson-core-2.18.2.jar;C:\Users\CAM TRI\.m2\repository\org\springframework\boot\spring-boot-starter-security\3.4.3\spring-boot-starter-security-3.4.3.jar;C:\Users\CAM TRI\.m2\repository\org\springframework\spring-aop\6.2.3\spring-aop-6.2.3.jar;C:\Users\CAM TRI\.m2\repository\org\springframework\security\spring-security-config\6.4.3\spring-security-config-6.4.3.jar;C:\Users\CAM TRI\.m2\repository\org\springframework\security\spring-security-core\6.4.3\spring-security-core-6.4.3.jar;C:\Users\CAM TRI\.m2\repository\org\springframework\security\spring-security-crypto\6.4.3\spring-security-crypto-6.4.3.jar;C:\Users\CAM TRI\.m2\repository\org\springframework\security\spring-security-web\6.4.3\spring-security-web-6.4.3.jar;C:\Users\CAM TRI\.m2\repository\org\springframework\boot\spring-boot-starter-websocket\3.4.3\spring-boot-starter-websocket-3.4.3.jar;C:\Users\CAM TRI\.m2\repository\org\springframework\spring-messaging\6.2.3\spring-messaging-6.2.3.jar;C:\Users\CAM TRI\.m2\repository\org\springframework\spring-websocket\6.2.3\spring-websocket-6.2.3.jar
Launcher Type: SUN_STANDARD

[Global flags]
     intx CICompilerCount                          = 4                                         {product} {ergonomic}
     uint ConcGCThreads                            = 2                                         {product} {ergonomic}
     uint G1ConcRefinementThreads                  = 8                                         {product} {ergonomic}
   size_t G1HeapRegionSize                         = 1048576                                   {product} {ergonomic}
    uintx GCDrainStackTargetSize                   = 64                                        {product} {ergonomic}
   size_t InitialHeapSize                          = 130023424                                 {product} {ergonomic}
   size_t MarkStackSize                            = 4194304                                   {product} {ergonomic}
   size_t MaxHeapSize                              = 2067791872                                {product} {ergonomic}
   size_t MaxNewSize                               = 1240465408                                {product} {ergonomic}
   size_t MinHeapDeltaBytes                        = 1048576                                   {product} {ergonomic}
   size_t MinHeapSize                              = 8388608                                   {product} {ergonomic}
    uintx NonNMethodCodeHeapSize                   = 5839372                                {pd product} {ergonomic}
    uintx NonProfiledCodeHeapSize                  = 122909434                              {pd product} {ergonomic}
    uintx ProfiledCodeHeapSize                     = 122909434                              {pd product} {ergonomic}
    uintx ReservedCodeCacheSize                    = 251658240                              {pd product} {ergonomic}
     bool SegmentedCodeCache                       = true                                      {product} {ergonomic}
     bool ShowCodeDetailsInExceptionMessages       = true                                   {manageable} {command line}
   size_t SoftMaxHeapSize                          = 2067791872                             {manageable} {ergonomic}
     bool UseCompressedOops                        = true                           {product lp64_product} {ergonomic}
     bool UseG1GC                                  = true                                      {product} {ergonomic}
     bool UseLargePagesIndividualAllocation        = false                                  {pd product} {ergonomic}

Logging:
Log output configuration:
 #0: stdout all=warning uptime,level,tags foldmultilines=false
 #1: stderr all=off uptime,level,tags foldmultilines=false

Environment Variables:
JAVA_HOME=C:\Program Files\Java\jdk-21
PATH=C:\Program Files\WindowsApps\Microsoft.PowerShell_7.5.1.0_x64__8wekyb3d8bbwe;C:\Program Files\Common Files\Oracle\Java\javapath;C:\WINDOWS\system32;C:\WINDOWS;C:\WINDOWS\System32\Wbem;C:\WINDOWS\System32\WindowsPowerShell\v1.0\;C:\WINDOWS\System32\OpenSSH\;C:\Program Files (x86)\Microsoft SQL Server\160\Tools\Binn\;C:\Program Files\Microsoft SQL Server\160\Tools\Binn\;C:\Program Files\Microsoft SQL Server\Client SDK\ODBC\170\Tools\Binn\;C:\Program Files\Microsoft SQL Server\160\DTS\Binn\;C:\Program Files\Azure Data Studio\bin;C:\Program Files (x86)\Dev-Cpp\MinGW64\bin;C:\Program Files\Java\jdk-21\bin;C:\Program Files (x86)\Microsoft SQL Server\160\DTS\Binn\;C:\Program Files\Git\cmd;C:\Program Files\nodejs\;C:\Program Files\Java\jdk-21\bin;C:\Program Files\dotnet\;C:\laragon\bin\php\php-8.1.10-Win32-vs16-x64;C:\ProgramData\ComposerSetup\bin;C:\Program Files\Apache\apache-maven-3.9.9\bin;C:\Users\CAM TRI\AppData\Local\Microsoft\WindowsApps;C:\Program Files\Azure Data Studio\bin;C:\Users\CAM TRI\AppData\Local\Programs\Microsoft VS Code\bin;C:\Users\CAM TRI\AppData\Local\GitHubDesktop\bin;C:\Users\CAM TRI\AppData\Roaming\npm;C:\Program Files\MySQL\MySQL Server 8.0\bin;C:\gradle\gradle-8.10.2\bin;C:\Users\CAM TRI\.dotnet\tools;C:\Program Files\dotnet;C:\laragon\bin\php\php-8.1.10-Win32-vs16-x64;C:\Users\CAM TRI\AppData\Roaming\Composer\vendor\bin;
USERNAME=CAM TRI
LANG=en_US.UTF-8
OS=Windows_NT
PROCESSOR_IDENTIFIER=Intel64 Family 6 Model 140 Stepping 1, GenuineIntel
TMP=C:\Users\CAMTRI~1\AppData\Local\Temp
TEMP=C:\Users\CAMTRI~1\AppData\Local\Temp




Periodic native trim disabled

---------------  S Y S T E M  ---------------

OS:
 Windows 11 , 64 bit Build 26100 (10.0.26100.3775)
OS uptime: 16 days 0:03 hours

CPU: total 8 (initial active 8) (4 cores per cpu, 2 threads per core) family 6 model 140 stepping 1 microcode 0x9a, cx8, cmov, fxsr, ht, mmx, 3dnowpref, sse, sse2, sse3, ssse3, sse4.1, sse4.2, popcnt, lzcnt, tsc, tscinvbit, avx, avx2, aes, erms, clmul, bmi1, bmi2, adx, avx512f, avx512dq, avx512cd, avx512bw, avx512vl, sha, fma, vzeroupper, avx512_vpopcntdq, avx512_vpclmulqdq, avx512_vaes, avx512_vnni, clflush, clflushopt, clwb, avx512_vbmi2, avx512_vbmi, rdtscp, rdpid, fsrm, gfni, avx512_bitalg, f16c, pku, cet_ibt, cet_ss, avx512_ifma
Processor Information for all 8 processors :
  Max Mhz: 2803, Current Mhz: 2803, Mhz Limit: 2803

Memory: 4k page, system-wide physical 7886M (188M free)
TotalPageFile size 32462M (AvailPageFile size 82M)
current process WorkingSet (physical memory assigned to process): 238M, peak: 373M
current process commit charge ("private bytes"): 496M, peak: 505M

vm_info: Java HotSpot(TM) 64-Bit Server VM (21.0.5+9-LTS-239) for windows-amd64 JRE (21.0.5+9-LTS-239), built on 2024-09-30T05:17:38Z by "mach5one" with MS VC++ 17.6 (VS2022)

END.
